2026-02-09 14:19:26.678 +03:00 [INF] Executed DbCommand (7ms) [Parameters=[], CommandType='"Text"', CommandTimeout='30']
SELECT 1
2026-02-09 14:19:26.715 +03:00 [INF] Executed DbCommand (6ms) [Parameters=[], CommandType='"Text"', CommandTimeout='30']
SELECT OBJECT_ID(N'[__EFMigrationsHistory]');
2026-02-09 14:19:26.720 +03:00 [INF] Executed DbCommand (1ms) [Parameters=[], CommandType='"Text"', CommandTimeout='30']
SELECT 1
2026-02-09 14:19:26.724 +03:00 [INF] Executed DbCommand (0ms) [Parameters=[], CommandType='"Text"', CommandTimeout='30']
SELECT OBJECT_ID(N'[__EFMigrationsHistory]');
2026-02-09 14:19:26.742 +03:00 [INF] Executed DbCommand (8ms) [Parameters=[], CommandType='"Text"', CommandTimeout='30']
SELECT [MigrationId], [ProductVersion]
FROM [__EFMigrationsHistory]
ORDER BY [MigrationId];
2026-02-09 14:19:26.762 +03:00 [INF] Applying migration '20260209111557_AddFinancialReportTags'.
2026-02-09 14:19:26.802 +03:00 [INF] Executed DbCommand (6ms) [Parameters=[], CommandType='"Text"', CommandTimeout='30']
CREATE TABLE [FinancialReportTags] (
    [FinancialReportId] uniqueidentifier NOT NULL,
    [TagId] int NOT NULL,
    CONSTRAINT [PK_FinancialReportTags] PRIMARY KEY ([FinancialReportId], [TagId]),
    CONSTRAINT [FK_FinancialReportTags_FinancialReports_FinancialReportId] FOREIGN KEY ([FinancialReportId]) REFERENCES [FinancialReports] ([Id]) ON DELETE CASCADE,
    CONSTRAINT [FK_FinancialReportTags_Tags_TagId] FOREIGN KEY ([TagId]) REFERENCES [Tags] ([Id]) ON DELETE CASCADE
);
2026-02-09 14:19:26.808 +03:00 [INF] Executed DbCommand (1ms) [Parameters=[], CommandType='"Text"', CommandTimeout='30']
CREATE INDEX [IX_FinancialReportTags_TagId] ON [FinancialReportTags] ([TagId]);
2026-02-09 14:19:26.813 +03:00 [INF] Executed DbCommand (1ms) [Parameters=[], CommandType='"Text"', CommandTimeout='30']
INSERT INTO [__EFMigrationsHistory] ([MigrationId], [ProductVersion])
VALUES (N'20260209111557_AddFinancialReportTags', N'8.0.11');
2026-02-09 14:19:26.819 +03:00 [INF] Database migration completed successfully
2026-02-09 14:19:26.822 +03:00 [INF] Market Intelligence API starting...
2026-02-09 14:19:26.842 +03:00 [INF] Now listening on: http://localhost:5021
2026-02-09 14:19:26.845 +03:00 [INF] Application started. Press Ctrl+C to shut down.
2026-02-09 14:19:26.846 +03:00 [INF] Hosting environment: Development
2026-02-09 14:19:26.848 +03:00 [INF] Content root path: D:\Storage Market Intel\Alfanar.MarketIntel\Alfanar.MarketIntel.Api
2026-02-09 14:19:37.396 +03:00 [INF] Request starting HTTP/1.1 OPTIONS http://localhost:5021/notifications-hub/negotiate?negotiateVersion=1 - null null
2026-02-09 14:19:37.402 +03:00 [INF] Request starting HTTP/1.1 GET http://localhost:5021/api/technology-intelligence/summary?keywords=STATCOM&sourceTypes=news&sourceTypes=reports - null null
2026-02-09 14:19:37.435 +03:00 [WRN] Failed to determine the https port for redirect.
2026-02-09 14:19:37.441 +03:00 [INF] CORS policy execution successful.
2026-02-09 14:19:37.441 +03:00 [INF] CORS policy execution successful.
2026-02-09 14:19:37.451 +03:00 [INF] HTTP OPTIONS /notifications-hub/negotiate responded 204 in 20.8886 ms
2026-02-09 14:19:37.451 +03:00 [INF] Executing endpoint 'Alfanar.MarketIntel.Api.Controllers.TechnologyIntelligenceController.GetSummary (Alfanar.MarketIntel.Api)'
2026-02-09 14:19:37.460 +03:00 [INF] Request finished HTTP/1.1 OPTIONS http://localhost:5021/notifications-hub/negotiate?negotiateVersion=1 - 204 null null 65.5291ms
2026-02-09 14:19:37.462 +03:00 [INF] Request starting HTTP/1.1 POST http://localhost:5021/notifications-hub/negotiate?negotiateVersion=1 - null 0
2026-02-09 14:19:37.470 +03:00 [INF] Route matched with {action = "GetSummary", controller = "TechnologyIntelligence"}. Executing controller action with signature System.Threading.Tasks.Task`1[Microsoft.AspNetCore.Mvc.IActionResult] GetSummary(Alfanar.MarketIntel.Application.DTOs.TechnologyIntelligenceFilterDto) on controller Alfanar.MarketIntel.Api.Controllers.TechnologyIntelligenceController (Alfanar.MarketIntel.Api).
2026-02-09 14:19:37.474 +03:00 [INF] CORS policy execution successful.
2026-02-09 14:19:37.483 +03:00 [INF] Executing endpoint '/notifications-hub/negotiate'
2026-02-09 14:19:37.490 +03:00 [INF] Executed endpoint '/notifications-hub/negotiate'
2026-02-09 14:19:37.495 +03:00 [INF] HTTP POST /notifications-hub/negotiate responded 200 in 21.9103 ms
2026-02-09 14:19:37.497 +03:00 [INF] Request starting HTTP/1.1 GET http://localhost:5021/notifications-hub?id=8evKFiv2CrES26tYh4xtGw - null null
2026-02-09 14:19:37.503 +03:00 [INF] Request finished HTTP/1.1 POST http://localhost:5021/notifications-hub/negotiate?negotiateVersion=1 - 200 316 application/json 41.1196ms
2026-02-09 14:19:37.505 +03:00 [INF] CORS policy execution successful.
2026-02-09 14:19:37.514 +03:00 [INF] Executing endpoint '/notifications-hub'
2026-02-09 14:19:37.535 +03:00 [INF] Client connected: m1bpuQKaN5-qmJgykri6dw from ["Mozilla/5.0 (Windows NT 10.0; Win64; x64) AppleWebKit/537.36 (KHTML, like Gecko) Chrome/144.0.0.0 Safari/537.36 Edg/144.0.0.0"]
2026-02-09 14:19:37.694 +03:00 [INF] Executed DbCommand (21ms) [Parameters=[], CommandType='"Text"', CommandTimeout='30']
SELECT COUNT(*)
FROM [NewsArticles] AS [n]
WHERE EXISTS (
    SELECT 1
    FROM [NewsArticleTags] AS [n0]
    INNER JOIN [Tags] AS [t] ON [n0].[TagId] = [t].[Id]
    WHERE [n].[Id] = [n0].[NewsArticleId] AND [t].[NormalizedName] = N'STATCOM')
2026-02-09 14:19:37.717 +03:00 [INF] Executed DbCommand (3ms) [Parameters=[], CommandType='"Text"', CommandTimeout='30']
SELECT COUNT(*)
FROM [FinancialReports] AS [f]
WHERE EXISTS (
    SELECT 1
    FROM [FinancialReportTags] AS [f0]
    INNER JOIN [Tags] AS [t] ON [f0].[TagId] = [t].[Id]
    WHERE [f].[Id] = [f0].[FinancialReportId] AND [t].[NormalizedName] = N'STATCOM')
2026-02-09 14:19:37.748 +03:00 [INF] Executed DbCommand (8ms) [Parameters=[], CommandType='"Text"', CommandTimeout='30']
SELECT DISTINCT [n].[Region]
FROM [NewsArticles] AS [n]
WHERE EXISTS (
    SELECT 1
    FROM [NewsArticleTags] AS [n0]
    INNER JOIN [Tags] AS [t] ON [n0].[TagId] = [t].[Id]
    WHERE [n].[Id] = [n0].[NewsArticleId] AND [t].[NormalizedName] = N'STATCOM')
2026-02-09 14:19:37.767 +03:00 [INF] Executed DbCommand (7ms) [Parameters=[], CommandType='"Text"', CommandTimeout='30']
SELECT DISTINCT COALESCE([f].[Region], N'Global')
FROM [FinancialReports] AS [f]
WHERE EXISTS (
    SELECT 1
    FROM [FinancialReportTags] AS [f0]
    INNER JOIN [Tags] AS [t] ON [f0].[TagId] = [t].[Id]
    WHERE [f].[Id] = [f0].[FinancialReportId] AND [t].[NormalizedName] = N'STATCOM')
2026-02-09 14:19:37.799 +03:00 [INF] Executed DbCommand (5ms) [Parameters=[], CommandType='"Text"', CommandTimeout='30']
SELECT [t0].[Year], [t0].[Month], COUNT(*) AS [Count]
FROM (
    SELECT DATEPART(year, [n].[PublishedUtc]) AS [Year], DATEPART(month, [n].[PublishedUtc]) AS [Month]
    FROM [NewsArticles] AS [n]
    WHERE EXISTS (
        SELECT 1
        FROM [NewsArticleTags] AS [n0]
        INNER JOIN [Tags] AS [t] ON [n0].[TagId] = [t].[Id]
        WHERE [n].[Id] = [n0].[NewsArticleId] AND [t].[NormalizedName] = N'STATCOM')
) AS [t0]
GROUP BY [t0].[Year], [t0].[Month]
2026-02-09 14:19:37.814 +03:00 [INF] Executed DbCommand (4ms) [Parameters=[], CommandType='"Text"', CommandTimeout='30']
SELECT [t0].[Year], [t0].[Month], COUNT(*) AS [Count]
FROM (
    SELECT DATEPART(year, COALESCE([f].[PublishedDate], [f].[CreatedUtc])) AS [Year], DATEPART(month, COALESCE([f].[PublishedDate], [f].[CreatedUtc])) AS [Month]
    FROM [FinancialReports] AS [f]
    WHERE EXISTS (
        SELECT 1
        FROM [FinancialReportTags] AS [f0]
        INNER JOIN [Tags] AS [t] ON [f0].[TagId] = [t].[Id]
        WHERE [f].[Id] = [f0].[FinancialReportId] AND [t].[NormalizedName] = N'STATCOM')
) AS [t0]
GROUP BY [t0].[Year], [t0].[Month]
2026-02-09 14:19:37.839 +03:00 [INF] Executed DbCommand (11ms) [Parameters=[], CommandType='"Text"', CommandTimeout='30']
SELECT [t0].[Key] AS [Region], COUNT(*) AS [Count]
FROM (
    SELECT COALESCE([n].[Region], N'Global') AS [Key]
    FROM [NewsArticles] AS [n]
    WHERE EXISTS (
        SELECT 1
        FROM [NewsArticleTags] AS [n0]
        INNER JOIN [Tags] AS [t] ON [n0].[TagId] = [t].[Id]
        WHERE [n].[Id] = [n0].[NewsArticleId] AND [t].[NormalizedName] = N'STATCOM')
) AS [t0]
GROUP BY [t0].[Key]
2026-02-09 14:19:37.859 +03:00 [INF] Executed DbCommand (6ms) [Parameters=[], CommandType='"Text"', CommandTimeout='30']
SELECT [t0].[Key] AS [Region], COUNT(*) AS [Count]
FROM (
    SELECT COALESCE([f].[Region], N'Global') AS [Key]
    FROM [FinancialReports] AS [f]
    WHERE EXISTS (
        SELECT 1
        FROM [FinancialReportTags] AS [f0]
        INNER JOIN [Tags] AS [t] ON [f0].[TagId] = [t].[Id]
        WHERE [f].[Id] = [f0].[FinancialReportId] AND [t].[NormalizedName] = N'STATCOM')
) AS [t0]
GROUP BY [t0].[Key]
2026-02-09 14:19:37.899 +03:00 [INF] Executed DbCommand (15ms) [Parameters=[@__p_1='?' (DbType = Int32)], CommandType='"Text"', CommandTimeout='30']
SELECT TOP(@__p_1) [n].[Source] AS [Name], N'news' AS [SourceType], COUNT(*) AS [Mentions]
FROM [NewsArticles] AS [n]
WHERE EXISTS (
    SELECT 1
    FROM [NewsArticleTags] AS [n0]
    INNER JOIN [Tags] AS [t] ON [n0].[TagId] = [t].[Id]
    WHERE [n].[Id] = [n0].[NewsArticleId] AND [t].[NormalizedName] = N'STATCOM')
GROUP BY [n].[Source]
ORDER BY COUNT(*) DESC
2026-02-09 14:19:37.923 +03:00 [INF] Executed DbCommand (11ms) [Parameters=[@__p_1='?' (DbType = Int32)], CommandType='"Text"', CommandTimeout='30']
SELECT TOP(@__p_1) [f].[CompanyName] AS [Name], N'reports' AS [SourceType], COUNT(*) AS [Mentions]
FROM [FinancialReports] AS [f]
WHERE EXISTS (
    SELECT 1
    FROM [FinancialReportTags] AS [f0]
    INNER JOIN [Tags] AS [t] ON [f0].[TagId] = [t].[Id]
    WHERE [f].[Id] = [f0].[FinancialReportId] AND [t].[NormalizedName] = N'STATCOM')
GROUP BY [f].[CompanyName]
ORDER BY COUNT(*) DESC
2026-02-09 14:19:37.935 +03:00 [INF] Executing OkObjectResult, writing value of type 'Alfanar.MarketIntel.Application.DTOs.TechnologyIntelligenceSummaryDto'.
2026-02-09 14:19:37.960 +03:00 [INF] Executed action Alfanar.MarketIntel.Api.Controllers.TechnologyIntelligenceController.GetSummary (Alfanar.MarketIntel.Api) in 475.6649ms
2026-02-09 14:19:37.969 +03:00 [INF] Executed endpoint 'Alfanar.MarketIntel.Api.Controllers.TechnologyIntelligenceController.GetSummary (Alfanar.MarketIntel.Api)'
2026-02-09 14:19:37.975 +03:00 [INF] HTTP GET /api/technology-intelligence/summary responded 200 in 546.7916 ms
2026-02-09 14:19:37.982 +03:00 [INF] Request finished HTTP/1.1 GET http://localhost:5021/api/technology-intelligence/summary?keywords=STATCOM&sourceTypes=news&sourceTypes=reports - 200 null application/json; charset=utf-8 580.2309ms
2026-02-09 14:19:52.296 +03:00 [INF] Request starting HTTP/1.1 GET http://localhost:5021/api/technology-intelligence/summary?keywords=STATCOM&sourceTypes=news&sourceTypes=reports&fromDate=2026-01-01&toDate=2026-02-09 - null null
2026-02-09 14:19:52.302 +03:00 [INF] CORS policy execution successful.
2026-02-09 14:19:52.308 +03:00 [INF] Executing endpoint 'Alfanar.MarketIntel.Api.Controllers.TechnologyIntelligenceController.GetSummary (Alfanar.MarketIntel.Api)'
2026-02-09 14:19:52.314 +03:00 [INF] Route matched with {action = "GetSummary", controller = "TechnologyIntelligence"}. Executing controller action with signature System.Threading.Tasks.Task`1[Microsoft.AspNetCore.Mvc.IActionResult] GetSummary(Alfanar.MarketIntel.Application.DTOs.TechnologyIntelligenceFilterDto) on controller Alfanar.MarketIntel.Api.Controllers.TechnologyIntelligenceController (Alfanar.MarketIntel.Api).
2026-02-09 14:19:52.368 +03:00 [INF] Executed DbCommand (7ms) [Parameters=[@__filter_FromDate_Value_0='?' (DbType = DateTime2), @__filter_ToDate_Value_1='?' (DbType = DateTime2)], CommandType='"Text"', CommandTimeout='30']
SELECT COUNT(*)
FROM [NewsArticles] AS [n]
WHERE [n].[PublishedUtc] >= @__filter_FromDate_Value_0 AND [n].[PublishedUtc] <= @__filter_ToDate_Value_1 AND EXISTS (
    SELECT 1
    FROM [NewsArticleTags] AS [n0]
    INNER JOIN [Tags] AS [t] ON [n0].[TagId] = [t].[Id]
    WHERE [n].[Id] = [n0].[NewsArticleId] AND [t].[NormalizedName] = N'STATCOM')
2026-02-09 14:19:52.385 +03:00 [INF] Executed DbCommand (6ms) [Parameters=[@__filter_FromDate_Value_0='?' (DbType = DateTime2), @__filter_ToDate_Value_1='?' (DbType = DateTime2)], CommandType='"Text"', CommandTimeout='30']
SELECT COUNT(*)
FROM [FinancialReports] AS [f]
WHERE COALESCE([f].[PublishedDate], [f].[CreatedUtc]) >= @__filter_FromDate_Value_0 AND COALESCE([f].[PublishedDate], [f].[CreatedUtc]) <= @__filter_ToDate_Value_1 AND EXISTS (
    SELECT 1
    FROM [FinancialReportTags] AS [f0]
    INNER JOIN [Tags] AS [t] ON [f0].[TagId] = [t].[Id]
    WHERE [f].[Id] = [f0].[FinancialReportId] AND [t].[NormalizedName] = N'STATCOM')
2026-02-09 14:19:52.404 +03:00 [INF] Executed DbCommand (8ms) [Parameters=[@__filter_FromDate_Value_0='?' (DbType = DateTime2), @__filter_ToDate_Value_1='?' (DbType = DateTime2)], CommandType='"Text"', CommandTimeout='30']
SELECT DISTINCT [n].[Region]
FROM [NewsArticles] AS [n]
WHERE [n].[PublishedUtc] >= @__filter_FromDate_Value_0 AND [n].[PublishedUtc] <= @__filter_ToDate_Value_1 AND EXISTS (
    SELECT 1
    FROM [NewsArticleTags] AS [n0]
    INNER JOIN [Tags] AS [t] ON [n0].[TagId] = [t].[Id]
    WHERE [n].[Id] = [n0].[NewsArticleId] AND [t].[NormalizedName] = N'STATCOM')
2026-02-09 14:19:52.422 +03:00 [INF] Executed DbCommand (5ms) [Parameters=[@__filter_FromDate_Value_0='?' (DbType = DateTime2), @__filter_ToDate_Value_1='?' (DbType = DateTime2)], CommandType='"Text"', CommandTimeout='30']
SELECT DISTINCT COALESCE([f].[Region], N'Global')
FROM [FinancialReports] AS [f]
WHERE COALESCE([f].[PublishedDate], [f].[CreatedUtc]) >= @__filter_FromDate_Value_0 AND COALESCE([f].[PublishedDate], [f].[CreatedUtc]) <= @__filter_ToDate_Value_1 AND EXISTS (
    SELECT 1
    FROM [FinancialReportTags] AS [f0]
    INNER JOIN [Tags] AS [t] ON [f0].[TagId] = [t].[Id]
    WHERE [f].[Id] = [f0].[FinancialReportId] AND [t].[NormalizedName] = N'STATCOM')
2026-02-09 14:19:52.444 +03:00 [INF] Executed DbCommand (8ms) [Parameters=[@__filter_FromDate_Value_0='?' (DbType = DateTime2), @__filter_ToDate_Value_1='?' (DbType = DateTime2)], CommandType='"Text"', CommandTimeout='30']
SELECT [t0].[Year], [t0].[Month], COUNT(*) AS [Count]
FROM (
    SELECT DATEPART(year, [n].[PublishedUtc]) AS [Year], DATEPART(month, [n].[PublishedUtc]) AS [Month]
    FROM [NewsArticles] AS [n]
    WHERE [n].[PublishedUtc] >= @__filter_FromDate_Value_0 AND [n].[PublishedUtc] <= @__filter_ToDate_Value_1 AND EXISTS (
        SELECT 1
        FROM [NewsArticleTags] AS [n0]
        INNER JOIN [Tags] AS [t] ON [n0].[TagId] = [t].[Id]
        WHERE [n].[Id] = [n0].[NewsArticleId] AND [t].[NormalizedName] = N'STATCOM')
) AS [t0]
GROUP BY [t0].[Year], [t0].[Month]
2026-02-09 14:19:52.464 +03:00 [INF] Executed DbCommand (6ms) [Parameters=[@__filter_FromDate_Value_0='?' (DbType = DateTime2), @__filter_ToDate_Value_1='?' (DbType = DateTime2)], CommandType='"Text"', CommandTimeout='30']
SELECT [t0].[Year], [t0].[Month], COUNT(*) AS [Count]
FROM (
    SELECT DATEPART(year, COALESCE([f].[PublishedDate], [f].[CreatedUtc])) AS [Year], DATEPART(month, COALESCE([f].[PublishedDate], [f].[CreatedUtc])) AS [Month]
    FROM [FinancialReports] AS [f]
    WHERE COALESCE([f].[PublishedDate], [f].[CreatedUtc]) >= @__filter_FromDate_Value_0 AND COALESCE([f].[PublishedDate], [f].[CreatedUtc]) <= @__filter_ToDate_Value_1 AND EXISTS (
        SELECT 1
        FROM [FinancialReportTags] AS [f0]
        INNER JOIN [Tags] AS [t] ON [f0].[TagId] = [t].[Id]
        WHERE [f].[Id] = [f0].[FinancialReportId] AND [t].[NormalizedName] = N'STATCOM')
) AS [t0]
GROUP BY [t0].[Year], [t0].[Month]
2026-02-09 14:19:52.488 +03:00 [INF] Executed DbCommand (8ms) [Parameters=[@__filter_FromDate_Value_0='?' (DbType = DateTime2), @__filter_ToDate_Value_1='?' (DbType = DateTime2)], CommandType='"Text"', CommandTimeout='30']
SELECT [t0].[Key] AS [Region], COUNT(*) AS [Count]
FROM (
    SELECT COALESCE([n].[Region], N'Global') AS [Key]
    FROM [NewsArticles] AS [n]
    WHERE [n].[PublishedUtc] >= @__filter_FromDate_Value_0 AND [n].[PublishedUtc] <= @__filter_ToDate_Value_1 AND EXISTS (
        SELECT 1
        FROM [NewsArticleTags] AS [n0]
        INNER JOIN [Tags] AS [t] ON [n0].[TagId] = [t].[Id]
        WHERE [n].[Id] = [n0].[NewsArticleId] AND [t].[NormalizedName] = N'STATCOM')
) AS [t0]
GROUP BY [t0].[Key]
2026-02-09 14:19:52.503 +03:00 [INF] Executed DbCommand (5ms) [Parameters=[@__filter_FromDate_Value_0='?' (DbType = DateTime2), @__filter_ToDate_Value_1='?' (DbType = DateTime2)], CommandType='"Text"', CommandTimeout='30']
SELECT [t0].[Key] AS [Region], COUNT(*) AS [Count]
FROM (
    SELECT COALESCE([f].[Region], N'Global') AS [Key]
    FROM [FinancialReports] AS [f]
    WHERE COALESCE([f].[PublishedDate], [f].[CreatedUtc]) >= @__filter_FromDate_Value_0 AND COALESCE([f].[PublishedDate], [f].[CreatedUtc]) <= @__filter_ToDate_Value_1 AND EXISTS (
        SELECT 1
        FROM [FinancialReportTags] AS [f0]
        INNER JOIN [Tags] AS [t] ON [f0].[TagId] = [t].[Id]
        WHERE [f].[Id] = [f0].[FinancialReportId] AND [t].[NormalizedName] = N'STATCOM')
) AS [t0]
GROUP BY [t0].[Key]
2026-02-09 14:19:52.521 +03:00 [INF] Executed DbCommand (7ms) [Parameters=[@__p_3='?' (DbType = Int32), @__filter_FromDate_Value_0='?' (DbType = DateTime2), @__filter_ToDate_Value_1='?' (DbType = DateTime2)], CommandType='"Text"', CommandTimeout='30']
SELECT TOP(@__p_3) [n].[Source] AS [Name], N'news' AS [SourceType], COUNT(*) AS [Mentions]
FROM [NewsArticles] AS [n]
WHERE [n].[PublishedUtc] >= @__filter_FromDate_Value_0 AND [n].[PublishedUtc] <= @__filter_ToDate_Value_1 AND EXISTS (
    SELECT 1
    FROM [NewsArticleTags] AS [n0]
    INNER JOIN [Tags] AS [t] ON [n0].[TagId] = [t].[Id]
    WHERE [n].[Id] = [n0].[NewsArticleId] AND [t].[NormalizedName] = N'STATCOM')
GROUP BY [n].[Source]
ORDER BY COUNT(*) DESC
2026-02-09 14:19:52.537 +03:00 [INF] Executed DbCommand (7ms) [Parameters=[@__p_3='?' (DbType = Int32), @__filter_FromDate_Value_0='?' (DbType = DateTime2), @__filter_ToDate_Value_1='?' (DbType = DateTime2)], CommandType='"Text"', CommandTimeout='30']
SELECT TOP(@__p_3) [f].[CompanyName] AS [Name], N'reports' AS [SourceType], COUNT(*) AS [Mentions]
FROM [FinancialReports] AS [f]
WHERE COALESCE([f].[PublishedDate], [f].[CreatedUtc]) >= @__filter_FromDate_Value_0 AND COALESCE([f].[PublishedDate], [f].[CreatedUtc]) <= @__filter_ToDate_Value_1 AND EXISTS (
    SELECT 1
    FROM [FinancialReportTags] AS [f0]
    INNER JOIN [Tags] AS [t] ON [f0].[TagId] = [t].[Id]
    WHERE [f].[Id] = [f0].[FinancialReportId] AND [t].[NormalizedName] = N'STATCOM')
GROUP BY [f].[CompanyName]
ORDER BY COUNT(*) DESC
2026-02-09 14:19:52.544 +03:00 [INF] Executing OkObjectResult, writing value of type 'Alfanar.MarketIntel.Application.DTOs.TechnologyIntelligenceSummaryDto'.
2026-02-09 14:19:52.548 +03:00 [INF] Executed action Alfanar.MarketIntel.Api.Controllers.TechnologyIntelligenceController.GetSummary (Alfanar.MarketIntel.Api) in 226.3114ms
2026-02-09 14:19:52.551 +03:00 [INF] Executed endpoint 'Alfanar.MarketIntel.Api.Controllers.TechnologyIntelligenceController.GetSummary (Alfanar.MarketIntel.Api)'
2026-02-09 14:19:52.554 +03:00 [INF] HTTP GET /api/technology-intelligence/summary responded 200 in 252.3865 ms
2026-02-09 14:19:52.557 +03:00 [INF] Request finished HTTP/1.1 GET http://localhost:5021/api/technology-intelligence/summary?keywords=STATCOM&sourceTypes=news&sourceTypes=reports&fromDate=2026-01-01&toDate=2026-02-09 - 200 null application/json; charset=utf-8 260.8154ms
2026-02-09 14:20:34.730 +03:00 [INF] Request starting HTTP/1.1 GET http://localhost:5021/api/technology-intelligence/summary?keywords=STATCOM&sourceTypes=news&fromDate=2025-12-01&toDate=2026-02-09 - null null
2026-02-09 14:20:34.743 +03:00 [INF] CORS policy execution successful.
2026-02-09 14:20:34.746 +03:00 [INF] Executing endpoint 'Alfanar.MarketIntel.Api.Controllers.TechnologyIntelligenceController.GetSummary (Alfanar.MarketIntel.Api)'
2026-02-09 14:20:34.750 +03:00 [INF] Route matched with {action = "GetSummary", controller = "TechnologyIntelligence"}. Executing controller action with signature System.Threading.Tasks.Task`1[Microsoft.AspNetCore.Mvc.IActionResult] GetSummary(Alfanar.MarketIntel.Application.DTOs.TechnologyIntelligenceFilterDto) on controller Alfanar.MarketIntel.Api.Controllers.TechnologyIntelligenceController (Alfanar.MarketIntel.Api).
2026-02-09 14:20:34.761 +03:00 [INF] Executed DbCommand (1ms) [Parameters=[@__filter_FromDate_Value_0='?' (DbType = DateTime2), @__filter_ToDate_Value_1='?' (DbType = DateTime2)], CommandType='"Text"', CommandTimeout='30']
SELECT COUNT(*)
FROM [NewsArticles] AS [n]
WHERE [n].[PublishedUtc] >= @__filter_FromDate_Value_0 AND [n].[PublishedUtc] <= @__filter_ToDate_Value_1 AND EXISTS (
    SELECT 1
    FROM [NewsArticleTags] AS [n0]
    INNER JOIN [Tags] AS [t] ON [n0].[TagId] = [t].[Id]
    WHERE [n].[Id] = [n0].[NewsArticleId] AND [t].[NormalizedName] = N'STATCOM')
2026-02-09 14:20:34.767 +03:00 [INF] Executed DbCommand (0ms) [Parameters=[@__filter_FromDate_Value_0='?' (DbType = DateTime2), @__filter_ToDate_Value_1='?' (DbType = DateTime2)], CommandType='"Text"', CommandTimeout='30']
SELECT DISTINCT [n].[Region]
FROM [NewsArticles] AS [n]
WHERE [n].[PublishedUtc] >= @__filter_FromDate_Value_0 AND [n].[PublishedUtc] <= @__filter_ToDate_Value_1 AND EXISTS (
    SELECT 1
    FROM [NewsArticleTags] AS [n0]
    INNER JOIN [Tags] AS [t] ON [n0].[TagId] = [t].[Id]
    WHERE [n].[Id] = [n0].[NewsArticleId] AND [t].[NormalizedName] = N'STATCOM')
2026-02-09 14:20:34.773 +03:00 [INF] Executed DbCommand (0ms) [Parameters=[@__filter_FromDate_Value_0='?' (DbType = DateTime2), @__filter_ToDate_Value_1='?' (DbType = DateTime2)], CommandType='"Text"', CommandTimeout='30']
SELECT [t0].[Year], [t0].[Month], COUNT(*) AS [Count]
FROM (
    SELECT DATEPART(year, [n].[PublishedUtc]) AS [Year], DATEPART(month, [n].[PublishedUtc]) AS [Month]
    FROM [NewsArticles] AS [n]
    WHERE [n].[PublishedUtc] >= @__filter_FromDate_Value_0 AND [n].[PublishedUtc] <= @__filter_ToDate_Value_1 AND EXISTS (
        SELECT 1
        FROM [NewsArticleTags] AS [n0]
        INNER JOIN [Tags] AS [t] ON [n0].[TagId] = [t].[Id]
        WHERE [n].[Id] = [n0].[NewsArticleId] AND [t].[NormalizedName] = N'STATCOM')
) AS [t0]
GROUP BY [t0].[Year], [t0].[Month]
2026-02-09 14:20:34.781 +03:00 [INF] Executed DbCommand (0ms) [Parameters=[@__filter_FromDate_Value_0='?' (DbType = DateTime2), @__filter_ToDate_Value_1='?' (DbType = DateTime2)], CommandType='"Text"', CommandTimeout='30']
SELECT [t0].[Key] AS [Region], COUNT(*) AS [Count]
FROM (
    SELECT COALESCE([n].[Region], N'Global') AS [Key]
    FROM [NewsArticles] AS [n]
    WHERE [n].[PublishedUtc] >= @__filter_FromDate_Value_0 AND [n].[PublishedUtc] <= @__filter_ToDate_Value_1 AND EXISTS (
        SELECT 1
        FROM [NewsArticleTags] AS [n0]
        INNER JOIN [Tags] AS [t] ON [n0].[TagId] = [t].[Id]
        WHERE [n].[Id] = [n0].[NewsArticleId] AND [t].[NormalizedName] = N'STATCOM')
) AS [t0]
GROUP BY [t0].[Key]
2026-02-09 14:20:34.787 +03:00 [INF] Executed DbCommand (0ms) [Parameters=[@__p_3='?' (DbType = Int32), @__filter_FromDate_Value_0='?' (DbType = DateTime2), @__filter_ToDate_Value_1='?' (DbType = DateTime2)], CommandType='"Text"', CommandTimeout='30']
SELECT TOP(@__p_3) [n].[Source] AS [Name], N'news' AS [SourceType], COUNT(*) AS [Mentions]
FROM [NewsArticles] AS [n]
WHERE [n].[PublishedUtc] >= @__filter_FromDate_Value_0 AND [n].[PublishedUtc] <= @__filter_ToDate_Value_1 AND EXISTS (
    SELECT 1
    FROM [NewsArticleTags] AS [n0]
    INNER JOIN [Tags] AS [t] ON [n0].[TagId] = [t].[Id]
    WHERE [n].[Id] = [n0].[NewsArticleId] AND [t].[NormalizedName] = N'STATCOM')
GROUP BY [n].[Source]
ORDER BY COUNT(*) DESC
2026-02-09 14:20:34.793 +03:00 [INF] Executing OkObjectResult, writing value of type 'Alfanar.MarketIntel.Application.DTOs.TechnologyIntelligenceSummaryDto'.
2026-02-09 14:20:34.798 +03:00 [INF] Executed action Alfanar.MarketIntel.Api.Controllers.TechnologyIntelligenceController.GetSummary (Alfanar.MarketIntel.Api) in 41.8392ms
2026-02-09 14:20:34.802 +03:00 [INF] Executed endpoint 'Alfanar.MarketIntel.Api.Controllers.TechnologyIntelligenceController.GetSummary (Alfanar.MarketIntel.Api)'
2026-02-09 14:20:34.805 +03:00 [INF] HTTP GET /api/technology-intelligence/summary responded 200 in 62.1033 ms
2026-02-09 14:20:34.809 +03:00 [INF] Request finished HTTP/1.1 GET http://localhost:5021/api/technology-intelligence/summary?keywords=STATCOM&sourceTypes=news&fromDate=2025-12-01&toDate=2026-02-09 - 200 null application/json; charset=utf-8 78.6317ms
2026-02-09 14:20:37.070 +03:00 [INF] Request starting HTTP/1.1 GET http://localhost:5021/api/technology-intelligence/summary?keywords=STATCOM&sourceTypes=news&fromDate=2025-12-01&toDate=2026-02-09 - null null
2026-02-09 14:20:37.083 +03:00 [INF] CORS policy execution successful.
2026-02-09 14:20:37.089 +03:00 [INF] Executing endpoint 'Alfanar.MarketIntel.Api.Controllers.TechnologyIntelligenceController.GetSummary (Alfanar.MarketIntel.Api)'
2026-02-09 14:20:37.092 +03:00 [INF] Route matched with {action = "GetSummary", controller = "TechnologyIntelligence"}. Executing controller action with signature System.Threading.Tasks.Task`1[Microsoft.AspNetCore.Mvc.IActionResult] GetSummary(Alfanar.MarketIntel.Application.DTOs.TechnologyIntelligenceFilterDto) on controller Alfanar.MarketIntel.Api.Controllers.TechnologyIntelligenceController (Alfanar.MarketIntel.Api).
2026-02-09 14:20:37.102 +03:00 [INF] Executed DbCommand (1ms) [Parameters=[@__filter_FromDate_Value_0='?' (DbType = DateTime2), @__filter_ToDate_Value_1='?' (DbType = DateTime2)], CommandType='"Text"', CommandTimeout='30']
SELECT COUNT(*)
FROM [NewsArticles] AS [n]
WHERE [n].[PublishedUtc] >= @__filter_FromDate_Value_0 AND [n].[PublishedUtc] <= @__filter_ToDate_Value_1 AND EXISTS (
    SELECT 1
    FROM [NewsArticleTags] AS [n0]
    INNER JOIN [Tags] AS [t] ON [n0].[TagId] = [t].[Id]
    WHERE [n].[Id] = [n0].[NewsArticleId] AND [t].[NormalizedName] = N'STATCOM')
2026-02-09 14:20:37.108 +03:00 [INF] Executed DbCommand (0ms) [Parameters=[@__filter_FromDate_Value_0='?' (DbType = DateTime2), @__filter_ToDate_Value_1='?' (DbType = DateTime2)], CommandType='"Text"', CommandTimeout='30']
SELECT DISTINCT [n].[Region]
FROM [NewsArticles] AS [n]
WHERE [n].[PublishedUtc] >= @__filter_FromDate_Value_0 AND [n].[PublishedUtc] <= @__filter_ToDate_Value_1 AND EXISTS (
    SELECT 1
    FROM [NewsArticleTags] AS [n0]
    INNER JOIN [Tags] AS [t] ON [n0].[TagId] = [t].[Id]
    WHERE [n].[Id] = [n0].[NewsArticleId] AND [t].[NormalizedName] = N'STATCOM')
2026-02-09 14:20:37.115 +03:00 [INF] Executed DbCommand (0ms) [Parameters=[@__filter_FromDate_Value_0='?' (DbType = DateTime2), @__filter_ToDate_Value_1='?' (DbType = DateTime2)], CommandType='"Text"', CommandTimeout='30']
SELECT [t0].[Year], [t0].[Month], COUNT(*) AS [Count]
FROM (
    SELECT DATEPART(year, [n].[PublishedUtc]) AS [Year], DATEPART(month, [n].[PublishedUtc]) AS [Month]
    FROM [NewsArticles] AS [n]
    WHERE [n].[PublishedUtc] >= @__filter_FromDate_Value_0 AND [n].[PublishedUtc] <= @__filter_ToDate_Value_1 AND EXISTS (
        SELECT 1
        FROM [NewsArticleTags] AS [n0]
        INNER JOIN [Tags] AS [t] ON [n0].[TagId] = [t].[Id]
        WHERE [n].[Id] = [n0].[NewsArticleId] AND [t].[NormalizedName] = N'STATCOM')
) AS [t0]
GROUP BY [t0].[Year], [t0].[Month]
2026-02-09 14:20:37.121 +03:00 [INF] Executed DbCommand (0ms) [Parameters=[@__filter_FromDate_Value_0='?' (DbType = DateTime2), @__filter_ToDate_Value_1='?' (DbType = DateTime2)], CommandType='"Text"', CommandTimeout='30']
SELECT [t0].[Key] AS [Region], COUNT(*) AS [Count]
FROM (
    SELECT COALESCE([n].[Region], N'Global') AS [Key]
    FROM [NewsArticles] AS [n]
    WHERE [n].[PublishedUtc] >= @__filter_FromDate_Value_0 AND [n].[PublishedUtc] <= @__filter_ToDate_Value_1 AND EXISTS (
        SELECT 1
        FROM [NewsArticleTags] AS [n0]
        INNER JOIN [Tags] AS [t] ON [n0].[TagId] = [t].[Id]
        WHERE [n].[Id] = [n0].[NewsArticleId] AND [t].[NormalizedName] = N'STATCOM')
) AS [t0]
GROUP BY [t0].[Key]
2026-02-09 14:20:37.128 +03:00 [INF] Executed DbCommand (1ms) [Parameters=[@__p_3='?' (DbType = Int32), @__filter_FromDate_Value_0='?' (DbType = DateTime2), @__filter_ToDate_Value_1='?' (DbType = DateTime2)], CommandType='"Text"', CommandTimeout='30']
SELECT TOP(@__p_3) [n].[Source] AS [Name], N'news' AS [SourceType], COUNT(*) AS [Mentions]
FROM [NewsArticles] AS [n]
WHERE [n].[PublishedUtc] >= @__filter_FromDate_Value_0 AND [n].[PublishedUtc] <= @__filter_ToDate_Value_1 AND EXISTS (
    SELECT 1
    FROM [NewsArticleTags] AS [n0]
    INNER JOIN [Tags] AS [t] ON [n0].[TagId] = [t].[Id]
    WHERE [n].[Id] = [n0].[NewsArticleId] AND [t].[NormalizedName] = N'STATCOM')
GROUP BY [n].[Source]
ORDER BY COUNT(*) DESC
2026-02-09 14:20:37.136 +03:00 [INF] Executing OkObjectResult, writing value of type 'Alfanar.MarketIntel.Application.DTOs.TechnologyIntelligenceSummaryDto'.
2026-02-09 14:20:37.140 +03:00 [INF] Executed action Alfanar.MarketIntel.Api.Controllers.TechnologyIntelligenceController.GetSummary (Alfanar.MarketIntel.Api) in 40.2177ms
2026-02-09 14:20:37.144 +03:00 [INF] Executed endpoint 'Alfanar.MarketIntel.Api.Controllers.TechnologyIntelligenceController.GetSummary (Alfanar.MarketIntel.Api)'
2026-02-09 14:20:37.147 +03:00 [INF] HTTP GET /api/technology-intelligence/summary responded 200 in 64.3754 ms
2026-02-09 14:20:37.150 +03:00 [INF] Request finished HTTP/1.1 GET http://localhost:5021/api/technology-intelligence/summary?keywords=STATCOM&sourceTypes=news&fromDate=2025-12-01&toDate=2026-02-09 - 200 null application/json; charset=utf-8 79.9296ms
2026-02-09 14:20:37.238 +03:00 [INF] Request starting HTTP/1.1 GET http://localhost:5021/api/technology-intelligence/summary?keywords=STATCOM&sourceTypes=news&fromDate=2025-12-01&toDate=2026-02-09 - null null
2026-02-09 14:20:37.247 +03:00 [INF] CORS policy execution successful.
2026-02-09 14:20:37.250 +03:00 [INF] Executing endpoint 'Alfanar.MarketIntel.Api.Controllers.TechnologyIntelligenceController.GetSummary (Alfanar.MarketIntel.Api)'
2026-02-09 14:20:37.253 +03:00 [INF] Route matched with {action = "GetSummary", controller = "TechnologyIntelligence"}. Executing controller action with signature System.Threading.Tasks.Task`1[Microsoft.AspNetCore.Mvc.IActionResult] GetSummary(Alfanar.MarketIntel.Application.DTOs.TechnologyIntelligenceFilterDto) on controller Alfanar.MarketIntel.Api.Controllers.TechnologyIntelligenceController (Alfanar.MarketIntel.Api).
2026-02-09 14:20:37.261 +03:00 [INF] Executed DbCommand (0ms) [Parameters=[@__filter_FromDate_Value_0='?' (DbType = DateTime2), @__filter_ToDate_Value_1='?' (DbType = DateTime2)], CommandType='"Text"', CommandTimeout='30']
SELECT COUNT(*)
FROM [NewsArticles] AS [n]
WHERE [n].[PublishedUtc] >= @__filter_FromDate_Value_0 AND [n].[PublishedUtc] <= @__filter_ToDate_Value_1 AND EXISTS (
    SELECT 1
    FROM [NewsArticleTags] AS [n0]
    INNER JOIN [Tags] AS [t] ON [n0].[TagId] = [t].[Id]
    WHERE [n].[Id] = [n0].[NewsArticleId] AND [t].[NormalizedName] = N'STATCOM')
2026-02-09 14:20:37.267 +03:00 [INF] Executed DbCommand (0ms) [Parameters=[@__filter_FromDate_Value_0='?' (DbType = DateTime2), @__filter_ToDate_Value_1='?' (DbType = DateTime2)], CommandType='"Text"', CommandTimeout='30']
SELECT DISTINCT [n].[Region]
FROM [NewsArticles] AS [n]
WHERE [n].[PublishedUtc] >= @__filter_FromDate_Value_0 AND [n].[PublishedUtc] <= @__filter_ToDate_Value_1 AND EXISTS (
    SELECT 1
    FROM [NewsArticleTags] AS [n0]
    INNER JOIN [Tags] AS [t] ON [n0].[TagId] = [t].[Id]
    WHERE [n].[Id] = [n0].[NewsArticleId] AND [t].[NormalizedName] = N'STATCOM')
2026-02-09 14:20:37.274 +03:00 [INF] Executed DbCommand (0ms) [Parameters=[@__filter_FromDate_Value_0='?' (DbType = DateTime2), @__filter_ToDate_Value_1='?' (DbType = DateTime2)], CommandType='"Text"', CommandTimeout='30']
SELECT [t0].[Year], [t0].[Month], COUNT(*) AS [Count]
FROM (
    SELECT DATEPART(year, [n].[PublishedUtc]) AS [Year], DATEPART(month, [n].[PublishedUtc]) AS [Month]
    FROM [NewsArticles] AS [n]
    WHERE [n].[PublishedUtc] >= @__filter_FromDate_Value_0 AND [n].[PublishedUtc] <= @__filter_ToDate_Value_1 AND EXISTS (
        SELECT 1
        FROM [NewsArticleTags] AS [n0]
        INNER JOIN [Tags] AS [t] ON [n0].[TagId] = [t].[Id]
        WHERE [n].[Id] = [n0].[NewsArticleId] AND [t].[NormalizedName] = N'STATCOM')
) AS [t0]
GROUP BY [t0].[Year], [t0].[Month]
2026-02-09 14:20:37.280 +03:00 [INF] Executed DbCommand (0ms) [Parameters=[@__filter_FromDate_Value_0='?' (DbType = DateTime2), @__filter_ToDate_Value_1='?' (DbType = DateTime2)], CommandType='"Text"', CommandTimeout='30']
SELECT [t0].[Key] AS [Region], COUNT(*) AS [Count]
FROM (
    SELECT COALESCE([n].[Region], N'Global') AS [Key]
    FROM [NewsArticles] AS [n]
    WHERE [n].[PublishedUtc] >= @__filter_FromDate_Value_0 AND [n].[PublishedUtc] <= @__filter_ToDate_Value_1 AND EXISTS (
        SELECT 1
        FROM [NewsArticleTags] AS [n0]
        INNER JOIN [Tags] AS [t] ON [n0].[TagId] = [t].[Id]
        WHERE [n].[Id] = [n0].[NewsArticleId] AND [t].[NormalizedName] = N'STATCOM')
) AS [t0]
GROUP BY [t0].[Key]
2026-02-09 14:20:37.287 +03:00 [INF] Executed DbCommand (0ms) [Parameters=[@__p_3='?' (DbType = Int32), @__filter_FromDate_Value_0='?' (DbType = DateTime2), @__filter_ToDate_Value_1='?' (DbType = DateTime2)], CommandType='"Text"', CommandTimeout='30']
SELECT TOP(@__p_3) [n].[Source] AS [Name], N'news' AS [SourceType], COUNT(*) AS [Mentions]
FROM [NewsArticles] AS [n]
WHERE [n].[PublishedUtc] >= @__filter_FromDate_Value_0 AND [n].[PublishedUtc] <= @__filter_ToDate_Value_1 AND EXISTS (
    SELECT 1
    FROM [NewsArticleTags] AS [n0]
    INNER JOIN [Tags] AS [t] ON [n0].[TagId] = [t].[Id]
    WHERE [n].[Id] = [n0].[NewsArticleId] AND [t].[NormalizedName] = N'STATCOM')
GROUP BY [n].[Source]
ORDER BY COUNT(*) DESC
2026-02-09 14:20:37.293 +03:00 [INF] Executing OkObjectResult, writing value of type 'Alfanar.MarketIntel.Application.DTOs.TechnologyIntelligenceSummaryDto'.
2026-02-09 14:20:37.297 +03:00 [INF] Executed action Alfanar.MarketIntel.Api.Controllers.TechnologyIntelligenceController.GetSummary (Alfanar.MarketIntel.Api) in 37.763ms
2026-02-09 14:20:37.301 +03:00 [INF] Executed endpoint 'Alfanar.MarketIntel.Api.Controllers.TechnologyIntelligenceController.GetSummary (Alfanar.MarketIntel.Api)'
2026-02-09 14:20:37.304 +03:00 [INF] HTTP GET /api/technology-intelligence/summary responded 200 in 57.6803 ms
2026-02-09 14:20:37.307 +03:00 [INF] Request finished HTTP/1.1 GET http://localhost:5021/api/technology-intelligence/summary?keywords=STATCOM&sourceTypes=news&fromDate=2025-12-01&toDate=2026-02-09 - 200 null application/json; charset=utf-8 69.2939ms
2026-02-09 14:20:37.390 +03:00 [INF] Request starting HTTP/1.1 GET http://localhost:5021/api/technology-intelligence/summary?keywords=STATCOM&sourceTypes=news&fromDate=2025-12-01&toDate=2026-02-09 - null null
2026-02-09 14:20:37.395 +03:00 [INF] CORS policy execution successful.
2026-02-09 14:20:37.399 +03:00 [INF] Executing endpoint 'Alfanar.MarketIntel.Api.Controllers.TechnologyIntelligenceController.GetSummary (Alfanar.MarketIntel.Api)'
2026-02-09 14:20:37.402 +03:00 [INF] Route matched with {action = "GetSummary", controller = "TechnologyIntelligence"}. Executing controller action with signature System.Threading.Tasks.Task`1[Microsoft.AspNetCore.Mvc.IActionResult] GetSummary(Alfanar.MarketIntel.Application.DTOs.TechnologyIntelligenceFilterDto) on controller Alfanar.MarketIntel.Api.Controllers.TechnologyIntelligenceController (Alfanar.MarketIntel.Api).
2026-02-09 14:20:37.409 +03:00 [INF] Executed DbCommand (1ms) [Parameters=[@__filter_FromDate_Value_0='?' (DbType = DateTime2), @__filter_ToDate_Value_1='?' (DbType = DateTime2)], CommandType='"Text"', CommandTimeout='30']
SELECT COUNT(*)
FROM [NewsArticles] AS [n]
WHERE [n].[PublishedUtc] >= @__filter_FromDate_Value_0 AND [n].[PublishedUtc] <= @__filter_ToDate_Value_1 AND EXISTS (
    SELECT 1
    FROM [NewsArticleTags] AS [n0]
    INNER JOIN [Tags] AS [t] ON [n0].[TagId] = [t].[Id]
    WHERE [n].[Id] = [n0].[NewsArticleId] AND [t].[NormalizedName] = N'STATCOM')
2026-02-09 14:20:37.416 +03:00 [INF] Executed DbCommand (0ms) [Parameters=[@__filter_FromDate_Value_0='?' (DbType = DateTime2), @__filter_ToDate_Value_1='?' (DbType = DateTime2)], CommandType='"Text"', CommandTimeout='30']
SELECT DISTINCT [n].[Region]
FROM [NewsArticles] AS [n]
WHERE [n].[PublishedUtc] >= @__filter_FromDate_Value_0 AND [n].[PublishedUtc] <= @__filter_ToDate_Value_1 AND EXISTS (
    SELECT 1
    FROM [NewsArticleTags] AS [n0]
    INNER JOIN [Tags] AS [t] ON [n0].[TagId] = [t].[Id]
    WHERE [n].[Id] = [n0].[NewsArticleId] AND [t].[NormalizedName] = N'STATCOM')
2026-02-09 14:20:37.422 +03:00 [INF] Executed DbCommand (0ms) [Parameters=[@__filter_FromDate_Value_0='?' (DbType = DateTime2), @__filter_ToDate_Value_1='?' (DbType = DateTime2)], CommandType='"Text"', CommandTimeout='30']
SELECT [t0].[Year], [t0].[Month], COUNT(*) AS [Count]
FROM (
    SELECT DATEPART(year, [n].[PublishedUtc]) AS [Year], DATEPART(month, [n].[PublishedUtc]) AS [Month]
    FROM [NewsArticles] AS [n]
    WHERE [n].[PublishedUtc] >= @__filter_FromDate_Value_0 AND [n].[PublishedUtc] <= @__filter_ToDate_Value_1 AND EXISTS (
        SELECT 1
        FROM [NewsArticleTags] AS [n0]
        INNER JOIN [Tags] AS [t] ON [n0].[TagId] = [t].[Id]
        WHERE [n].[Id] = [n0].[NewsArticleId] AND [t].[NormalizedName] = N'STATCOM')
) AS [t0]
GROUP BY [t0].[Year], [t0].[Month]
2026-02-09 14:20:37.429 +03:00 [INF] Executed DbCommand (0ms) [Parameters=[@__filter_FromDate_Value_0='?' (DbType = DateTime2), @__filter_ToDate_Value_1='?' (DbType = DateTime2)], CommandType='"Text"', CommandTimeout='30']
SELECT [t0].[Key] AS [Region], COUNT(*) AS [Count]
FROM (
    SELECT COALESCE([n].[Region], N'Global') AS [Key]
    FROM [NewsArticles] AS [n]
    WHERE [n].[PublishedUtc] >= @__filter_FromDate_Value_0 AND [n].[PublishedUtc] <= @__filter_ToDate_Value_1 AND EXISTS (
        SELECT 1
        FROM [NewsArticleTags] AS [n0]
        INNER JOIN [Tags] AS [t] ON [n0].[TagId] = [t].[Id]
        WHERE [n].[Id] = [n0].[NewsArticleId] AND [t].[NormalizedName] = N'STATCOM')
) AS [t0]
GROUP BY [t0].[Key]
2026-02-09 14:20:37.435 +03:00 [INF] Executed DbCommand (0ms) [Parameters=[@__p_3='?' (DbType = Int32), @__filter_FromDate_Value_0='?' (DbType = DateTime2), @__filter_ToDate_Value_1='?' (DbType = DateTime2)], CommandType='"Text"', CommandTimeout='30']
SELECT TOP(@__p_3) [n].[Source] AS [Name], N'news' AS [SourceType], COUNT(*) AS [Mentions]
FROM [NewsArticles] AS [n]
WHERE [n].[PublishedUtc] >= @__filter_FromDate_Value_0 AND [n].[PublishedUtc] <= @__filter_ToDate_Value_1 AND EXISTS (
    SELECT 1
    FROM [NewsArticleTags] AS [n0]
    INNER JOIN [Tags] AS [t] ON [n0].[TagId] = [t].[Id]
    WHERE [n].[Id] = [n0].[NewsArticleId] AND [t].[NormalizedName] = N'STATCOM')
GROUP BY [n].[Source]
ORDER BY COUNT(*) DESC
2026-02-09 14:20:37.440 +03:00 [INF] Executing OkObjectResult, writing value of type 'Alfanar.MarketIntel.Application.DTOs.TechnologyIntelligenceSummaryDto'.
2026-02-09 14:20:37.445 +03:00 [INF] Executed action Alfanar.MarketIntel.Api.Controllers.TechnologyIntelligenceController.GetSummary (Alfanar.MarketIntel.Api) in 37.8197ms
2026-02-09 14:20:37.449 +03:00 [INF] Executed endpoint 'Alfanar.MarketIntel.Api.Controllers.TechnologyIntelligenceController.GetSummary (Alfanar.MarketIntel.Api)'
2026-02-09 14:20:37.452 +03:00 [INF] HTTP GET /api/technology-intelligence/summary responded 200 in 56.7128 ms
2026-02-09 14:20:37.455 +03:00 [INF] Request finished HTTP/1.1 GET http://localhost:5021/api/technology-intelligence/summary?keywords=STATCOM&sourceTypes=news&fromDate=2025-12-01&toDate=2026-02-09 - 200 null application/json; charset=utf-8 65.2952ms
2026-02-09 14:22:45.705 +03:00 [INF] Request starting HTTP/1.1 GET http://localhost:5021/api/technology-intelligence/summary?keywords=STATCOM&sourceTypes=news&fromDate=2025-12-01&toDate=2026-02-09 - null null
2026-02-09 14:22:45.714 +03:00 [INF] CORS policy execution successful.
2026-02-09 14:22:45.720 +03:00 [INF] Executing endpoint 'Alfanar.MarketIntel.Api.Controllers.TechnologyIntelligenceController.GetSummary (Alfanar.MarketIntel.Api)'
2026-02-09 14:22:45.725 +03:00 [INF] Route matched with {action = "GetSummary", controller = "TechnologyIntelligence"}. Executing controller action with signature System.Threading.Tasks.Task`1[Microsoft.AspNetCore.Mvc.IActionResult] GetSummary(Alfanar.MarketIntel.Application.DTOs.TechnologyIntelligenceFilterDto) on controller Alfanar.MarketIntel.Api.Controllers.TechnologyIntelligenceController (Alfanar.MarketIntel.Api).
2026-02-09 14:22:45.739 +03:00 [INF] Executed DbCommand (1ms) [Parameters=[@__filter_FromDate_Value_0='?' (DbType = DateTime2), @__filter_ToDate_Value_1='?' (DbType = DateTime2)], CommandType='"Text"', CommandTimeout='30']
SELECT COUNT(*)
FROM [NewsArticles] AS [n]
WHERE [n].[PublishedUtc] >= @__filter_FromDate_Value_0 AND [n].[PublishedUtc] <= @__filter_ToDate_Value_1 AND EXISTS (
    SELECT 1
    FROM [NewsArticleTags] AS [n0]
    INNER JOIN [Tags] AS [t] ON [n0].[TagId] = [t].[Id]
    WHERE [n].[Id] = [n0].[NewsArticleId] AND [t].[NormalizedName] = N'STATCOM')
2026-02-09 14:22:45.745 +03:00 [INF] Executed DbCommand (1ms) [Parameters=[@__filter_FromDate_Value_0='?' (DbType = DateTime2), @__filter_ToDate_Value_1='?' (DbType = DateTime2)], CommandType='"Text"', CommandTimeout='30']
SELECT DISTINCT [n].[Region]
FROM [NewsArticles] AS [n]
WHERE [n].[PublishedUtc] >= @__filter_FromDate_Value_0 AND [n].[PublishedUtc] <= @__filter_ToDate_Value_1 AND EXISTS (
    SELECT 1
    FROM [NewsArticleTags] AS [n0]
    INNER JOIN [Tags] AS [t] ON [n0].[TagId] = [t].[Id]
    WHERE [n].[Id] = [n0].[NewsArticleId] AND [t].[NormalizedName] = N'STATCOM')
2026-02-09 14:22:45.753 +03:00 [INF] Executed DbCommand (1ms) [Parameters=[@__filter_FromDate_Value_0='?' (DbType = DateTime2), @__filter_ToDate_Value_1='?' (DbType = DateTime2)], CommandType='"Text"', CommandTimeout='30']
SELECT [t0].[Year], [t0].[Month], COUNT(*) AS [Count]
FROM (
    SELECT DATEPART(year, [n].[PublishedUtc]) AS [Year], DATEPART(month, [n].[PublishedUtc]) AS [Month]
    FROM [NewsArticles] AS [n]
    WHERE [n].[PublishedUtc] >= @__filter_FromDate_Value_0 AND [n].[PublishedUtc] <= @__filter_ToDate_Value_1 AND EXISTS (
        SELECT 1
        FROM [NewsArticleTags] AS [n0]
        INNER JOIN [Tags] AS [t] ON [n0].[TagId] = [t].[Id]
        WHERE [n].[Id] = [n0].[NewsArticleId] AND [t].[NormalizedName] = N'STATCOM')
) AS [t0]
GROUP BY [t0].[Year], [t0].[Month]
2026-02-09 14:22:45.761 +03:00 [INF] Executed DbCommand (1ms) [Parameters=[@__filter_FromDate_Value_0='?' (DbType = DateTime2), @__filter_ToDate_Value_1='?' (DbType = DateTime2)], CommandType='"Text"', CommandTimeout='30']
SELECT [t0].[Key] AS [Region], COUNT(*) AS [Count]
FROM (
    SELECT COALESCE([n].[Region], N'Global') AS [Key]
    FROM [NewsArticles] AS [n]
    WHERE [n].[PublishedUtc] >= @__filter_FromDate_Value_0 AND [n].[PublishedUtc] <= @__filter_ToDate_Value_1 AND EXISTS (
        SELECT 1
        FROM [NewsArticleTags] AS [n0]
        INNER JOIN [Tags] AS [t] ON [n0].[TagId] = [t].[Id]
        WHERE [n].[Id] = [n0].[NewsArticleId] AND [t].[NormalizedName] = N'STATCOM')
) AS [t0]
GROUP BY [t0].[Key]
2026-02-09 14:22:45.768 +03:00 [INF] Executed DbCommand (1ms) [Parameters=[@__p_3='?' (DbType = Int32), @__filter_FromDate_Value_0='?' (DbType = DateTime2), @__filter_ToDate_Value_1='?' (DbType = DateTime2)], CommandType='"Text"', CommandTimeout='30']
SELECT TOP(@__p_3) [n].[Source] AS [Name], N'news' AS [SourceType], COUNT(*) AS [Mentions]
FROM [NewsArticles] AS [n]
WHERE [n].[PublishedUtc] >= @__filter_FromDate_Value_0 AND [n].[PublishedUtc] <= @__filter_ToDate_Value_1 AND EXISTS (
    SELECT 1
    FROM [NewsArticleTags] AS [n0]
    INNER JOIN [Tags] AS [t] ON [n0].[TagId] = [t].[Id]
    WHERE [n].[Id] = [n0].[NewsArticleId] AND [t].[NormalizedName] = N'STATCOM')
GROUP BY [n].[Source]
ORDER BY COUNT(*) DESC
2026-02-09 14:22:45.775 +03:00 [INF] Executing OkObjectResult, writing value of type 'Alfanar.MarketIntel.Application.DTOs.TechnologyIntelligenceSummaryDto'.
2026-02-09 14:22:45.779 +03:00 [INF] Executed action Alfanar.MarketIntel.Api.Controllers.TechnologyIntelligenceController.GetSummary (Alfanar.MarketIntel.Api) in 43.0536ms
2026-02-09 14:22:45.782 +03:00 [INF] Executed endpoint 'Alfanar.MarketIntel.Api.Controllers.TechnologyIntelligenceController.GetSummary (Alfanar.MarketIntel.Api)'
2026-02-09 14:22:45.786 +03:00 [INF] HTTP GET /api/technology-intelligence/summary responded 200 in 72.0604 ms
2026-02-09 14:22:45.789 +03:00 [INF] Request finished HTTP/1.1 GET http://localhost:5021/api/technology-intelligence/summary?keywords=STATCOM&sourceTypes=news&fromDate=2025-12-01&toDate=2026-02-09 - 200 null application/json; charset=utf-8 84.2387ms
2026-02-09 14:22:46.239 +03:00 [INF] Request starting HTTP/1.1 GET http://localhost:5021/api/technology-intelligence/summary?keywords=STATCOM&sourceTypes=news&fromDate=2025-12-01&toDate=2026-02-09 - null null
2026-02-09 14:22:46.252 +03:00 [INF] CORS policy execution successful.
2026-02-09 14:22:46.258 +03:00 [INF] Executing endpoint 'Alfanar.MarketIntel.Api.Controllers.TechnologyIntelligenceController.GetSummary (Alfanar.MarketIntel.Api)'
2026-02-09 14:22:46.263 +03:00 [INF] Route matched with {action = "GetSummary", controller = "TechnologyIntelligence"}. Executing controller action with signature System.Threading.Tasks.Task`1[Microsoft.AspNetCore.Mvc.IActionResult] GetSummary(Alfanar.MarketIntel.Application.DTOs.TechnologyIntelligenceFilterDto) on controller Alfanar.MarketIntel.Api.Controllers.TechnologyIntelligenceController (Alfanar.MarketIntel.Api).
2026-02-09 14:22:46.270 +03:00 [INF] Executed DbCommand (1ms) [Parameters=[@__filter_FromDate_Value_0='?' (DbType = DateTime2), @__filter_ToDate_Value_1='?' (DbType = DateTime2)], CommandType='"Text"', CommandTimeout='30']
SELECT COUNT(*)
FROM [NewsArticles] AS [n]
WHERE [n].[PublishedUtc] >= @__filter_FromDate_Value_0 AND [n].[PublishedUtc] <= @__filter_ToDate_Value_1 AND EXISTS (
    SELECT 1
    FROM [NewsArticleTags] AS [n0]
    INNER JOIN [Tags] AS [t] ON [n0].[TagId] = [t].[Id]
    WHERE [n].[Id] = [n0].[NewsArticleId] AND [t].[NormalizedName] = N'STATCOM')
2026-02-09 14:22:46.276 +03:00 [INF] Executed DbCommand (0ms) [Parameters=[@__filter_FromDate_Value_0='?' (DbType = DateTime2), @__filter_ToDate_Value_1='?' (DbType = DateTime2)], CommandType='"Text"', CommandTimeout='30']
SELECT DISTINCT [n].[Region]
FROM [NewsArticles] AS [n]
WHERE [n].[PublishedUtc] >= @__filter_FromDate_Value_0 AND [n].[PublishedUtc] <= @__filter_ToDate_Value_1 AND EXISTS (
    SELECT 1
    FROM [NewsArticleTags] AS [n0]
    INNER JOIN [Tags] AS [t] ON [n0].[TagId] = [t].[Id]
    WHERE [n].[Id] = [n0].[NewsArticleId] AND [t].[NormalizedName] = N'STATCOM')
2026-02-09 14:22:46.282 +03:00 [INF] Executed DbCommand (0ms) [Parameters=[@__filter_FromDate_Value_0='?' (DbType = DateTime2), @__filter_ToDate_Value_1='?' (DbType = DateTime2)], CommandType='"Text"', CommandTimeout='30']
SELECT [t0].[Year], [t0].[Month], COUNT(*) AS [Count]
FROM (
    SELECT DATEPART(year, [n].[PublishedUtc]) AS [Year], DATEPART(month, [n].[PublishedUtc]) AS [Month]
    FROM [NewsArticles] AS [n]
    WHERE [n].[PublishedUtc] >= @__filter_FromDate_Value_0 AND [n].[PublishedUtc] <= @__filter_ToDate_Value_1 AND EXISTS (
        SELECT 1
        FROM [NewsArticleTags] AS [n0]
        INNER JOIN [Tags] AS [t] ON [n0].[TagId] = [t].[Id]
        WHERE [n].[Id] = [n0].[NewsArticleId] AND [t].[NormalizedName] = N'STATCOM')
) AS [t0]
GROUP BY [t0].[Year], [t0].[Month]
2026-02-09 14:22:46.289 +03:00 [INF] Executed DbCommand (0ms) [Parameters=[@__filter_FromDate_Value_0='?' (DbType = DateTime2), @__filter_ToDate_Value_1='?' (DbType = DateTime2)], CommandType='"Text"', CommandTimeout='30']
SELECT [t0].[Key] AS [Region], COUNT(*) AS [Count]
FROM (
    SELECT COALESCE([n].[Region], N'Global') AS [Key]
    FROM [NewsArticles] AS [n]
    WHERE [n].[PublishedUtc] >= @__filter_FromDate_Value_0 AND [n].[PublishedUtc] <= @__filter_ToDate_Value_1 AND EXISTS (
        SELECT 1
        FROM [NewsArticleTags] AS [n0]
        INNER JOIN [Tags] AS [t] ON [n0].[TagId] = [t].[Id]
        WHERE [n].[Id] = [n0].[NewsArticleId] AND [t].[NormalizedName] = N'STATCOM')
) AS [t0]
GROUP BY [t0].[Key]
2026-02-09 14:22:46.297 +03:00 [INF] Executed DbCommand (0ms) [Parameters=[@__p_3='?' (DbType = Int32), @__filter_FromDate_Value_0='?' (DbType = DateTime2), @__filter_ToDate_Value_1='?' (DbType = DateTime2)], CommandType='"Text"', CommandTimeout='30']
SELECT TOP(@__p_3) [n].[Source] AS [Name], N'news' AS [SourceType], COUNT(*) AS [Mentions]
FROM [NewsArticles] AS [n]
WHERE [n].[PublishedUtc] >= @__filter_FromDate_Value_0 AND [n].[PublishedUtc] <= @__filter_ToDate_Value_1 AND EXISTS (
    SELECT 1
    FROM [NewsArticleTags] AS [n0]
    INNER JOIN [Tags] AS [t] ON [n0].[TagId] = [t].[Id]
    WHERE [n].[Id] = [n0].[NewsArticleId] AND [t].[NormalizedName] = N'STATCOM')
GROUP BY [n].[Source]
ORDER BY COUNT(*) DESC
2026-02-09 14:22:46.304 +03:00 [INF] Executing OkObjectResult, writing value of type 'Alfanar.MarketIntel.Application.DTOs.TechnologyIntelligenceSummaryDto'.
2026-02-09 14:22:46.309 +03:00 [INF] Executed action Alfanar.MarketIntel.Api.Controllers.TechnologyIntelligenceController.GetSummary (Alfanar.MarketIntel.Api) in 41.9873ms
2026-02-09 14:22:46.314 +03:00 [INF] Executed endpoint 'Alfanar.MarketIntel.Api.Controllers.TechnologyIntelligenceController.GetSummary (Alfanar.MarketIntel.Api)'
2026-02-09 14:22:46.318 +03:00 [INF] HTTP GET /api/technology-intelligence/summary responded 200 in 66.6846 ms
2026-02-09 14:22:46.322 +03:00 [INF] Request finished HTTP/1.1 GET http://localhost:5021/api/technology-intelligence/summary?keywords=STATCOM&sourceTypes=news&fromDate=2025-12-01&toDate=2026-02-09 - 200 null application/json; charset=utf-8 83.2431ms
2026-02-09 14:31:45.494 +03:00 [INF] Client disconnected: m1bpuQKaN5-qmJgykri6dw
2026-02-09 14:31:45.504 +03:00 [INF] Executed endpoint '/notifications-hub'
2026-02-09 14:31:45.510 +03:00 [INF] HTTP GET /notifications-hub responded 101 in 728005.0721 ms
2026-02-09 14:31:45.516 +03:00 [INF] Request finished HTTP/1.1 GET http://localhost:5021/notifications-hub?id=8evKFiv2CrES26tYh4xtGw - 101 null null 728018.1604ms
2026-02-09 14:31:47.823 +03:00 [INF] Request starting HTTP/1.1 OPTIONS http://localhost:5021/notifications-hub/negotiate?negotiateVersion=1 - null null
2026-02-09 14:31:47.833 +03:00 [INF] CORS policy execution successful.
2026-02-09 14:31:47.845 +03:00 [INF] HTTP OPTIONS /notifications-hub/negotiate responded 204 in 11.8446 ms
2026-02-09 14:31:47.861 +03:00 [INF] Request finished HTTP/1.1 OPTIONS http://localhost:5021/notifications-hub/negotiate?negotiateVersion=1 - 204 null null 37.6142ms
2026-02-09 14:31:47.863 +03:00 [INF] Request starting HTTP/1.1 POST http://localhost:5021/notifications-hub/negotiate?negotiateVersion=1 - null 0
2026-02-09 14:31:47.888 +03:00 [INF] CORS policy execution successful.
2026-02-09 14:31:47.900 +03:00 [INF] Executing endpoint '/notifications-hub/negotiate'
2026-02-09 14:31:47.910 +03:00 [INF] Executed endpoint '/notifications-hub/negotiate'
2026-02-09 14:31:47.915 +03:00 [INF] HTTP POST /notifications-hub/negotiate responded 200 in 27.3271 ms
2026-02-09 14:31:47.919 +03:00 [INF] Request starting HTTP/1.1 GET http://localhost:5021/notifications-hub?id=NUdN9agFLDWLFQvBHTBfyw - null null
2026-02-09 14:31:47.928 +03:00 [INF] Request finished HTTP/1.1 POST http://localhost:5021/notifications-hub/negotiate?negotiateVersion=1 - 200 316 application/json 65.2258ms
2026-02-09 14:31:47.930 +03:00 [INF] CORS policy execution successful.
2026-02-09 14:31:47.948 +03:00 [INF] Executing endpoint '/notifications-hub'
2026-02-09 14:31:47.963 +03:00 [INF] Client connected: gPHE6NKhwmCrddYosULIUw from ["Mozilla/5.0 (Windows NT 10.0; Win64; x64) AppleWebKit/537.36 (KHTML, like Gecko) Chrome/144.0.0.0 Safari/537.36 Edg/144.0.0.0"]
2026-02-09 14:37:25.244 +03:00 [INF] Application is shutting down...
2026-02-09 14:37:25.247 +03:00 [INF] Client disconnected: gPHE6NKhwmCrddYosULIUw
2026-02-09 14:37:25.250 +03:00 [INF] Executed endpoint '/notifications-hub'
2026-02-09 14:37:25.258 +03:00 [INF] HTTP GET /notifications-hub responded 101 in 337327.7185 ms
2026-02-09 14:37:25.263 +03:00 [INF] Request finished HTTP/1.1 GET http://localhost:5021/notifications-hub?id=NUdN9agFLDWLFQvBHTBfyw - 101 null null 337343.19ms
