2026-02-10 09:13:41.083 +03:00 [INF] Executed DbCommand (7ms) [Parameters=[], CommandType='"Text"', CommandTimeout='30']
SELECT 1
2026-02-10 09:13:41.121 +03:00 [INF] Executed DbCommand (6ms) [Parameters=[], CommandType='"Text"', CommandTimeout='30']
SELECT OBJECT_ID(N'[__EFMigrationsHistory]');
2026-02-10 09:13:41.125 +03:00 [INF] Executed DbCommand (0ms) [Parameters=[], CommandType='"Text"', CommandTimeout='30']
SELECT 1
2026-02-10 09:13:41.129 +03:00 [INF] Executed DbCommand (0ms) [Parameters=[], CommandType='"Text"', CommandTimeout='30']
SELECT OBJECT_ID(N'[__EFMigrationsHistory]');
2026-02-10 09:13:41.145 +03:00 [INF] Executed DbCommand (5ms) [Parameters=[], CommandType='"Text"', CommandTimeout='30']
SELECT [MigrationId], [ProductVersion]
FROM [__EFMigrationsHistory]
ORDER BY [MigrationId];
2026-02-10 09:13:41.166 +03:00 [INF] No migrations were applied. The database is already up to date.
2026-02-10 09:13:41.169 +03:00 [INF] Database migration completed successfully
2026-02-10 09:13:41.172 +03:00 [INF] Market Intelligence API starting...
2026-02-10 09:13:41.194 +03:00 [INF] Now listening on: http://localhost:5021
2026-02-10 09:13:41.198 +03:00 [INF] Application started. Press Ctrl+C to shut down.
2026-02-10 09:13:41.200 +03:00 [INF] Hosting environment: Development
2026-02-10 09:13:41.202 +03:00 [INF] Content root path: D:\Storage Market Intel\Alfanar.MarketIntel\Alfanar.MarketIntel.Api
2026-02-10 09:14:41.311 +03:00 [INF] Request starting HTTP/1.1 GET http://localhost:5021/swagger/index.html - null null
2026-02-10 09:14:41.370 +03:00 [INF] HTTP GET /swagger/index.html responded 200 in 38.3215 ms
2026-02-10 09:14:41.375 +03:00 [INF] Request finished HTTP/1.1 GET http://localhost:5021/swagger/index.html - 200 null text/html;charset=utf-8 64.8824ms
2026-02-10 09:14:41.470 +03:00 [INF] Request starting HTTP/1.1 GET http://localhost:5021/swagger/v1/swagger.json - null null
2026-02-10 09:14:41.555 +03:00 [INF] HTTP GET /swagger/v1/swagger.json responded 200 in 74.7931 ms
2026-02-10 09:14:41.560 +03:00 [INF] Request finished HTTP/1.1 GET http://localhost:5021/swagger/v1/swagger.json - 200 null application/json;charset=utf-8 89.5197ms
2026-02-10 09:14:52.635 +03:00 [INF] Request starting HTTP/1.1 POST http://localhost:5021/api/keyword-monitors - application/json 99
2026-02-10 09:14:52.642 +03:00 [WRN] Failed to determine the https port for redirect.
2026-02-10 09:14:52.646 +03:00 [INF] CORS policy execution failed.
2026-02-10 09:14:52.650 +03:00 [INF] Request origin http://localhost:5021 does not have permission to access the resource.
2026-02-10 09:14:52.655 +03:00 [INF] Executing endpoint 'Alfanar.MarketIntel.Api.Controllers.KeywordMonitorController.CreateMonitorAsync (Alfanar.MarketIntel.Api)'
2026-02-10 09:14:52.668 +03:00 [INF] Route matched with {action = "CreateMonitor", controller = "KeywordMonitor"}. Executing controller action with signature System.Threading.Tasks.Task`1[Microsoft.AspNetCore.Mvc.IActionResult] CreateMonitorAsync(Alfanar.MarketIntel.Application.DTOs.CreateKeywordMonitorDto) on controller Alfanar.MarketIntel.Api.Controllers.KeywordMonitorController (Alfanar.MarketIntel.Api).
2026-02-10 09:14:52.690 +03:00 [INF] Creating new keyword monitor for: statcom
2026-02-10 09:14:52.840 +03:00 [INF] Executed DbCommand (12ms) [Parameters=[@__ToLower_0='?' (Size = 500)], CommandType='"Text"', CommandTimeout='30']
SELECT TOP(1) [k].[Id], [k].[CheckIntervalMinutes], [k].[CreatedBy], [k].[CreatedUtc], [k].[IsActive], [k].[Keyword], [k].[LastCheckedUtc], [k].[MaxResultsPerCheck], [k].[Tags]
FROM [KeywordMonitors] AS [k]
WHERE LOWER([k].[Keyword]) = @__ToLower_0
2026-02-10 09:14:52.884 +03:00 [INF] Executing BadRequestObjectResult, writing value of type '<>f__AnonymousType2`1[[System.String, System.Private.CoreLib, Version=8.0.0.0, Culture=neutral, PublicKeyToken=7cec85d7bea7798e]]'.
2026-02-10 09:14:52.896 +03:00 [INF] Executed action Alfanar.MarketIntel.Api.Controllers.KeywordMonitorController.CreateMonitorAsync (Alfanar.MarketIntel.Api) in 217.4642ms
2026-02-10 09:14:52.905 +03:00 [INF] Executed endpoint 'Alfanar.MarketIntel.Api.Controllers.KeywordMonitorController.CreateMonitorAsync (Alfanar.MarketIntel.Api)'
2026-02-10 09:14:52.913 +03:00 [INF] HTTP POST /api/keyword-monitors responded 400 in 272.3490 ms
2026-02-10 09:14:52.921 +03:00 [INF] Request finished HTTP/1.1 POST http://localhost:5021/api/keyword-monitors - 400 null application/json; charset=utf-8 285.7752ms
2026-02-10 09:15:21.699 +03:00 [INF] Request starting HTTP/1.1 POST http://localhost:5021/api/keyword-monitors - application/json 99
2026-02-10 09:15:21.709 +03:00 [INF] CORS policy execution failed.
2026-02-10 09:15:21.713 +03:00 [INF] Request origin http://localhost:5021 does not have permission to access the resource.
2026-02-10 09:15:21.716 +03:00 [INF] Executing endpoint 'Alfanar.MarketIntel.Api.Controllers.KeywordMonitorController.CreateMonitorAsync (Alfanar.MarketIntel.Api)'
2026-02-10 09:15:21.721 +03:00 [INF] Route matched with {action = "CreateMonitor", controller = "KeywordMonitor"}. Executing controller action with signature System.Threading.Tasks.Task`1[Microsoft.AspNetCore.Mvc.IActionResult] CreateMonitorAsync(Alfanar.MarketIntel.Application.DTOs.CreateKeywordMonitorDto) on controller Alfanar.MarketIntel.Api.Controllers.KeywordMonitorController (Alfanar.MarketIntel.Api).
2026-02-10 09:15:21.728 +03:00 [INF] Creating new keyword monitor for: python
2026-02-10 09:15:21.767 +03:00 [INF] Executed DbCommand (1ms) [Parameters=[@__ToLower_0='?' (Size = 500)], CommandType='"Text"', CommandTimeout='30']
SELECT TOP(1) [k].[Id], [k].[CheckIntervalMinutes], [k].[CreatedBy], [k].[CreatedUtc], [k].[IsActive], [k].[Keyword], [k].[LastCheckedUtc], [k].[MaxResultsPerCheck], [k].[Tags]
FROM [KeywordMonitors] AS [k]
WHERE LOWER([k].[Keyword]) = @__ToLower_0
2026-02-10 09:15:21.831 +03:00 [INF] Executed DbCommand (5ms) [Parameters=[@p0='?' (DbType = Guid), @p1='?' (DbType = Int32), @p2='?' (Size = 4000), @p3='?' (DbType = DateTime2), @p4='?' (DbType = Boolean), @p5='?' (Size = 500), @p6='?' (DbType = DateTime2), @p7='?' (DbType = Int32), @p8='?' (Size = 2000)], CommandType='"Text"', CommandTimeout='30']
SET IMPLICIT_TRANSACTIONS OFF;
SET NOCOUNT ON;
INSERT INTO [KeywordMonitors] ([Id], [CheckIntervalMinutes], [CreatedBy], [CreatedUtc], [IsActive], [Keyword], [LastCheckedUtc], [MaxResultsPerCheck], [Tags])
VALUES (@p0, @p1, @p2, @p3, @p4, @p5, @p6, @p7, @p8);
2026-02-10 09:15:21.840 +03:00 [INF] Keyword monitor created for: python
2026-02-10 09:15:21.844 +03:00 [INF] Executing CreatedAtActionResult, writing value of type 'Alfanar.MarketIntel.Application.DTOs.KeywordMonitorDto'.
2026-02-10 09:15:21.855 +03:00 [INF] Executed action Alfanar.MarketIntel.Api.Controllers.KeywordMonitorController.CreateMonitorAsync (Alfanar.MarketIntel.Api) in 128.9356ms
2026-02-10 09:15:21.859 +03:00 [INF] Executed endpoint 'Alfanar.MarketIntel.Api.Controllers.KeywordMonitorController.CreateMonitorAsync (Alfanar.MarketIntel.Api)'
2026-02-10 09:15:21.863 +03:00 [ERR] HTTP POST /api/keyword-monitors responded 500 in 154.7053 ms
System.InvalidOperationException: No route matches the supplied values.
   at Microsoft.AspNetCore.Mvc.CreatedAtActionResult.OnFormatting(ActionContext context)
   at Microsoft.AspNetCore.Mvc.Infrastructure.ObjectResultExecutor.ExecuteAsyncCore(ActionContext context, ObjectResult result, Type objectType, Object value)
   at Microsoft.AspNetCore.Mvc.Infrastructure.ObjectResultExecutor.ExecuteAsync(ActionContext context, ObjectResult result)
   at Microsoft.AspNetCore.Mvc.Infrastructure.ResourceInvoker.ResultNext[TFilter,TFilterAsync](State& next, Scope& scope, Object& state, Boolean& isCompleted)
   at Microsoft.AspNetCore.Mvc.Infrastructure.ResourceInvoker.InvokeNextResultFilterAsync[TFilter,TFilterAsync]()
--- End of stack trace from previous location ---
   at Microsoft.AspNetCore.Mvc.Infrastructure.ResourceInvoker.Rethrow(ResultExecutedContextSealed context)
   at Microsoft.AspNetCore.Mvc.Infrastructure.ResourceInvoker.ResultNext[TFilter,TFilterAsync](State& next, Scope& scope, Object& state, Boolean& isCompleted)
   at Microsoft.AspNetCore.Mvc.Infrastructure.ResourceInvoker.InvokeResultFilters()
--- End of stack trace from previous location ---
   at Microsoft.AspNetCore.Mvc.Infrastructure.ResourceInvoker.<InvokeFilterPipelineAsync>g__Awaited|20_0(ResourceInvoker invoker, Task lastTask, State next, Scope scope, Object state, Boolean isCompleted)
   at Microsoft.AspNetCore.Mvc.Infrastructure.ResourceInvoker.<InvokeAsync>g__Logged|17_1(ResourceInvoker invoker)
   at Microsoft.AspNetCore.Mvc.Infrastructure.ResourceInvoker.<InvokeAsync>g__Logged|17_1(ResourceInvoker invoker)
   at Microsoft.AspNetCore.Routing.EndpointMiddleware.<Invoke>g__AwaitRequestTask|7_0(Endpoint endpoint, Task requestTask, ILogger logger)
   at Microsoft.AspNetCore.Authorization.AuthorizationMiddleware.Invoke(HttpContext context)
   at Swashbuckle.AspNetCore.SwaggerUI.SwaggerUIMiddleware.Invoke(HttpContext httpContext)
   at Swashbuckle.AspNetCore.Swagger.SwaggerMiddleware.Invoke(HttpContext httpContext, ISwaggerProvider swaggerProvider)
   at Serilog.AspNetCore.RequestLoggingMiddleware.Invoke(HttpContext httpContext)
2026-02-10 09:15:21.873 +03:00 [ERR] An unhandled exception occurred
System.InvalidOperationException: No route matches the supplied values.
   at Microsoft.AspNetCore.Mvc.CreatedAtActionResult.OnFormatting(ActionContext context)
   at Microsoft.AspNetCore.Mvc.Infrastructure.ObjectResultExecutor.ExecuteAsyncCore(ActionContext context, ObjectResult result, Type objectType, Object value)
   at Microsoft.AspNetCore.Mvc.Infrastructure.ObjectResultExecutor.ExecuteAsync(ActionContext context, ObjectResult result)
   at Microsoft.AspNetCore.Mvc.Infrastructure.ResourceInvoker.ResultNext[TFilter,TFilterAsync](State& next, Scope& scope, Object& state, Boolean& isCompleted)
   at Microsoft.AspNetCore.Mvc.Infrastructure.ResourceInvoker.InvokeNextResultFilterAsync[TFilter,TFilterAsync]()
--- End of stack trace from previous location ---
   at Microsoft.AspNetCore.Mvc.Infrastructure.ResourceInvoker.Rethrow(ResultExecutedContextSealed context)
   at Microsoft.AspNetCore.Mvc.Infrastructure.ResourceInvoker.ResultNext[TFilter,TFilterAsync](State& next, Scope& scope, Object& state, Boolean& isCompleted)
   at Microsoft.AspNetCore.Mvc.Infrastructure.ResourceInvoker.InvokeResultFilters()
--- End of stack trace from previous location ---
   at Microsoft.AspNetCore.Mvc.Infrastructure.ResourceInvoker.<InvokeFilterPipelineAsync>g__Awaited|20_0(ResourceInvoker invoker, Task lastTask, State next, Scope scope, Object state, Boolean isCompleted)
   at Microsoft.AspNetCore.Mvc.Infrastructure.ResourceInvoker.<InvokeAsync>g__Logged|17_1(ResourceInvoker invoker)
   at Microsoft.AspNetCore.Mvc.Infrastructure.ResourceInvoker.<InvokeAsync>g__Logged|17_1(ResourceInvoker invoker)
   at Microsoft.AspNetCore.Routing.EndpointMiddleware.<Invoke>g__AwaitRequestTask|7_0(Endpoint endpoint, Task requestTask, ILogger logger)
   at Microsoft.AspNetCore.Authorization.AuthorizationMiddleware.Invoke(HttpContext context)
   at Swashbuckle.AspNetCore.SwaggerUI.SwaggerUIMiddleware.Invoke(HttpContext httpContext)
   at Swashbuckle.AspNetCore.Swagger.SwaggerMiddleware.Invoke(HttpContext httpContext, ISwaggerProvider swaggerProvider)
   at Serilog.AspNetCore.RequestLoggingMiddleware.Invoke(HttpContext httpContext)
   at Alfanar.MarketIntel.Api.Middleware.ErrorHandlingMiddleware.InvokeAsync(HttpContext context) in D:\Storage Market Intel\Alfanar.MarketIntel\Alfanar.MarketIntel.Api\Middleware\ErrorHandlingMiddleware.cs:line 21
2026-02-10 09:15:21.882 +03:00 [INF] Request finished HTTP/1.1 POST http://localhost:5021/api/keyword-monitors - 500 null application/json 183.6225ms
2026-02-10 09:16:41.362 +03:00 [INF] Application is shutting down...
2026-02-10 09:18:06.481 +03:00 [INF] Executed DbCommand (7ms) [Parameters=[], CommandType='"Text"', CommandTimeout='30']
SELECT 1 {"EventId":{"Id":20101,"Name":"Microsoft.EntityFrameworkCore.Database.Command.CommandExecuted"},"SourceContext":"Microsoft.EntityFrameworkCore.Database.Command"}
2026-02-10 09:18:06.519 +03:00 [INF] Executed DbCommand (6ms) [Parameters=[], CommandType='"Text"', CommandTimeout='30']
SELECT OBJECT_ID(N'[__EFMigrationsHistory]'); {"EventId":{"Id":20101,"Name":"Microsoft.EntityFrameworkCore.Database.Command.CommandExecuted"},"SourceContext":"Microsoft.EntityFrameworkCore.Database.Command"}
2026-02-10 09:18:06.524 +03:00 [INF] Executed DbCommand (1ms) [Parameters=[], CommandType='"Text"', CommandTimeout='30']
SELECT 1 {"EventId":{"Id":20101,"Name":"Microsoft.EntityFrameworkCore.Database.Command.CommandExecuted"},"SourceContext":"Microsoft.EntityFrameworkCore.Database.Command"}
2026-02-10 09:18:06.529 +03:00 [INF] Executed DbCommand (0ms) [Parameters=[], CommandType='"Text"', CommandTimeout='30']
SELECT OBJECT_ID(N'[__EFMigrationsHistory]'); {"EventId":{"Id":20101,"Name":"Microsoft.EntityFrameworkCore.Database.Command.CommandExecuted"},"SourceContext":"Microsoft.EntityFrameworkCore.Database.Command"}
2026-02-10 09:18:06.543 +03:00 [INF] Executed DbCommand (5ms) [Parameters=[], CommandType='"Text"', CommandTimeout='30']
SELECT [MigrationId], [ProductVersion]
FROM [__EFMigrationsHistory]
ORDER BY [MigrationId]; {"EventId":{"Id":20101,"Name":"Microsoft.EntityFrameworkCore.Database.Command.CommandExecuted"},"SourceContext":"Microsoft.EntityFrameworkCore.Database.Command"}
2026-02-10 09:18:06.564 +03:00 [INF] No migrations were applied. The database is already up to date. {"EventId":{"Id":20405,"Name":"Microsoft.EntityFrameworkCore.Migrations.MigrationsNotApplied"},"SourceContext":"Microsoft.EntityFrameworkCore.Migrations"}
2026-02-10 09:18:06.567 +03:00 [INF] Database migration completed successfully {}
2026-02-10 09:18:06.570 +03:00 [INF] Market Intelligence API starting... {}
2026-02-10 09:18:06.593 +03:00 [INF] Now listening on: http://localhost:5021 {"EventId":{"Id":14,"Name":"ListeningOnAddress"},"SourceContext":"Microsoft.Hosting.Lifetime"}
2026-02-10 09:18:06.596 +03:00 [INF] Application started. Press Ctrl+C to shut down. {"SourceContext":"Microsoft.Hosting.Lifetime"}
2026-02-10 09:18:06.598 +03:00 [INF] Hosting environment: Development {"SourceContext":"Microsoft.Hosting.Lifetime"}
2026-02-10 09:18:06.599 +03:00 [INF] Content root path: D:\Storage Market Intel\Alfanar.MarketIntel\Alfanar.MarketIntel.Api {"SourceContext":"Microsoft.Hosting.Lifetime"}
2026-02-10 09:18:13.800 +03:00 [INF] Request starting HTTP/1.1 POST http://localhost:5021/api/keyword-monitors - application/json 99 {"EventId":{"Id":1},"SourceContext":"Microsoft.AspNetCore.Hosting.Diagnostics","RequestId":"0HNJ8DGM0M9G5:00000001","RequestPath":"/api/keyword-monitors","ConnectionId":"0HNJ8DGM0M9G5"}
2026-02-10 09:18:13.827 +03:00 [WRN] Failed to determine the https port for redirect. {"EventId":{"Id":3,"Name":"FailedToDeterminePort"},"SourceContext":"Microsoft.AspNetCore.HttpsPolicy.HttpsRedirectionMiddleware","RequestId":"0HNJ8DGM0M9G5:00000001","RequestPath":"/api/keyword-monitors","ConnectionId":"0HNJ8DGM0M9G5"}
2026-02-10 09:18:13.833 +03:00 [INF] CORS policy execution failed. {"EventId":{"Id":5,"Name":"PolicyFailure"},"SourceContext":"Microsoft.AspNetCore.Cors.Infrastructure.CorsService","RequestId":"0HNJ8DGM0M9G5:00000001","RequestPath":"/api/keyword-monitors","ConnectionId":"0HNJ8DGM0M9G5"}
2026-02-10 09:18:13.836 +03:00 [INF] Request origin http://localhost:5021 does not have permission to access the resource. {"EventId":{"Id":6,"Name":"OriginNotAllowed"},"SourceContext":"Microsoft.AspNetCore.Cors.Infrastructure.CorsService","RequestId":"0HNJ8DGM0M9G5:00000001","RequestPath":"/api/keyword-monitors","ConnectionId":"0HNJ8DGM0M9G5"}
2026-02-10 09:18:13.842 +03:00 [INF] Executing endpoint 'Alfanar.MarketIntel.Api.Controllers.KeywordMonitorController.CreateMonitorAsync (Alfanar.MarketIntel.Api)' {"EventId":{"Name":"ExecutingEndpoint"},"SourceContext":"Microsoft.AspNetCore.Routing.EndpointMiddleware","RequestId":"0HNJ8DGM0M9G5:00000001","RequestPath":"/api/keyword-monitors","ConnectionId":"0HNJ8DGM0M9G5"}
2026-02-10 09:18:13.854 +03:00 [INF] Route matched with {action = "CreateMonitor", controller = "KeywordMonitor"}. Executing controller action with signature System.Threading.Tasks.Task`1[Microsoft.AspNetCore.Mvc.IActionResult] CreateMonitorAsync(Alfanar.MarketIntel.Application.DTOs.CreateKeywordMonitorDto) on controller Alfanar.MarketIntel.Api.Controllers.KeywordMonitorController (Alfanar.MarketIntel.Api). {"EventId":{"Id":102,"Name":"ControllerActionExecuting"},"SourceContext":"Microsoft.AspNetCore.Mvc.Infrastructure.ControllerActionInvoker","ActionId":"bfb74f70-1e5a-40f6-8197-f9b41dd40c0e","ActionName":"Alfanar.MarketIntel.Api.Controllers.KeywordMonitorController.CreateMonitorAsync (Alfanar.MarketIntel.Api)","RequestId":"0HNJ8DGM0M9G5:00000001","RequestPath":"/api/keyword-monitors","ConnectionId":"0HNJ8DGM0M9G5"}
2026-02-10 09:18:13.880 +03:00 [INF] Creating new keyword monitor for: python {"SourceContext":"Alfanar.MarketIntel.Api.Controllers.KeywordMonitorController","ActionId":"bfb74f70-1e5a-40f6-8197-f9b41dd40c0e","ActionName":"Alfanar.MarketIntel.Api.Controllers.KeywordMonitorController.CreateMonitorAsync (Alfanar.MarketIntel.Api)","RequestId":"0HNJ8DGM0M9G5:00000001","RequestPath":"/api/keyword-monitors","ConnectionId":"0HNJ8DGM0M9G5"}
2026-02-10 09:18:14.085 +03:00 [INF] Executed DbCommand (24ms) [Parameters=[@__ToLower_0='?' (Size = 500)], CommandType='"Text"', CommandTimeout='30']
SELECT TOP(1) [k].[Id], [k].[CheckIntervalMinutes], [k].[CreatedBy], [k].[CreatedUtc], [k].[IsActive], [k].[Keyword], [k].[LastCheckedUtc], [k].[MaxResultsPerCheck], [k].[Tags]
FROM [KeywordMonitors] AS [k]
WHERE LOWER([k].[Keyword]) = @__ToLower_0 {"EventId":{"Id":20101,"Name":"Microsoft.EntityFrameworkCore.Database.Command.CommandExecuted"},"SourceContext":"Microsoft.EntityFrameworkCore.Database.Command","ActionId":"bfb74f70-1e5a-40f6-8197-f9b41dd40c0e","ActionName":"Alfanar.MarketIntel.Api.Controllers.KeywordMonitorController.CreateMonitorAsync (Alfanar.MarketIntel.Api)","RequestId":"0HNJ8DGM0M9G5:00000001","RequestPath":"/api/keyword-monitors","ConnectionId":"0HNJ8DGM0M9G5"}
2026-02-10 09:18:14.140 +03:00 [INF] Executing BadRequestObjectResult, writing value of type '<>f__AnonymousType2`1[[System.String, System.Private.CoreLib, Version=8.0.0.0, Culture=neutral, PublicKeyToken=7cec85d7bea7798e]]'. {"EventId":{"Id":1,"Name":"ObjectResultExecuting"},"SourceContext":"Microsoft.AspNetCore.Mvc.Infrastructure.ObjectResultExecutor","ActionId":"bfb74f70-1e5a-40f6-8197-f9b41dd40c0e","ActionName":"Alfanar.MarketIntel.Api.Controllers.KeywordMonitorController.CreateMonitorAsync (Alfanar.MarketIntel.Api)","RequestId":"0HNJ8DGM0M9G5:00000001","RequestPath":"/api/keyword-monitors","ConnectionId":"0HNJ8DGM0M9G5"}
2026-02-10 09:18:14.154 +03:00 [INF] Executed action Alfanar.MarketIntel.Api.Controllers.KeywordMonitorController.CreateMonitorAsync (Alfanar.MarketIntel.Api) in 291.8991ms {"EventId":{"Id":105,"Name":"ActionExecuted"},"SourceContext":"Microsoft.AspNetCore.Mvc.Infrastructure.ControllerActionInvoker","RequestId":"0HNJ8DGM0M9G5:00000001","RequestPath":"/api/keyword-monitors","ConnectionId":"0HNJ8DGM0M9G5"}
2026-02-10 09:18:14.159 +03:00 [INF] Executed endpoint 'Alfanar.MarketIntel.Api.Controllers.KeywordMonitorController.CreateMonitorAsync (Alfanar.MarketIntel.Api)' {"EventId":{"Id":1,"Name":"ExecutedEndpoint"},"SourceContext":"Microsoft.AspNetCore.Routing.EndpointMiddleware","RequestId":"0HNJ8DGM0M9G5:00000001","RequestPath":"/api/keyword-monitors","ConnectionId":"0HNJ8DGM0M9G5"}
2026-02-10 09:18:14.166 +03:00 [INF] HTTP POST /api/keyword-monitors responded 400 in 344.6347 ms {"SourceContext":"Serilog.AspNetCore.RequestLoggingMiddleware","RequestId":"0HNJ8DGM0M9G5:00000001","ConnectionId":"0HNJ8DGM0M9G5"}
2026-02-10 09:18:14.174 +03:00 [INF] Request finished HTTP/1.1 POST http://localhost:5021/api/keyword-monitors - 400 null application/json; charset=utf-8 374.5495ms {"EventId":{"Id":2},"SourceContext":"Microsoft.AspNetCore.Hosting.Diagnostics","RequestId":"0HNJ8DGM0M9G5:00000001","RequestPath":"/api/keyword-monitors","ConnectionId":"0HNJ8DGM0M9G5"}
2026-02-10 09:21:37.488 +03:00 [INF] Request starting HTTP/1.1 POST http://localhost:5021/api/web-search/search - application/json 74 {"EventId":{"Id":1},"SourceContext":"Microsoft.AspNetCore.Hosting.Diagnostics","RequestId":"0HNJ8DGM0M9G6:00000001","RequestPath":"/api/web-search/search","ConnectionId":"0HNJ8DGM0M9G6"}
2026-02-10 09:21:37.499 +03:00 [INF] CORS policy execution failed. {"EventId":{"Id":5,"Name":"PolicyFailure"},"SourceContext":"Microsoft.AspNetCore.Cors.Infrastructure.CorsService","RequestId":"0HNJ8DGM0M9G6:00000001","RequestPath":"/api/web-search/search","ConnectionId":"0HNJ8DGM0M9G6"}
2026-02-10 09:21:37.503 +03:00 [INF] Request origin http://localhost:5021 does not have permission to access the resource. {"EventId":{"Id":6,"Name":"OriginNotAllowed"},"SourceContext":"Microsoft.AspNetCore.Cors.Infrastructure.CorsService","RequestId":"0HNJ8DGM0M9G6:00000001","RequestPath":"/api/web-search/search","ConnectionId":"0HNJ8DGM0M9G6"}
2026-02-10 09:21:37.506 +03:00 [INF] Executing endpoint 'Alfanar.MarketIntel.Api.Controllers.WebSearchController.SearchAsync (Alfanar.MarketIntel.Api)' {"EventId":{"Name":"ExecutingEndpoint"},"SourceContext":"Microsoft.AspNetCore.Routing.EndpointMiddleware","RequestId":"0HNJ8DGM0M9G6:00000001","RequestPath":"/api/web-search/search","ConnectionId":"0HNJ8DGM0M9G6"}
2026-02-10 09:21:37.511 +03:00 [INF] Route matched with {action = "Search", controller = "WebSearch"}. Executing controller action with signature System.Threading.Tasks.Task`1[Microsoft.AspNetCore.Mvc.IActionResult] SearchAsync(Alfanar.MarketIntel.Application.DTOs.WebSearchRequestDto) on controller Alfanar.MarketIntel.Api.Controllers.WebSearchController (Alfanar.MarketIntel.Api). {"EventId":{"Id":102,"Name":"ControllerActionExecuting"},"SourceContext":"Microsoft.AspNetCore.Mvc.Infrastructure.ControllerActionInvoker","ActionId":"43c6915a-4d4d-449c-a2df-71480623a01d","ActionName":"Alfanar.MarketIntel.Api.Controllers.WebSearchController.SearchAsync (Alfanar.MarketIntel.Api)","RequestId":"0HNJ8DGM0M9G6:00000001","RequestPath":"/api/web-search/search","ConnectionId":"0HNJ8DGM0M9G6"}
2026-02-10 09:21:37.533 +03:00 [INF] Processing web search for keyword: python {"SourceContext":"Alfanar.MarketIntel.Api.Controllers.WebSearchController","ActionId":"43c6915a-4d4d-449c-a2df-71480623a01d","ActionName":"Alfanar.MarketIntel.Api.Controllers.WebSearchController.SearchAsync (Alfanar.MarketIntel.Api)","RequestId":"0HNJ8DGM0M9G6:00000001","RequestPath":"/api/web-search/search","ConnectionId":"0HNJ8DGM0M9G6"}
2026-02-10 09:21:37.539 +03:00 [INF] Searching with google for: python {"SourceContext":"Alfanar.MarketIntel.Application.Services.WebSearchService","ActionId":"43c6915a-4d4d-449c-a2df-71480623a01d","ActionName":"Alfanar.MarketIntel.Api.Controllers.WebSearchController.SearchAsync (Alfanar.MarketIntel.Api)","RequestId":"0HNJ8DGM0M9G6:00000001","RequestPath":"/api/web-search/search","ConnectionId":"0HNJ8DGM0M9G6"}
2026-02-10 09:21:37.543 +03:00 [WRN] Google Search API call not yet implemented for keyword: python {"SourceContext":"Alfanar.MarketIntel.Application.Services.GoogleSearchService","ActionId":"43c6915a-4d4d-449c-a2df-71480623a01d","ActionName":"Alfanar.MarketIntel.Api.Controllers.WebSearchController.SearchAsync (Alfanar.MarketIntel.Api)","RequestId":"0HNJ8DGM0M9G6:00000001","RequestPath":"/api/web-search/search","ConnectionId":"0HNJ8DGM0M9G6"}
2026-02-10 09:21:37.590 +03:00 [INF] Cached 0 search results for: python {"SourceContext":"Alfanar.MarketIntel.Application.Services.WebSearchService","ActionId":"43c6915a-4d4d-449c-a2df-71480623a01d","ActionName":"Alfanar.MarketIntel.Api.Controllers.WebSearchController.SearchAsync (Alfanar.MarketIntel.Api)","RequestId":"0HNJ8DGM0M9G6:00000001","RequestPath":"/api/web-search/search","ConnectionId":"0HNJ8DGM0M9G6"}
2026-02-10 09:21:37.595 +03:00 [INF] Executing OkObjectResult, writing value of type 'System.Collections.Generic.List`1[[Alfanar.MarketIntel.Application.DTOs.WebSearchResultDto, Alfanar.MarketIntel.Application, Version=1.0.0.0, Culture=neutral, PublicKeyToken=null]]'. {"EventId":{"Id":1,"Name":"ObjectResultExecuting"},"SourceContext":"Microsoft.AspNetCore.Mvc.Infrastructure.ObjectResultExecutor","ActionId":"43c6915a-4d4d-449c-a2df-71480623a01d","ActionName":"Alfanar.MarketIntel.Api.Controllers.WebSearchController.SearchAsync (Alfanar.MarketIntel.Api)","RequestId":"0HNJ8DGM0M9G6:00000001","RequestPath":"/api/web-search/search","ConnectionId":"0HNJ8DGM0M9G6"}
2026-02-10 09:21:37.605 +03:00 [INF] Executed action Alfanar.MarketIntel.Api.Controllers.WebSearchController.SearchAsync (Alfanar.MarketIntel.Api) in 88.0622ms {"EventId":{"Id":105,"Name":"ActionExecuted"},"SourceContext":"Microsoft.AspNetCore.Mvc.Infrastructure.ControllerActionInvoker","RequestId":"0HNJ8DGM0M9G6:00000001","RequestPath":"/api/web-search/search","ConnectionId":"0HNJ8DGM0M9G6"}
2026-02-10 09:21:37.609 +03:00 [INF] Executed endpoint 'Alfanar.MarketIntel.Api.Controllers.WebSearchController.SearchAsync (Alfanar.MarketIntel.Api)' {"EventId":{"Id":1,"Name":"ExecutedEndpoint"},"SourceContext":"Microsoft.AspNetCore.Routing.EndpointMiddleware","RequestId":"0HNJ8DGM0M9G6:00000001","RequestPath":"/api/web-search/search","ConnectionId":"0HNJ8DGM0M9G6"}
2026-02-10 09:21:37.613 +03:00 [INF] HTTP POST /api/web-search/search responded 200 in 115.1230 ms {"SourceContext":"Serilog.AspNetCore.RequestLoggingMiddleware","RequestId":"0HNJ8DGM0M9G6:00000001","ConnectionId":"0HNJ8DGM0M9G6"}
2026-02-10 09:21:37.617 +03:00 [INF] Request finished HTTP/1.1 POST http://localhost:5021/api/web-search/search - 200 null application/json; charset=utf-8 128.8073ms {"EventId":{"Id":2},"SourceContext":"Microsoft.AspNetCore.Hosting.Diagnostics","RequestId":"0HNJ8DGM0M9G6:00000001","RequestPath":"/api/web-search/search","ConnectionId":"0HNJ8DGM0M9G6"}
2026-02-10 09:21:40.828 +03:00 [INF] Request starting HTTP/1.1 POST http://localhost:5021/api/web-search/search - application/json 74 {"EventId":{"Id":1},"SourceContext":"Microsoft.AspNetCore.Hosting.Diagnostics","RequestId":"0HNJ8DGM0M9G6:00000002","RequestPath":"/api/web-search/search","ConnectionId":"0HNJ8DGM0M9G6"}
2026-02-10 09:21:40.839 +03:00 [INF] CORS policy execution failed. {"EventId":{"Id":5,"Name":"PolicyFailure"},"SourceContext":"Microsoft.AspNetCore.Cors.Infrastructure.CorsService","RequestId":"0HNJ8DGM0M9G6:00000002","RequestPath":"/api/web-search/search","ConnectionId":"0HNJ8DGM0M9G6"}
2026-02-10 09:21:40.843 +03:00 [INF] Request origin http://localhost:5021 does not have permission to access the resource. {"EventId":{"Id":6,"Name":"OriginNotAllowed"},"SourceContext":"Microsoft.AspNetCore.Cors.Infrastructure.CorsService","RequestId":"0HNJ8DGM0M9G6:00000002","RequestPath":"/api/web-search/search","ConnectionId":"0HNJ8DGM0M9G6"}
2026-02-10 09:21:40.846 +03:00 [INF] Executing endpoint 'Alfanar.MarketIntel.Api.Controllers.WebSearchController.SearchAsync (Alfanar.MarketIntel.Api)' {"EventId":{"Name":"ExecutingEndpoint"},"SourceContext":"Microsoft.AspNetCore.Routing.EndpointMiddleware","RequestId":"0HNJ8DGM0M9G6:00000002","RequestPath":"/api/web-search/search","ConnectionId":"0HNJ8DGM0M9G6"}
2026-02-10 09:21:40.850 +03:00 [INF] Route matched with {action = "Search", controller = "WebSearch"}. Executing controller action with signature System.Threading.Tasks.Task`1[Microsoft.AspNetCore.Mvc.IActionResult] SearchAsync(Alfanar.MarketIntel.Application.DTOs.WebSearchRequestDto) on controller Alfanar.MarketIntel.Api.Controllers.WebSearchController (Alfanar.MarketIntel.Api). {"EventId":{"Id":102,"Name":"ControllerActionExecuting"},"SourceContext":"Microsoft.AspNetCore.Mvc.Infrastructure.ControllerActionInvoker","ActionId":"43c6915a-4d4d-449c-a2df-71480623a01d","ActionName":"Alfanar.MarketIntel.Api.Controllers.WebSearchController.SearchAsync (Alfanar.MarketIntel.Api)","RequestId":"0HNJ8DGM0M9G6:00000002","RequestPath":"/api/web-search/search","ConnectionId":"0HNJ8DGM0M9G6"}
2026-02-10 09:21:40.857 +03:00 [INF] Processing web search for keyword: python {"SourceContext":"Alfanar.MarketIntel.Api.Controllers.WebSearchController","ActionId":"43c6915a-4d4d-449c-a2df-71480623a01d","ActionName":"Alfanar.MarketIntel.Api.Controllers.WebSearchController.SearchAsync (Alfanar.MarketIntel.Api)","RequestId":"0HNJ8DGM0M9G6:00000002","RequestPath":"/api/web-search/search","ConnectionId":"0HNJ8DGM0M9G6"}
2026-02-10 09:21:40.860 +03:00 [INF] Searching with google for: python {"SourceContext":"Alfanar.MarketIntel.Application.Services.WebSearchService","ActionId":"43c6915a-4d4d-449c-a2df-71480623a01d","ActionName":"Alfanar.MarketIntel.Api.Controllers.WebSearchController.SearchAsync (Alfanar.MarketIntel.Api)","RequestId":"0HNJ8DGM0M9G6:00000002","RequestPath":"/api/web-search/search","ConnectionId":"0HNJ8DGM0M9G6"}
2026-02-10 09:21:40.863 +03:00 [WRN] Google Search API call not yet implemented for keyword: python {"SourceContext":"Alfanar.MarketIntel.Application.Services.GoogleSearchService","ActionId":"43c6915a-4d4d-449c-a2df-71480623a01d","ActionName":"Alfanar.MarketIntel.Api.Controllers.WebSearchController.SearchAsync (Alfanar.MarketIntel.Api)","RequestId":"0HNJ8DGM0M9G6:00000002","RequestPath":"/api/web-search/search","ConnectionId":"0HNJ8DGM0M9G6"}
2026-02-10 09:21:40.867 +03:00 [INF] Cached 0 search results for: python {"SourceContext":"Alfanar.MarketIntel.Application.Services.WebSearchService","ActionId":"43c6915a-4d4d-449c-a2df-71480623a01d","ActionName":"Alfanar.MarketIntel.Api.Controllers.WebSearchController.SearchAsync (Alfanar.MarketIntel.Api)","RequestId":"0HNJ8DGM0M9G6:00000002","RequestPath":"/api/web-search/search","ConnectionId":"0HNJ8DGM0M9G6"}
2026-02-10 09:21:40.871 +03:00 [INF] Executing OkObjectResult, writing value of type 'System.Collections.Generic.List`1[[Alfanar.MarketIntel.Application.DTOs.WebSearchResultDto, Alfanar.MarketIntel.Application, Version=1.0.0.0, Culture=neutral, PublicKeyToken=null]]'. {"EventId":{"Id":1,"Name":"ObjectResultExecuting"},"SourceContext":"Microsoft.AspNetCore.Mvc.Infrastructure.ObjectResultExecutor","ActionId":"43c6915a-4d4d-449c-a2df-71480623a01d","ActionName":"Alfanar.MarketIntel.Api.Controllers.WebSearchController.SearchAsync (Alfanar.MarketIntel.Api)","RequestId":"0HNJ8DGM0M9G6:00000002","RequestPath":"/api/web-search/search","ConnectionId":"0HNJ8DGM0M9G6"}
2026-02-10 09:21:40.875 +03:00 [INF] Executed action Alfanar.MarketIntel.Api.Controllers.WebSearchController.SearchAsync (Alfanar.MarketIntel.Api) in 19.6039ms {"EventId":{"Id":105,"Name":"ActionExecuted"},"SourceContext":"Microsoft.AspNetCore.Mvc.Infrastructure.ControllerActionInvoker","RequestId":"0HNJ8DGM0M9G6:00000002","RequestPath":"/api/web-search/search","ConnectionId":"0HNJ8DGM0M9G6"}
2026-02-10 09:21:40.879 +03:00 [INF] Executed endpoint 'Alfanar.MarketIntel.Api.Controllers.WebSearchController.SearchAsync (Alfanar.MarketIntel.Api)' {"EventId":{"Id":1,"Name":"ExecutedEndpoint"},"SourceContext":"Microsoft.AspNetCore.Routing.EndpointMiddleware","RequestId":"0HNJ8DGM0M9G6:00000002","RequestPath":"/api/web-search/search","ConnectionId":"0HNJ8DGM0M9G6"}
2026-02-10 09:21:40.883 +03:00 [INF] HTTP POST /api/web-search/search responded 200 in 44.4198 ms {"SourceContext":"Serilog.AspNetCore.RequestLoggingMiddleware","RequestId":"0HNJ8DGM0M9G6:00000002","ConnectionId":"0HNJ8DGM0M9G6"}
2026-02-10 09:21:40.886 +03:00 [INF] Request finished HTTP/1.1 POST http://localhost:5021/api/web-search/search - 200 null application/json; charset=utf-8 57.8806ms {"EventId":{"Id":2},"SourceContext":"Microsoft.AspNetCore.Hosting.Diagnostics","RequestId":"0HNJ8DGM0M9G6:00000002","RequestPath":"/api/web-search/search","ConnectionId":"0HNJ8DGM0M9G6"}
2026-02-10 09:21:42.027 +03:00 [INF] Request starting HTTP/1.1 POST http://localhost:5021/api/web-search/search - application/json 74 {"EventId":{"Id":1},"SourceContext":"Microsoft.AspNetCore.Hosting.Diagnostics","RequestId":"0HNJ8DGM0M9G6:00000003","RequestPath":"/api/web-search/search","ConnectionId":"0HNJ8DGM0M9G6"}
2026-02-10 09:21:42.039 +03:00 [INF] CORS policy execution failed. {"EventId":{"Id":5,"Name":"PolicyFailure"},"SourceContext":"Microsoft.AspNetCore.Cors.Infrastructure.CorsService","RequestId":"0HNJ8DGM0M9G6:00000003","RequestPath":"/api/web-search/search","ConnectionId":"0HNJ8DGM0M9G6"}
2026-02-10 09:21:42.046 +03:00 [INF] Request origin http://localhost:5021 does not have permission to access the resource. {"EventId":{"Id":6,"Name":"OriginNotAllowed"},"SourceContext":"Microsoft.AspNetCore.Cors.Infrastructure.CorsService","RequestId":"0HNJ8DGM0M9G6:00000003","RequestPath":"/api/web-search/search","ConnectionId":"0HNJ8DGM0M9G6"}
2026-02-10 09:21:42.049 +03:00 [INF] Executing endpoint 'Alfanar.MarketIntel.Api.Controllers.WebSearchController.SearchAsync (Alfanar.MarketIntel.Api)' {"EventId":{"Name":"ExecutingEndpoint"},"SourceContext":"Microsoft.AspNetCore.Routing.EndpointMiddleware","RequestId":"0HNJ8DGM0M9G6:00000003","RequestPath":"/api/web-search/search","ConnectionId":"0HNJ8DGM0M9G6"}
2026-02-10 09:21:42.053 +03:00 [INF] Route matched with {action = "Search", controller = "WebSearch"}. Executing controller action with signature System.Threading.Tasks.Task`1[Microsoft.AspNetCore.Mvc.IActionResult] SearchAsync(Alfanar.MarketIntel.Application.DTOs.WebSearchRequestDto) on controller Alfanar.MarketIntel.Api.Controllers.WebSearchController (Alfanar.MarketIntel.Api). {"EventId":{"Id":102,"Name":"ControllerActionExecuting"},"SourceContext":"Microsoft.AspNetCore.Mvc.Infrastructure.ControllerActionInvoker","ActionId":"43c6915a-4d4d-449c-a2df-71480623a01d","ActionName":"Alfanar.MarketIntel.Api.Controllers.WebSearchController.SearchAsync (Alfanar.MarketIntel.Api)","RequestId":"0HNJ8DGM0M9G6:00000003","RequestPath":"/api/web-search/search","ConnectionId":"0HNJ8DGM0M9G6"}
2026-02-10 09:21:42.060 +03:00 [INF] Processing web search for keyword: python {"SourceContext":"Alfanar.MarketIntel.Api.Controllers.WebSearchController","ActionId":"43c6915a-4d4d-449c-a2df-71480623a01d","ActionName":"Alfanar.MarketIntel.Api.Controllers.WebSearchController.SearchAsync (Alfanar.MarketIntel.Api)","RequestId":"0HNJ8DGM0M9G6:00000003","RequestPath":"/api/web-search/search","ConnectionId":"0HNJ8DGM0M9G6"}
2026-02-10 09:21:42.064 +03:00 [INF] Searching with google for: python {"SourceContext":"Alfanar.MarketIntel.Application.Services.WebSearchService","ActionId":"43c6915a-4d4d-449c-a2df-71480623a01d","ActionName":"Alfanar.MarketIntel.Api.Controllers.WebSearchController.SearchAsync (Alfanar.MarketIntel.Api)","RequestId":"0HNJ8DGM0M9G6:00000003","RequestPath":"/api/web-search/search","ConnectionId":"0HNJ8DGM0M9G6"}
2026-02-10 09:21:42.067 +03:00 [WRN] Google Search API call not yet implemented for keyword: python {"SourceContext":"Alfanar.MarketIntel.Application.Services.GoogleSearchService","ActionId":"43c6915a-4d4d-449c-a2df-71480623a01d","ActionName":"Alfanar.MarketIntel.Api.Controllers.WebSearchController.SearchAsync (Alfanar.MarketIntel.Api)","RequestId":"0HNJ8DGM0M9G6:00000003","RequestPath":"/api/web-search/search","ConnectionId":"0HNJ8DGM0M9G6"}
2026-02-10 09:21:42.070 +03:00 [INF] Cached 0 search results for: python {"SourceContext":"Alfanar.MarketIntel.Application.Services.WebSearchService","ActionId":"43c6915a-4d4d-449c-a2df-71480623a01d","ActionName":"Alfanar.MarketIntel.Api.Controllers.WebSearchController.SearchAsync (Alfanar.MarketIntel.Api)","RequestId":"0HNJ8DGM0M9G6:00000003","RequestPath":"/api/web-search/search","ConnectionId":"0HNJ8DGM0M9G6"}
2026-02-10 09:21:42.074 +03:00 [INF] Executing OkObjectResult, writing value of type 'System.Collections.Generic.List`1[[Alfanar.MarketIntel.Application.DTOs.WebSearchResultDto, Alfanar.MarketIntel.Application, Version=1.0.0.0, Culture=neutral, PublicKeyToken=null]]'. {"EventId":{"Id":1,"Name":"ObjectResultExecuting"},"SourceContext":"Microsoft.AspNetCore.Mvc.Infrastructure.ObjectResultExecutor","ActionId":"43c6915a-4d4d-449c-a2df-71480623a01d","ActionName":"Alfanar.MarketIntel.Api.Controllers.WebSearchController.SearchAsync (Alfanar.MarketIntel.Api)","RequestId":"0HNJ8DGM0M9G6:00000003","RequestPath":"/api/web-search/search","ConnectionId":"0HNJ8DGM0M9G6"}
2026-02-10 09:21:42.079 +03:00 [INF] Executed action Alfanar.MarketIntel.Api.Controllers.WebSearchController.SearchAsync (Alfanar.MarketIntel.Api) in 20.4728ms {"EventId":{"Id":105,"Name":"ActionExecuted"},"SourceContext":"Microsoft.AspNetCore.Mvc.Infrastructure.ControllerActionInvoker","RequestId":"0HNJ8DGM0M9G6:00000003","RequestPath":"/api/web-search/search","ConnectionId":"0HNJ8DGM0M9G6"}
2026-02-10 09:21:42.082 +03:00 [INF] Executed endpoint 'Alfanar.MarketIntel.Api.Controllers.WebSearchController.SearchAsync (Alfanar.MarketIntel.Api)' {"EventId":{"Id":1,"Name":"ExecutedEndpoint"},"SourceContext":"Microsoft.AspNetCore.Routing.EndpointMiddleware","RequestId":"0HNJ8DGM0M9G6:00000003","RequestPath":"/api/web-search/search","ConnectionId":"0HNJ8DGM0M9G6"}
2026-02-10 09:21:42.087 +03:00 [INF] HTTP POST /api/web-search/search responded 200 in 47.7201 ms {"SourceContext":"Serilog.AspNetCore.RequestLoggingMiddleware","RequestId":"0HNJ8DGM0M9G6:00000003","ConnectionId":"0HNJ8DGM0M9G6"}
2026-02-10 09:21:42.089 +03:00 [INF] Request finished HTTP/1.1 POST http://localhost:5021/api/web-search/search - 200 null application/json; charset=utf-8 62.2141ms {"EventId":{"Id":2},"SourceContext":"Microsoft.AspNetCore.Hosting.Diagnostics","RequestId":"0HNJ8DGM0M9G6:00000003","RequestPath":"/api/web-search/search","ConnectionId":"0HNJ8DGM0M9G6"}
