2026-01-21 10:57:24.586 +03:00 [INF] Executed DbCommand (15ms) [Parameters=[], CommandType='"Text"', CommandTimeout='30']
SELECT 1
2026-01-21 10:57:24.660 +03:00 [INF] Acquiring an exclusive lock for migration application. See https://aka.ms/efcore-docs-migrations-lock for more information if this takes too long.
2026-01-21 10:57:24.686 +03:00 [INF] Executed DbCommand (16ms) [Parameters=[], CommandType='"Text"', CommandTimeout='30']
DECLARE @result int;
EXEC @result = sp_getapplock @Resource = '__EFMigrationsLock', @LockOwner = 'Session', @LockMode = 'Exclusive';
SELECT @result
2026-01-21 10:57:24.746 +03:00 [INF] Executed DbCommand (3ms) [Parameters=[], CommandType='"Text"', CommandTimeout='30']
IF OBJECT_ID(N'[__EFMigrationsHistory]') IS NULL
BEGIN
    CREATE TABLE [__EFMigrationsHistory] (
        [MigrationId] nvarchar(150) NOT NULL,
        [ProductVersion] nvarchar(32) NOT NULL,
        CONSTRAINT [PK___EFMigrationsHistory] PRIMARY KEY ([MigrationId])
    );
END;
2026-01-21 10:57:24.773 +03:00 [INF] Executed DbCommand (1ms) [Parameters=[], CommandType='"Text"', CommandTimeout='30']
SELECT 1
2026-01-21 10:57:24.786 +03:00 [INF] Executed DbCommand (1ms) [Parameters=[], CommandType='"Text"', CommandTimeout='30']
SELECT OBJECT_ID(N'[__EFMigrationsHistory]');
2026-01-21 10:57:24.815 +03:00 [INF] Executed DbCommand (17ms) [Parameters=[], CommandType='"Text"', CommandTimeout='30']
SELECT [MigrationId], [ProductVersion]
FROM [__EFMigrationsHistory]
ORDER BY [MigrationId];
2026-01-21 10:57:24.865 +03:00 [INF] Applying migration '20260121075521_SeedContactData'.
2026-01-21 10:57:24.973 +03:00 [INF] Executed DbCommand (56ms) [Parameters=[], CommandType='"Text"', CommandTimeout='30']
IF EXISTS (SELECT * FROM [sys].[identity_columns] WHERE [name] IN (N'Id', N'Company', N'CreatedAt', N'HeadquartersAddressLine1', N'HeadquartersAddressLine2', N'HeadquartersCity', N'HeadquartersCountry', N'HeadquartersCountryCode', N'HeadquartersLandmark', N'HeadquartersPoBox', N'HeadquartersPostalCode', N'MainPhone', N'PhoneAvailabilityDays', N'PhoneAvailabilityHours', N'PhoneAvailabilityTimezone', N'SalesEmail', N'SupportEmail', N'TollFreePhone', N'UpdatedAt') AND [object_id] = OBJECT_ID(N'[CompanyContactInfo]'))
    SET IDENTITY_INSERT [CompanyContactInfo] ON;
INSERT INTO [CompanyContactInfo] ([Id], [Company], [CreatedAt], [HeadquartersAddressLine1], [HeadquartersAddressLine2], [HeadquartersCity], [HeadquartersCountry], [HeadquartersCountryCode], [HeadquartersLandmark], [HeadquartersPoBox], [HeadquartersPostalCode], [MainPhone], [PhoneAvailabilityDays], [PhoneAvailabilityHours], [PhoneAvailabilityTimezone], [SalesEmail], [SupportEmail], [TollFreePhone], [UpdatedAt])
VALUES (1, N'alfanar', '2025-01-21T00:00:00.0000000Z', N'Al-Nafl - Northern Ring Road', N'Between Exits 5 & 6', N'Riyadh', N'Kingdom of Saudi Arabia', N'KSA', N'Near King Abdulaziz Center for National Dialogue', N'P.O. Box 301', N'11411', N'+966 573786035', N'Mon-Fri', N'9AM-6PM', N'EST', N'sales@alfanar.com', N'support@alfanar.com', N'800-124-1333', '2025-01-21T00:00:00.0000000Z');
IF EXISTS (SELECT * FROM [sys].[identity_columns] WHERE [name] IN (N'Id', N'Company', N'CreatedAt', N'HeadquartersAddressLine1', N'HeadquartersAddressLine2', N'HeadquartersCity', N'HeadquartersCountry', N'HeadquartersCountryCode', N'HeadquartersLandmark', N'HeadquartersPoBox', N'HeadquartersPostalCode', N'MainPhone', N'PhoneAvailabilityDays', N'PhoneAvailabilityHours', N'PhoneAvailabilityTimezone', N'SalesEmail', N'SupportEmail', N'TollFreePhone', N'UpdatedAt') AND [object_id] = OBJECT_ID(N'[CompanyContactInfo]'))
    SET IDENTITY_INSERT [CompanyContactInfo] OFF;
2026-01-21 10:57:25.062 +03:00 [INF] Executed DbCommand (53ms) [Parameters=[], CommandType='"Text"', CommandTimeout='30']
IF EXISTS (SELECT * FROM [sys].[identity_columns] WHERE [name] IN (N'Id', N'Area', N'Building', N'BuildingNumber', N'City', N'CompanyContactInfoId', N'CompanyName', N'Country', N'CreatedAt', N'District', N'Floor', N'OfficeType', N'PoBox', N'Region', N'Street', N'Tower', N'UpdatedAt') AND [object_id] = OBJECT_ID(N'[CompanyOffices]'))
    SET IDENTITY_INSERT [CompanyOffices] ON;
INSERT INTO [CompanyOffices] ([Id], [Area], [Building], [BuildingNumber], [City], [CompanyContactInfoId], [CompanyName], [Country], [CreatedAt], [District], [Floor], [OfficeType], [PoBox], [Region], [Street], [Tower], [UpdatedAt])
VALUES (1, N'alfanar Industrial City', N'Sales and Marketing Building', NULL, NULL, 1, NULL, N'Saudi Arabia', '2025-01-21T00:00:00.0000000Z', NULL, NULL, N'Sales and Marketing', NULL, N'Saudi Arabia', NULL, NULL, '2025-01-21T00:00:00.0000000Z'),
(2, NULL, NULL, NULL, N'Madrid', 1, NULL, N'Spain', '2025-01-21T00:00:00.0000000Z', NULL, NULL, N'Regional Office', NULL, N'Europe', NULL, NULL, '2025-01-21T00:00:00.0000000Z'),
(3, NULL, NULL, NULL, NULL, 1, N'alfanar Electrical Systems LLC', N'United Arab Emirates', '2025-01-21T00:00:00.0000000Z', NULL, NULL, N'Subsidiary', NULL, N'UAE', NULL, NULL, '2025-01-21T00:00:00.0000000Z'),
(4, N'DLF Cybercity, Phase-3', NULL, N'Building No. 5', N'Gurgaon', 1, NULL, N'India', '2025-01-21T00:00:00.0000000Z', NULL, N'15th Floor', N'Regional Office', NULL, N'India', NULL, N'Tower B', '2025-01-21T00:00:00.0000000Z'),
(5, N'Sheraton Al Matar', NULL, NULL, N'Cairo', 1, NULL, N'Egypt', '2025-01-21T00:00:00.0000000Z', N'El Nozha', NULL, N'Regional Office', N'P.O. Box 11736', N'Egypt', N'181 El-Orouba St', NULL, '2025-01-21T00:00:00.0000000Z');
IF EXISTS (SELECT * FROM [sys].[identity_columns] WHERE [name] IN (N'Id', N'Area', N'Building', N'BuildingNumber', N'City', N'CompanyContactInfoId', N'CompanyName', N'Country', N'CreatedAt', N'District', N'Floor', N'OfficeType', N'PoBox', N'Region', N'Street', N'Tower', N'UpdatedAt') AND [object_id] = OBJECT_ID(N'[CompanyOffices]'))
    SET IDENTITY_INSERT [CompanyOffices] OFF;
2026-01-21 10:57:25.115 +03:00 [INF] Executed DbCommand (3ms) [Parameters=[], CommandType='"Text"', CommandTimeout='30']
INSERT INTO [__EFMigrationsHistory] ([MigrationId], [ProductVersion])
VALUES (N'20260121075521_SeedContactData', N'10.0.1');
2026-01-21 10:57:25.165 +03:00 [INF] Executed DbCommand (2ms) [Parameters=[], CommandType='"Text"', CommandTimeout='30']
DECLARE @result int;
EXEC @result = sp_releaseapplock @Resource = '__EFMigrationsLock', @LockOwner = 'Session';
SELECT @result
2026-01-21 10:57:25.183 +03:00 [INF] Database migration completed successfully
2026-01-21 10:57:25.198 +03:00 [INF] Market Intelligence API starting...
2026-01-21 10:57:25.266 +03:00 [INF] Now listening on: http://localhost:5021
2026-01-21 10:57:25.275 +03:00 [INF] Application started. Press Ctrl+C to shut down.
2026-01-21 10:57:25.279 +03:00 [INF] Hosting environment: Development
2026-01-21 10:57:25.283 +03:00 [INF] Content root path: D:\Storage Market Intel\Alfanar.MarketIntel\Alfanar.MarketIntel.Api
2026-01-21 10:57:51.117 +03:00 [INF] Application is shutting down...
2026-01-21 10:59:13.568 +03:00 [INF] Executed DbCommand (12ms) [Parameters=[], CommandType='"Text"', CommandTimeout='30']
SELECT 1 {"EventId":{"Id":20101,"Name":"Microsoft.EntityFrameworkCore.Database.Command.CommandExecuted"},"SourceContext":"Microsoft.EntityFrameworkCore.Database.Command"}
2026-01-21 10:59:13.633 +03:00 [INF] Acquiring an exclusive lock for migration application. See https://aka.ms/efcore-docs-migrations-lock for more information if this takes too long. {"EventId":{"Id":20411,"Name":"Microsoft.EntityFrameworkCore.Migrations.AcquiringMigrationLock"},"SourceContext":"Microsoft.EntityFrameworkCore.Migrations"}
2026-01-21 10:59:13.655 +03:00 [INF] Executed DbCommand (13ms) [Parameters=[], CommandType='"Text"', CommandTimeout='30']
DECLARE @result int;
EXEC @result = sp_getapplock @Resource = '__EFMigrationsLock', @LockOwner = 'Session', @LockMode = 'Exclusive';
SELECT @result {"EventId":{"Id":20101,"Name":"Microsoft.EntityFrameworkCore.Database.Command.CommandExecuted"},"SourceContext":"Microsoft.EntityFrameworkCore.Database.Command"}
2026-01-21 10:59:13.715 +03:00 [INF] Executed DbCommand (2ms) [Parameters=[], CommandType='"Text"', CommandTimeout='30']
IF OBJECT_ID(N'[__EFMigrationsHistory]') IS NULL
BEGIN
    CREATE TABLE [__EFMigrationsHistory] (
        [MigrationId] nvarchar(150) NOT NULL,
        [ProductVersion] nvarchar(32) NOT NULL,
        CONSTRAINT [PK___EFMigrationsHistory] PRIMARY KEY ([MigrationId])
    );
END; {"EventId":{"Id":20101,"Name":"Microsoft.EntityFrameworkCore.Database.Command.CommandExecuted"},"SourceContext":"Microsoft.EntityFrameworkCore.Database.Command"}
2026-01-21 10:59:13.732 +03:00 [INF] Executed DbCommand (0ms) [Parameters=[], CommandType='"Text"', CommandTimeout='30']
SELECT 1 {"EventId":{"Id":20101,"Name":"Microsoft.EntityFrameworkCore.Database.Command.CommandExecuted"},"SourceContext":"Microsoft.EntityFrameworkCore.Database.Command"}
2026-01-21 10:59:13.745 +03:00 [INF] Executed DbCommand (1ms) [Parameters=[], CommandType='"Text"', CommandTimeout='30']
SELECT OBJECT_ID(N'[__EFMigrationsHistory]'); {"EventId":{"Id":20101,"Name":"Microsoft.EntityFrameworkCore.Database.Command.CommandExecuted"},"SourceContext":"Microsoft.EntityFrameworkCore.Database.Command"}
2026-01-21 10:59:13.759 +03:00 [INF] Executed DbCommand (6ms) [Parameters=[], CommandType='"Text"', CommandTimeout='30']
SELECT [MigrationId], [ProductVersion]
FROM [__EFMigrationsHistory]
ORDER BY [MigrationId]; {"EventId":{"Id":20101,"Name":"Microsoft.EntityFrameworkCore.Database.Command.CommandExecuted"},"SourceContext":"Microsoft.EntityFrameworkCore.Database.Command"}
2026-01-21 10:59:13.776 +03:00 [INF] No migrations were applied. The database is already up to date. {"EventId":{"Id":20405,"Name":"Microsoft.EntityFrameworkCore.Migrations.MigrationsNotApplied"},"SourceContext":"Microsoft.EntityFrameworkCore.Migrations"}
2026-01-21 10:59:13.782 +03:00 [INF] Executed DbCommand (1ms) [Parameters=[], CommandType='"Text"', CommandTimeout='30']
DECLARE @result int;
EXEC @result = sp_releaseapplock @Resource = '__EFMigrationsLock', @LockOwner = 'Session';
SELECT @result {"EventId":{"Id":20101,"Name":"Microsoft.EntityFrameworkCore.Database.Command.CommandExecuted"},"SourceContext":"Microsoft.EntityFrameworkCore.Database.Command"}
2026-01-21 10:59:13.790 +03:00 [INF] Database migration completed successfully {}
2026-01-21 10:59:13.795 +03:00 [INF] Market Intelligence API starting... {}
2026-01-21 10:59:13.837 +03:00 [INF] Now listening on: http://localhost:5021 {"EventId":{"Id":14,"Name":"ListeningOnAddress"},"SourceContext":"Microsoft.Hosting.Lifetime"}
2026-01-21 10:59:13.848 +03:00 [INF] Application started. Press Ctrl+C to shut down. {"SourceContext":"Microsoft.Hosting.Lifetime"}
2026-01-21 10:59:13.853 +03:00 [INF] Hosting environment: Development {"SourceContext":"Microsoft.Hosting.Lifetime"}
2026-01-21 10:59:13.858 +03:00 [INF] Content root path: D:\Storage Market Intel\Alfanar.MarketIntel\Alfanar.MarketIntel.Api {"SourceContext":"Microsoft.Hosting.Lifetime"}
2026-01-21 10:59:37.782 +03:00 [INF] Application is shutting down... {"SourceContext":"Microsoft.Hosting.Lifetime"}
