2026-02-10 12:31:36.861 +03:00 [INF] Executed DbCommand (8ms) [Parameters=[], CommandType='"Text"', CommandTimeout='30']
SELECT 1
2026-02-10 12:31:36.896 +03:00 [INF] Executed DbCommand (7ms) [Parameters=[], CommandType='"Text"', CommandTimeout='30']
SELECT OBJECT_ID(N'[__EFMigrationsHistory]');
2026-02-10 12:31:36.897 +03:00 [INF] Executed DbCommand (0ms) [Parameters=[], CommandType='"Text"', CommandTimeout='30']
SELECT 1
2026-02-10 12:31:36.898 +03:00 [INF] Executed DbCommand (0ms) [Parameters=[], CommandType='"Text"', CommandTimeout='30']
SELECT OBJECT_ID(N'[__EFMigrationsHistory]');
2026-02-10 12:31:36.910 +03:00 [INF] Executed DbCommand (6ms) [Parameters=[], CommandType='"Text"', CommandTimeout='30']
SELECT [MigrationId], [ProductVersion]
FROM [__EFMigrationsHistory]
ORDER BY [MigrationId];
2026-02-10 12:31:36.926 +03:00 [INF] No migrations were applied. The database is already up to date.
2026-02-10 12:31:36.927 +03:00 [INF] Database migration completed successfully
2026-02-10 12:31:36.928 +03:00 [INF] Market Intelligence API starting...
2026-02-10 12:31:36.949 +03:00 [INF] Now listening on: http://localhost:5021
2026-02-10 12:31:36.950 +03:00 [INF] Application started. Press Ctrl+C to shut down.
2026-02-10 12:31:36.950 +03:00 [INF] Hosting environment: Development
2026-02-10 12:31:36.950 +03:00 [INF] Content root path: D:\Storage Market Intel\Alfanar.MarketIntel\Alfanar.MarketIntel.Api
2026-02-10 12:32:38.839 +03:00 [INF] Request starting HTTP/1.1 GET http://localhost:5021/swagger/index.html - null null
2026-02-10 12:32:38.884 +03:00 [INF] HTTP GET /swagger/index.html responded 200 in 29.9048 ms
2026-02-10 12:32:38.885 +03:00 [INF] Request finished HTTP/1.1 GET http://localhost:5021/swagger/index.html - 200 null text/html;charset=utf-8 46.2878ms
2026-02-10 12:32:46.892 +03:00 [INF] Request starting HTTP/1.1 POST http://localhost:5021/api/web-search/search - application/json 52
2026-02-10 12:32:46.894 +03:00 [WRN] Failed to determine the https port for redirect.
2026-02-10 12:32:46.895 +03:00 [INF] Executing endpoint 'Alfanar.MarketIntel.Api.Controllers.WebSearchController.SearchAsync (Alfanar.MarketIntel.Api)'
2026-02-10 12:32:46.902 +03:00 [INF] Route matched with {action = "Search", controller = "WebSearch"}. Executing controller action with signature System.Threading.Tasks.Task`1[Microsoft.AspNetCore.Mvc.IActionResult] SearchAsync(Alfanar.MarketIntel.Application.DTOs.WebSearchRequestDto) on controller Alfanar.MarketIntel.Api.Controllers.WebSearchController (Alfanar.MarketIntel.Api).
2026-02-10 12:32:46.916 +03:00 [INF] Processing web search for keyword: HVDC power transmission
2026-02-10 12:32:46.918 +03:00 [INF] Searching with newsapi for: HVDC power transmission
2026-02-10 12:32:46.919 +03:00 [INF] Executing NewsAPI search for: HVDC power transmission
2026-02-10 12:32:46.920 +03:00 [DBG] Calling NewsAPI: https://newsapi.org/v2/everything
2026-02-10 12:32:46.922 +03:00 [INF] Start processing HTTP request GET https://newsapi.org/v2/everything?q=HVDC%20power%20transmission&apiKey=f97e61f347444bcd97c089996120f152&pageSize=5&sortBy=publishedAt&language=en
2026-02-10 12:32:46.923 +03:00 [INF] Sending HTTP request GET https://newsapi.org/v2/everything?q=HVDC%20power%20transmission&apiKey=f97e61f347444bcd97c089996120f152&pageSize=5&sortBy=publishedAt&language=en
2026-02-10 12:32:47.879 +03:00 [INF] Received HTTP response headers after 955.1001ms - 400
2026-02-10 12:32:47.880 +03:00 [INF] End processing HTTP request after 959.2694ms - 400
2026-02-10 12:32:47.882 +03:00 [ERR] Error searching with NewsAPI for keyword: HVDC power transmission
System.Net.Http.HttpRequestException: Response status code does not indicate success: 400 (Bad Request).
   at System.Net.Http.HttpResponseMessage.EnsureSuccessStatusCode()
   at Alfanar.MarketIntel.Application.Services.NewsApiService.SearchAsync(WebSearchRequestDto request) in D:\Storage Market Intel\Alfanar.MarketIntel\Alfanar.MarketIntel.Application\Services\NewsApiService.cs:line 74
2026-02-10 12:32:47.885 +03:00 [WRN] NewsAPI failed, attempting fallback to Google for: HVDC power transmission
System.Net.Http.HttpRequestException: Response status code does not indicate success: 400 (Bad Request).
   at System.Net.Http.HttpResponseMessage.EnsureSuccessStatusCode()
   at Alfanar.MarketIntel.Application.Services.NewsApiService.SearchAsync(WebSearchRequestDto request) in D:\Storage Market Intel\Alfanar.MarketIntel\Alfanar.MarketIntel.Application\Services\NewsApiService.cs:line 74
   at Alfanar.MarketIntel.Application.Services.WebSearchService.SearchAsync(WebSearchRequestDto request) in D:\Storage Market Intel\Alfanar.MarketIntel\Alfanar.MarketIntel.Application\Services\WebSearchService.cs:line 65
2026-02-10 12:32:47.887 +03:00 [INF] Executing Google Custom Search for: HVDC power transmission
2026-02-10 12:32:47.887 +03:00 [DBG] Calling Google Custom Search API: https://www.googleapis.com/customsearch/v1
2026-02-10 12:32:47.887 +03:00 [INF] Start processing HTTP request GET https://www.googleapis.com/customsearch/v1?q=HVDC%20power%20transmission&key=AIzaSyCD8iVcQYMZJM4MYKDaYFDAg0iBHzAwAaQ&cx=50edacb13c3074780&num=5
2026-02-10 12:32:47.887 +03:00 [INF] Sending HTTP request GET https://www.googleapis.com/customsearch/v1?q=HVDC%20power%20transmission&key=AIzaSyCD8iVcQYMZJM4MYKDaYFDAg0iBHzAwAaQ&cx=50edacb13c3074780&num=5
2026-02-10 12:32:51.856 +03:00 [INF] Received HTTP response headers after 3968.4722ms - 403
2026-02-10 12:32:51.857 +03:00 [INF] End processing HTTP request after 3969.4899ms - 403
2026-02-10 12:32:51.857 +03:00 [ERR] Error searching with Google for keyword: HVDC power transmission
System.Net.Http.HttpRequestException: Response status code does not indicate success: 403 (Forbidden).
   at System.Net.Http.HttpResponseMessage.EnsureSuccessStatusCode()
   at Alfanar.MarketIntel.Application.Services.GoogleSearchService.SearchAsync(WebSearchRequestDto request) in D:\Storage Market Intel\Alfanar.MarketIntel\Alfanar.MarketIntel.Application\Services\GoogleSearchService.cs:line 67
2026-02-10 12:32:51.858 +03:00 [ERR] Both NewsAPI and Google search failed for: HVDC power transmission
System.Net.Http.HttpRequestException: Response status code does not indicate success: 403 (Forbidden).
   at System.Net.Http.HttpResponseMessage.EnsureSuccessStatusCode()
   at Alfanar.MarketIntel.Application.Services.GoogleSearchService.SearchAsync(WebSearchRequestDto request) in D:\Storage Market Intel\Alfanar.MarketIntel\Alfanar.MarketIntel.Application\Services\GoogleSearchService.cs:line 67
   at Alfanar.MarketIntel.Application.Services.WebSearchService.SearchAsync(WebSearchRequestDto request) in D:\Storage Market Intel\Alfanar.MarketIntel\Alfanar.MarketIntel.Application\Services\WebSearchService.cs:line 90
2026-02-10 12:32:51.860 +03:00 [INF] Executing BadRequestObjectResult, writing value of type '<>f__AnonymousType2`1[[System.String, System.Private.CoreLib, Version=8.0.0.0, Culture=neutral, PublicKeyToken=7cec85d7bea7798e]]'.
2026-02-10 12:32:51.863 +03:00 [INF] Executed action Alfanar.MarketIntel.Api.Controllers.WebSearchController.SearchAsync (Alfanar.MarketIntel.Api) in 4958.9952ms
2026-02-10 12:32:51.864 +03:00 [INF] Executed endpoint 'Alfanar.MarketIntel.Api.Controllers.WebSearchController.SearchAsync (Alfanar.MarketIntel.Api)'
2026-02-10 12:32:51.864 +03:00 [INF] HTTP POST /api/web-search/search responded 400 in 4971.3465 ms
2026-02-10 12:32:51.866 +03:00 [INF] Request finished HTTP/1.1 POST http://localhost:5021/api/web-search/search - 400 null application/json; charset=utf-8 4974.0198ms
2026-02-10 12:34:27.448 +03:00 [INF] Executed DbCommand (7ms) [Parameters=[], CommandType='"Text"', CommandTimeout='30']
SELECT 1 {"EventId":{"Id":20101,"Name":"Microsoft.EntityFrameworkCore.Database.Command.CommandExecuted"},"SourceContext":"Microsoft.EntityFrameworkCore.Database.Command"}
2026-02-10 12:34:27.488 +03:00 [INF] Executed DbCommand (6ms) [Parameters=[], CommandType='"Text"', CommandTimeout='30']
SELECT OBJECT_ID(N'[__EFMigrationsHistory]'); {"EventId":{"Id":20101,"Name":"Microsoft.EntityFrameworkCore.Database.Command.CommandExecuted"},"SourceContext":"Microsoft.EntityFrameworkCore.Database.Command"}
2026-02-10 12:34:27.489 +03:00 [INF] Executed DbCommand (1ms) [Parameters=[], CommandType='"Text"', CommandTimeout='30']
SELECT 1 {"EventId":{"Id":20101,"Name":"Microsoft.EntityFrameworkCore.Database.Command.CommandExecuted"},"SourceContext":"Microsoft.EntityFrameworkCore.Database.Command"}
2026-02-10 12:34:27.490 +03:00 [INF] Executed DbCommand (0ms) [Parameters=[], CommandType='"Text"', CommandTimeout='30']
SELECT OBJECT_ID(N'[__EFMigrationsHistory]'); {"EventId":{"Id":20101,"Name":"Microsoft.EntityFrameworkCore.Database.Command.CommandExecuted"},"SourceContext":"Microsoft.EntityFrameworkCore.Database.Command"}
2026-02-10 12:34:27.501 +03:00 [INF] Executed DbCommand (6ms) [Parameters=[], CommandType='"Text"', CommandTimeout='30']
SELECT [MigrationId], [ProductVersion]
FROM [__EFMigrationsHistory]
ORDER BY [MigrationId]; {"EventId":{"Id":20101,"Name":"Microsoft.EntityFrameworkCore.Database.Command.CommandExecuted"},"SourceContext":"Microsoft.EntityFrameworkCore.Database.Command"}
2026-02-10 12:34:27.509 +03:00 [INF] No migrations were applied. The database is already up to date. {"EventId":{"Id":20405,"Name":"Microsoft.EntityFrameworkCore.Migrations.MigrationsNotApplied"},"SourceContext":"Microsoft.EntityFrameworkCore.Migrations"}
2026-02-10 12:34:27.509 +03:00 [INF] Database migration completed successfully {}
2026-02-10 12:34:27.511 +03:00 [INF] Market Intelligence API starting... {}
2026-02-10 12:34:27.531 +03:00 [INF] Now listening on: http://localhost:5021 {"EventId":{"Id":14,"Name":"ListeningOnAddress"},"SourceContext":"Microsoft.Hosting.Lifetime"}
2026-02-10 12:34:27.532 +03:00 [INF] Application started. Press Ctrl+C to shut down. {"SourceContext":"Microsoft.Hosting.Lifetime"}
2026-02-10 12:34:27.533 +03:00 [INF] Hosting environment: Development {"SourceContext":"Microsoft.Hosting.Lifetime"}
2026-02-10 12:34:27.533 +03:00 [INF] Content root path: D:\Storage Market Intel\Alfanar.MarketIntel\Alfanar.MarketIntel.Api {"SourceContext":"Microsoft.Hosting.Lifetime"}
2026-02-10 12:34:58.088 +03:00 [INF] Request starting HTTP/1.1 POST http://localhost:5021/api/web-search/search - application/json 33 {"EventId":{"Id":1},"SourceContext":"Microsoft.AspNetCore.Hosting.Diagnostics","RequestId":"0HNJ8GUJV5PJ8:00000001","RequestPath":"/api/web-search/search","ConnectionId":"0HNJ8GUJV5PJ8"}
2026-02-10 12:34:58.106 +03:00 [WRN] Failed to determine the https port for redirect. {"EventId":{"Id":3,"Name":"FailedToDeterminePort"},"SourceContext":"Microsoft.AspNetCore.HttpsPolicy.HttpsRedirectionMiddleware","RequestId":"0HNJ8GUJV5PJ8:00000001","RequestPath":"/api/web-search/search","ConnectionId":"0HNJ8GUJV5PJ8"}
2026-02-10 12:34:58.109 +03:00 [INF] Executing endpoint 'Alfanar.MarketIntel.Api.Controllers.WebSearchController.SearchAsync (Alfanar.MarketIntel.Api)' {"EventId":{"Name":"ExecutingEndpoint"},"SourceContext":"Microsoft.AspNetCore.Routing.EndpointMiddleware","RequestId":"0HNJ8GUJV5PJ8:00000001","RequestPath":"/api/web-search/search","ConnectionId":"0HNJ8GUJV5PJ8"}
2026-02-10 12:34:58.116 +03:00 [INF] Route matched with {action = "Search", controller = "WebSearch"}. Executing controller action with signature System.Threading.Tasks.Task`1[Microsoft.AspNetCore.Mvc.IActionResult] SearchAsync(Alfanar.MarketIntel.Application.DTOs.WebSearchRequestDto) on controller Alfanar.MarketIntel.Api.Controllers.WebSearchController (Alfanar.MarketIntel.Api). {"EventId":{"Id":102,"Name":"ControllerActionExecuting"},"SourceContext":"Microsoft.AspNetCore.Mvc.Infrastructure.ControllerActionInvoker","ActionId":"c3724282-a65c-40f6-83eb-1792708e5c45","ActionName":"Alfanar.MarketIntel.Api.Controllers.WebSearchController.SearchAsync (Alfanar.MarketIntel.Api)","RequestId":"0HNJ8GUJV5PJ8:00000001","RequestPath":"/api/web-search/search","ConnectionId":"0HNJ8GUJV5PJ8"}
2026-02-10 12:34:58.137 +03:00 [INF] Processing web search for keyword: HVDC {"SourceContext":"Alfanar.MarketIntel.Api.Controllers.WebSearchController","ActionId":"c3724282-a65c-40f6-83eb-1792708e5c45","ActionName":"Alfanar.MarketIntel.Api.Controllers.WebSearchController.SearchAsync (Alfanar.MarketIntel.Api)","RequestId":"0HNJ8GUJV5PJ8:00000001","RequestPath":"/api/web-search/search","ConnectionId":"0HNJ8GUJV5PJ8"}
2026-02-10 12:34:58.139 +03:00 [INF] Searching with newsapi for: HVDC {"SourceContext":"Alfanar.MarketIntel.Application.Services.WebSearchService","ActionId":"c3724282-a65c-40f6-83eb-1792708e5c45","ActionName":"Alfanar.MarketIntel.Api.Controllers.WebSearchController.SearchAsync (Alfanar.MarketIntel.Api)","RequestId":"0HNJ8GUJV5PJ8:00000001","RequestPath":"/api/web-search/search","ConnectionId":"0HNJ8GUJV5PJ8"}
2026-02-10 12:34:58.140 +03:00 [INF] Executing NewsAPI search for: HVDC {"SourceContext":"Alfanar.MarketIntel.Application.Services.NewsApiService","ActionId":"c3724282-a65c-40f6-83eb-1792708e5c45","ActionName":"Alfanar.MarketIntel.Api.Controllers.WebSearchController.SearchAsync (Alfanar.MarketIntel.Api)","RequestId":"0HNJ8GUJV5PJ8:00000001","RequestPath":"/api/web-search/search","ConnectionId":"0HNJ8GUJV5PJ8"}
2026-02-10 12:34:58.141 +03:00 [DBG] Calling NewsAPI: https://newsapi.org/v2/everything?q=HVDC&apiKey=f97e61f347444bcd97c089996120f152&pageSize=5&sortBy=publishedAt&language=en {"SourceContext":"Alfanar.MarketIntel.Application.Services.NewsApiService","ActionId":"c3724282-a65c-40f6-83eb-1792708e5c45","ActionName":"Alfanar.MarketIntel.Api.Controllers.WebSearchController.SearchAsync (Alfanar.MarketIntel.Api)","RequestId":"0HNJ8GUJV5PJ8:00000001","RequestPath":"/api/web-search/search","ConnectionId":"0HNJ8GUJV5PJ8"}
2026-02-10 12:34:58.143 +03:00 [INF] Start processing HTTP request GET https://newsapi.org/v2/everything?q=HVDC&apiKey=f97e61f347444bcd97c089996120f152&pageSize=5&sortBy=publishedAt&language=en {"EventId":{"Id":100,"Name":"RequestPipelineStart"},"SourceContext":"System.Net.Http.HttpClient.Default.LogicalHandler","ActionId":"c3724282-a65c-40f6-83eb-1792708e5c45","ActionName":"Alfanar.MarketIntel.Api.Controllers.WebSearchController.SearchAsync (Alfanar.MarketIntel.Api)","RequestId":"0HNJ8GUJV5PJ8:00000001","RequestPath":"/api/web-search/search","ConnectionId":"0HNJ8GUJV5PJ8","Scope":["HTTP GET https://newsapi.org/v2/everything?q=HVDC&apiKey=f97e61f347444bcd97c089996120f152&pageSize=5&sortBy=publishedAt&language=en"]}
2026-02-10 12:34:58.144 +03:00 [INF] Sending HTTP request GET https://newsapi.org/v2/everything?q=HVDC&apiKey=f97e61f347444bcd97c089996120f152&pageSize=5&sortBy=publishedAt&language=en {"EventId":{"Id":100,"Name":"RequestStart"},"SourceContext":"System.Net.Http.HttpClient.Default.ClientHandler","ActionId":"c3724282-a65c-40f6-83eb-1792708e5c45","ActionName":"Alfanar.MarketIntel.Api.Controllers.WebSearchController.SearchAsync (Alfanar.MarketIntel.Api)","RequestId":"0HNJ8GUJV5PJ8:00000001","RequestPath":"/api/web-search/search","ConnectionId":"0HNJ8GUJV5PJ8","Scope":["HTTP GET https://newsapi.org/v2/everything?q=HVDC&apiKey=f97e61f347444bcd97c089996120f152&pageSize=5&sortBy=publishedAt&language=en"]}
2026-02-10 12:34:58.539 +03:00 [INF] Received HTTP response headers after 393.7483ms - 200 {"EventId":{"Id":101,"Name":"RequestEnd"},"SourceContext":"System.Net.Http.HttpClient.Default.ClientHandler","HttpMethod":"GET","Uri":"https://newsapi.org/v2/everything?q=HVDC&apiKey=f97e61f347444bcd97c089996120f152&pageSize=5&sortBy=publishedAt&language=en","ActionId":"c3724282-a65c-40f6-83eb-1792708e5c45","ActionName":"Alfanar.MarketIntel.Api.Controllers.WebSearchController.SearchAsync (Alfanar.MarketIntel.Api)","RequestId":"0HNJ8GUJV5PJ8:00000001","RequestPath":"/api/web-search/search","ConnectionId":"0HNJ8GUJV5PJ8","Scope":["HTTP GET https://newsapi.org/v2/everything?q=HVDC&apiKey=f97e61f347444bcd97c089996120f152&pageSize=5&sortBy=publishedAt&language=en"]}
2026-02-10 12:34:58.540 +03:00 [INF] End processing HTTP request after 398.7823ms - 200 {"EventId":{"Id":101,"Name":"RequestPipelineEnd"},"SourceContext":"System.Net.Http.HttpClient.Default.LogicalHandler","HttpMethod":"GET","Uri":"https://newsapi.org/v2/everything?q=HVDC&apiKey=f97e61f347444bcd97c089996120f152&pageSize=5&sortBy=publishedAt&language=en","ActionId":"c3724282-a65c-40f6-83eb-1792708e5c45","ActionName":"Alfanar.MarketIntel.Api.Controllers.WebSearchController.SearchAsync (Alfanar.MarketIntel.Api)","RequestId":"0HNJ8GUJV5PJ8:00000001","RequestPath":"/api/web-search/search","ConnectionId":"0HNJ8GUJV5PJ8","Scope":["HTTP GET https://newsapi.org/v2/everything?q=HVDC&apiKey=f97e61f347444bcd97c089996120f152&pageSize=5&sortBy=publishedAt&language=en"]}
2026-02-10 12:34:58.554 +03:00 [INF] NewsAPI returned 5 articles for keyword: HVDC {"SourceContext":"Alfanar.MarketIntel.Application.Services.NewsApiService","ActionId":"c3724282-a65c-40f6-83eb-1792708e5c45","ActionName":"Alfanar.MarketIntel.Api.Controllers.WebSearchController.SearchAsync (Alfanar.MarketIntel.Api)","RequestId":"0HNJ8GUJV5PJ8:00000001","RequestPath":"/api/web-search/search","ConnectionId":"0HNJ8GUJV5PJ8"}
2026-02-10 12:34:58.670 +03:00 [INF] Executed DbCommand (12ms) [Parameters=[@__url_0='?' (Size = 2000), @__keyword_1='?' (Size = 500)], CommandType='"Text"', CommandTimeout='30']
SELECT TOP(1) [w].[Id], [w].[IsFromMonitoring], [w].[Keyword], [w].[KeywordMonitorId], [w].[Metadata], [w].[PublishedDate], [w].[RetrievedUtc], [w].[SearchProvider], [w].[Snippet], [w].[Source], [w].[Title], [w].[Url]
FROM [WebSearchResults] AS [w]
WHERE [w].[Url] = @__url_0 AND [w].[Keyword] = @__keyword_1 {"EventId":{"Id":20101,"Name":"Microsoft.EntityFrameworkCore.Database.Command.CommandExecuted"},"SourceContext":"Microsoft.EntityFrameworkCore.Database.Command","ActionId":"c3724282-a65c-40f6-83eb-1792708e5c45","ActionName":"Alfanar.MarketIntel.Api.Controllers.WebSearchController.SearchAsync (Alfanar.MarketIntel.Api)","RequestId":"0HNJ8GUJV5PJ8:00000001","RequestPath":"/api/web-search/search","ConnectionId":"0HNJ8GUJV5PJ8"}
2026-02-10 12:34:58.713 +03:00 [INF] Executed DbCommand (0ms) [Parameters=[@__url_0='?' (Size = 2000), @__keyword_1='?' (Size = 500)], CommandType='"Text"', CommandTimeout='30']
SELECT TOP(1) [w].[Id], [w].[IsFromMonitoring], [w].[Keyword], [w].[KeywordMonitorId], [w].[Metadata], [w].[PublishedDate], [w].[RetrievedUtc], [w].[SearchProvider], [w].[Snippet], [w].[Source], [w].[Title], [w].[Url]
FROM [WebSearchResults] AS [w]
WHERE [w].[Url] = @__url_0 AND [w].[Keyword] = @__keyword_1 {"EventId":{"Id":20101,"Name":"Microsoft.EntityFrameworkCore.Database.Command.CommandExecuted"},"SourceContext":"Microsoft.EntityFrameworkCore.Database.Command","ActionId":"c3724282-a65c-40f6-83eb-1792708e5c45","ActionName":"Alfanar.MarketIntel.Api.Controllers.WebSearchController.SearchAsync (Alfanar.MarketIntel.Api)","RequestId":"0HNJ8GUJV5PJ8:00000001","RequestPath":"/api/web-search/search","ConnectionId":"0HNJ8GUJV5PJ8"}
2026-02-10 12:34:58.715 +03:00 [INF] Executed DbCommand (0ms) [Parameters=[@__url_0='?' (Size = 2000), @__keyword_1='?' (Size = 500)], CommandType='"Text"', CommandTimeout='30']
SELECT TOP(1) [w].[Id], [w].[IsFromMonitoring], [w].[Keyword], [w].[KeywordMonitorId], [w].[Metadata], [w].[PublishedDate], [w].[RetrievedUtc], [w].[SearchProvider], [w].[Snippet], [w].[Source], [w].[Title], [w].[Url]
FROM [WebSearchResults] AS [w]
WHERE [w].[Url] = @__url_0 AND [w].[Keyword] = @__keyword_1 {"EventId":{"Id":20101,"Name":"Microsoft.EntityFrameworkCore.Database.Command.CommandExecuted"},"SourceContext":"Microsoft.EntityFrameworkCore.Database.Command","ActionId":"c3724282-a65c-40f6-83eb-1792708e5c45","ActionName":"Alfanar.MarketIntel.Api.Controllers.WebSearchController.SearchAsync (Alfanar.MarketIntel.Api)","RequestId":"0HNJ8GUJV5PJ8:00000001","RequestPath":"/api/web-search/search","ConnectionId":"0HNJ8GUJV5PJ8"}
2026-02-10 12:34:58.716 +03:00 [INF] Executed DbCommand (0ms) [Parameters=[@__url_0='?' (Size = 2000), @__keyword_1='?' (Size = 500)], CommandType='"Text"', CommandTimeout='30']
SELECT TOP(1) [w].[Id], [w].[IsFromMonitoring], [w].[Keyword], [w].[KeywordMonitorId], [w].[Metadata], [w].[PublishedDate], [w].[RetrievedUtc], [w].[SearchProvider], [w].[Snippet], [w].[Source], [w].[Title], [w].[Url]
FROM [WebSearchResults] AS [w]
WHERE [w].[Url] = @__url_0 AND [w].[Keyword] = @__keyword_1 {"EventId":{"Id":20101,"Name":"Microsoft.EntityFrameworkCore.Database.Command.CommandExecuted"},"SourceContext":"Microsoft.EntityFrameworkCore.Database.Command","ActionId":"c3724282-a65c-40f6-83eb-1792708e5c45","ActionName":"Alfanar.MarketIntel.Api.Controllers.WebSearchController.SearchAsync (Alfanar.MarketIntel.Api)","RequestId":"0HNJ8GUJV5PJ8:00000001","RequestPath":"/api/web-search/search","ConnectionId":"0HNJ8GUJV5PJ8"}
2026-02-10 12:34:58.717 +03:00 [INF] Executed DbCommand (0ms) [Parameters=[@__url_0='?' (Size = 2000), @__keyword_1='?' (Size = 500)], CommandType='"Text"', CommandTimeout='30']
SELECT TOP(1) [w].[Id], [w].[IsFromMonitoring], [w].[Keyword], [w].[KeywordMonitorId], [w].[Metadata], [w].[PublishedDate], [w].[RetrievedUtc], [w].[SearchProvider], [w].[Snippet], [w].[Source], [w].[Title], [w].[Url]
FROM [WebSearchResults] AS [w]
WHERE [w].[Url] = @__url_0 AND [w].[Keyword] = @__keyword_1 {"EventId":{"Id":20101,"Name":"Microsoft.EntityFrameworkCore.Database.Command.CommandExecuted"},"SourceContext":"Microsoft.EntityFrameworkCore.Database.Command","ActionId":"c3724282-a65c-40f6-83eb-1792708e5c45","ActionName":"Alfanar.MarketIntel.Api.Controllers.WebSearchController.SearchAsync (Alfanar.MarketIntel.Api)","RequestId":"0HNJ8GUJV5PJ8:00000001","RequestPath":"/api/web-search/search","ConnectionId":"0HNJ8GUJV5PJ8"}
2026-02-10 12:34:58.758 +03:00 [INF] Executed DbCommand (7ms) [Parameters=[@p0='?' (DbType = Guid), @p1='?' (DbType = Boolean), @p2='?' (Size = 500), @p3='?' (DbType = Guid), @p4='?' (Size = 4000), @p5='?' (DbType = DateTime2), @p6='?' (DbType = DateTime2), @p7='?' (Size = 50), @p8='?' (Size = 2000), @p9='?' (Size = 200), @p10='?' (Size = 1000), @p11='?' (Size = 2000), @p12='?' (DbType = Guid), @p13='?' (DbType = Boolean), @p14='?' (Size = 500), @p15='?' (DbType = Guid), @p16='?' (Size = 4000), @p17='?' (DbType = DateTime2), @p18='?' (DbType = DateTime2), @p19='?' (Size = 50), @p20='?' (Size = 2000), @p21='?' (Size = 200), @p22='?' (Size = 1000), @p23='?' (Size = 2000), @p24='?' (DbType = Guid), @p25='?' (DbType = Boolean), @p26='?' (Size = 500), @p27='?' (DbType = Guid), @p28='?' (Size = 4000), @p29='?' (DbType = DateTime2), @p30='?' (DbType = DateTime2), @p31='?' (Size = 50), @p32='?' (Size = 2000), @p33='?' (Size = 200), @p34='?' (Size = 1000), @p35='?' (Size = 2000), @p36='?' (DbType = Guid), @p37='?' (DbType = Boolean), @p38='?' (Size = 500), @p39='?' (DbType = Guid), @p40='?' (Size = 4000), @p41='?' (DbType = DateTime2), @p42='?' (DbType = DateTime2), @p43='?' (Size = 50), @p44='?' (Size = 2000), @p45='?' (Size = 200), @p46='?' (Size = 1000), @p47='?' (Size = 2000), @p48='?' (DbType = Guid), @p49='?' (DbType = Boolean), @p50='?' (Size = 500), @p51='?' (DbType = Guid), @p52='?' (Size = 4000), @p53='?' (DbType = DateTime2), @p54='?' (DbType = DateTime2), @p55='?' (Size = 50), @p56='?' (Size = 2000), @p57='?' (Size = 200), @p58='?' (Size = 1000), @p59='?' (Size = 2000)], CommandType='"Text"', CommandTimeout='30']
SET IMPLICIT_TRANSACTIONS OFF;
SET NOCOUNT ON;
INSERT INTO [WebSearchResults] ([Id], [IsFromMonitoring], [Keyword], [KeywordMonitorId], [Metadata], [PublishedDate], [RetrievedUtc], [SearchProvider], [Snippet], [Source], [Title], [Url])
VALUES (@p0, @p1, @p2, @p3, @p4, @p5, @p6, @p7, @p8, @p9, @p10, @p11),
(@p12, @p13, @p14, @p15, @p16, @p17, @p18, @p19, @p20, @p21, @p22, @p23),
(@p24, @p25, @p26, @p27, @p28, @p29, @p30, @p31, @p32, @p33, @p34, @p35),
(@p36, @p37, @p38, @p39, @p40, @p41, @p42, @p43, @p44, @p45, @p46, @p47),
(@p48, @p49, @p50, @p51, @p52, @p53, @p54, @p55, @p56, @p57, @p58, @p59); {"EventId":{"Id":20101,"Name":"Microsoft.EntityFrameworkCore.Database.Command.CommandExecuted"},"SourceContext":"Microsoft.EntityFrameworkCore.Database.Command","ActionId":"c3724282-a65c-40f6-83eb-1792708e5c45","ActionName":"Alfanar.MarketIntel.Api.Controllers.WebSearchController.SearchAsync (Alfanar.MarketIntel.Api)","RequestId":"0HNJ8GUJV5PJ8:00000001","RequestPath":"/api/web-search/search","ConnectionId":"0HNJ8GUJV5PJ8"}
2026-02-10 12:34:58.763 +03:00 [INF] Cached 5 search results for: HVDC {"SourceContext":"Alfanar.MarketIntel.Application.Services.WebSearchService","ActionId":"c3724282-a65c-40f6-83eb-1792708e5c45","ActionName":"Alfanar.MarketIntel.Api.Controllers.WebSearchController.SearchAsync (Alfanar.MarketIntel.Api)","RequestId":"0HNJ8GUJV5PJ8:00000001","RequestPath":"/api/web-search/search","ConnectionId":"0HNJ8GUJV5PJ8"}
2026-02-10 12:34:58.765 +03:00 [INF] Executing OkObjectResult, writing value of type 'System.Collections.Generic.List`1[[Alfanar.MarketIntel.Application.DTOs.WebSearchResultDto, Alfanar.MarketIntel.Application, Version=1.0.0.0, Culture=neutral, PublicKeyToken=null]]'. {"EventId":{"Id":1,"Name":"ObjectResultExecuting"},"SourceContext":"Microsoft.AspNetCore.Mvc.Infrastructure.ObjectResultExecutor","ActionId":"c3724282-a65c-40f6-83eb-1792708e5c45","ActionName":"Alfanar.MarketIntel.Api.Controllers.WebSearchController.SearchAsync (Alfanar.MarketIntel.Api)","RequestId":"0HNJ8GUJV5PJ8:00000001","RequestPath":"/api/web-search/search","ConnectionId":"0HNJ8GUJV5PJ8"}
2026-02-10 12:34:58.775 +03:00 [INF] Executed action Alfanar.MarketIntel.Api.Controllers.WebSearchController.SearchAsync (Alfanar.MarketIntel.Api) in 657.0726ms {"EventId":{"Id":105,"Name":"ActionExecuted"},"SourceContext":"Microsoft.AspNetCore.Mvc.Infrastructure.ControllerActionInvoker","RequestId":"0HNJ8GUJV5PJ8:00000001","RequestPath":"/api/web-search/search","ConnectionId":"0HNJ8GUJV5PJ8"}
2026-02-10 12:34:58.776 +03:00 [INF] Executed endpoint 'Alfanar.MarketIntel.Api.Controllers.WebSearchController.SearchAsync (Alfanar.MarketIntel.Api)' {"EventId":{"Id":1,"Name":"ExecutedEndpoint"},"SourceContext":"Microsoft.AspNetCore.Routing.EndpointMiddleware","RequestId":"0HNJ8GUJV5PJ8:00000001","RequestPath":"/api/web-search/search","ConnectionId":"0HNJ8GUJV5PJ8"}
2026-02-10 12:34:58.777 +03:00 [INF] HTTP POST /api/web-search/search responded 200 in 675.1020 ms {"SourceContext":"Serilog.AspNetCore.RequestLoggingMiddleware","RequestId":"0HNJ8GUJV5PJ8:00000001","ConnectionId":"0HNJ8GUJV5PJ8"}
2026-02-10 12:34:58.779 +03:00 [INF] Request finished HTTP/1.1 POST http://localhost:5021/api/web-search/search - 200 null application/json; charset=utf-8 691.8543ms {"EventId":{"Id":2},"SourceContext":"Microsoft.AspNetCore.Hosting.Diagnostics","RequestId":"0HNJ8GUJV5PJ8:00000001","RequestPath":"/api/web-search/search","ConnectionId":"0HNJ8GUJV5PJ8"}
2026-02-10 12:36:28.735 +03:00 [INF] Request starting HTTP/1.1 POST http://localhost:5021/api/web-search/search - application/json 49 {"EventId":{"Id":1},"SourceContext":"Microsoft.AspNetCore.Hosting.Diagnostics","RequestId":"0HNJ8GUJV5PJ9:00000001","RequestPath":"/api/web-search/search","ConnectionId":"0HNJ8GUJV5PJ9"}
2026-02-10 12:36:28.738 +03:00 [INF] Executing endpoint 'Alfanar.MarketIntel.Api.Controllers.WebSearchController.SearchAsync (Alfanar.MarketIntel.Api)' {"EventId":{"Name":"ExecutingEndpoint"},"SourceContext":"Microsoft.AspNetCore.Routing.EndpointMiddleware","RequestId":"0HNJ8GUJV5PJ9:00000001","RequestPath":"/api/web-search/search","ConnectionId":"0HNJ8GUJV5PJ9"}
2026-02-10 12:36:28.738 +03:00 [INF] Route matched with {action = "Search", controller = "WebSearch"}. Executing controller action with signature System.Threading.Tasks.Task`1[Microsoft.AspNetCore.Mvc.IActionResult] SearchAsync(Alfanar.MarketIntel.Application.DTOs.WebSearchRequestDto) on controller Alfanar.MarketIntel.Api.Controllers.WebSearchController (Alfanar.MarketIntel.Api). {"EventId":{"Id":102,"Name":"ControllerActionExecuting"},"SourceContext":"Microsoft.AspNetCore.Mvc.Infrastructure.ControllerActionInvoker","ActionId":"c3724282-a65c-40f6-83eb-1792708e5c45","ActionName":"Alfanar.MarketIntel.Api.Controllers.WebSearchController.SearchAsync (Alfanar.MarketIntel.Api)","RequestId":"0HNJ8GUJV5PJ9:00000001","RequestPath":"/api/web-search/search","ConnectionId":"0HNJ8GUJV5PJ9"}
2026-02-10 12:36:28.743 +03:00 [INF] Executing BadRequestObjectResult, writing value of type 'Microsoft.AspNetCore.Mvc.ValidationProblemDetails'. {"EventId":{"Id":1,"Name":"ObjectResultExecuting"},"SourceContext":"Microsoft.AspNetCore.Mvc.Infrastructure.ObjectResultExecutor","ActionId":"c3724282-a65c-40f6-83eb-1792708e5c45","ActionName":"Alfanar.MarketIntel.Api.Controllers.WebSearchController.SearchAsync (Alfanar.MarketIntel.Api)","RequestId":"0HNJ8GUJV5PJ9:00000001","RequestPath":"/api/web-search/search","ConnectionId":"0HNJ8GUJV5PJ9"}
2026-02-10 12:36:28.752 +03:00 [INF] Executed action Alfanar.MarketIntel.Api.Controllers.WebSearchController.SearchAsync (Alfanar.MarketIntel.Api) in 13.4129ms {"EventId":{"Id":105,"Name":"ActionExecuted"},"SourceContext":"Microsoft.AspNetCore.Mvc.Infrastructure.ControllerActionInvoker","RequestId":"0HNJ8GUJV5PJ9:00000001","RequestPath":"/api/web-search/search","ConnectionId":"0HNJ8GUJV5PJ9"}
2026-02-10 12:36:28.752 +03:00 [INF] Executed endpoint 'Alfanar.MarketIntel.Api.Controllers.WebSearchController.SearchAsync (Alfanar.MarketIntel.Api)' {"EventId":{"Id":1,"Name":"ExecutedEndpoint"},"SourceContext":"Microsoft.AspNetCore.Routing.EndpointMiddleware","RequestId":"0HNJ8GUJV5PJ9:00000001","RequestPath":"/api/web-search/search","ConnectionId":"0HNJ8GUJV5PJ9"}
2026-02-10 12:36:28.752 +03:00 [INF] HTTP POST /api/web-search/search responded 400 in 15.1614 ms {"SourceContext":"Serilog.AspNetCore.RequestLoggingMiddleware","RequestId":"0HNJ8GUJV5PJ9:00000001","ConnectionId":"0HNJ8GUJV5PJ9"}
2026-02-10 12:36:28.753 +03:00 [INF] Request finished HTTP/1.1 POST http://localhost:5021/api/web-search/search - 400 null application/problem+json; charset=utf-8 17.5383ms {"EventId":{"Id":2},"SourceContext":"Microsoft.AspNetCore.Hosting.Diagnostics","RequestId":"0HNJ8GUJV5PJ9:00000001","RequestPath":"/api/web-search/search","ConnectionId":"0HNJ8GUJV5PJ9"}
2026-02-10 12:36:41.318 +03:00 [INF] Request starting HTTP/1.1 POST http://localhost:5021/api/web-search/search - application/json 26 {"EventId":{"Id":1},"SourceContext":"Microsoft.AspNetCore.Hosting.Diagnostics","RequestId":"0HNJ8GUJV5PJA:00000001","RequestPath":"/api/web-search/search","ConnectionId":"0HNJ8GUJV5PJA"}
2026-02-10 12:36:41.319 +03:00 [INF] Executing endpoint 'Alfanar.MarketIntel.Api.Controllers.WebSearchController.SearchAsync (Alfanar.MarketIntel.Api)' {"EventId":{"Name":"ExecutingEndpoint"},"SourceContext":"Microsoft.AspNetCore.Routing.EndpointMiddleware","RequestId":"0HNJ8GUJV5PJA:00000001","RequestPath":"/api/web-search/search","ConnectionId":"0HNJ8GUJV5PJA"}
2026-02-10 12:36:41.320 +03:00 [INF] Route matched with {action = "Search", controller = "WebSearch"}. Executing controller action with signature System.Threading.Tasks.Task`1[Microsoft.AspNetCore.Mvc.IActionResult] SearchAsync(Alfanar.MarketIntel.Application.DTOs.WebSearchRequestDto) on controller Alfanar.MarketIntel.Api.Controllers.WebSearchController (Alfanar.MarketIntel.Api). {"EventId":{"Id":102,"Name":"ControllerActionExecuting"},"SourceContext":"Microsoft.AspNetCore.Mvc.Infrastructure.ControllerActionInvoker","ActionId":"c3724282-a65c-40f6-83eb-1792708e5c45","ActionName":"Alfanar.MarketIntel.Api.Controllers.WebSearchController.SearchAsync (Alfanar.MarketIntel.Api)","RequestId":"0HNJ8GUJV5PJA:00000001","RequestPath":"/api/web-search/search","ConnectionId":"0HNJ8GUJV5PJA"}
2026-02-10 12:36:41.323 +03:00 [INF] Executing BadRequestObjectResult, writing value of type 'Microsoft.AspNetCore.Mvc.ValidationProblemDetails'. {"EventId":{"Id":1,"Name":"ObjectResultExecuting"},"SourceContext":"Microsoft.AspNetCore.Mvc.Infrastructure.ObjectResultExecutor","ActionId":"c3724282-a65c-40f6-83eb-1792708e5c45","ActionName":"Alfanar.MarketIntel.Api.Controllers.WebSearchController.SearchAsync (Alfanar.MarketIntel.Api)","RequestId":"0HNJ8GUJV5PJA:00000001","RequestPath":"/api/web-search/search","ConnectionId":"0HNJ8GUJV5PJA"}
2026-02-10 12:36:41.323 +03:00 [INF] Executed action Alfanar.MarketIntel.Api.Controllers.WebSearchController.SearchAsync (Alfanar.MarketIntel.Api) in 3.2162ms {"EventId":{"Id":105,"Name":"ActionExecuted"},"SourceContext":"Microsoft.AspNetCore.Mvc.Infrastructure.ControllerActionInvoker","RequestId":"0HNJ8GUJV5PJA:00000001","RequestPath":"/api/web-search/search","ConnectionId":"0HNJ8GUJV5PJA"}
2026-02-10 12:36:41.323 +03:00 [INF] Executed endpoint 'Alfanar.MarketIntel.Api.Controllers.WebSearchController.SearchAsync (Alfanar.MarketIntel.Api)' {"EventId":{"Id":1,"Name":"ExecutedEndpoint"},"SourceContext":"Microsoft.AspNetCore.Routing.EndpointMiddleware","RequestId":"0HNJ8GUJV5PJA:00000001","RequestPath":"/api/web-search/search","ConnectionId":"0HNJ8GUJV5PJA"}
2026-02-10 12:36:41.324 +03:00 [INF] HTTP POST /api/web-search/search responded 400 in 4.8061 ms {"SourceContext":"Serilog.AspNetCore.RequestLoggingMiddleware","RequestId":"0HNJ8GUJV5PJA:00000001","ConnectionId":"0HNJ8GUJV5PJA"}
2026-02-10 12:36:41.324 +03:00 [INF] Request finished HTTP/1.1 POST http://localhost:5021/api/web-search/search - 400 null application/problem+json; charset=utf-8 5.9439ms {"EventId":{"Id":2},"SourceContext":"Microsoft.AspNetCore.Hosting.Diagnostics","RequestId":"0HNJ8GUJV5PJA:00000001","RequestPath":"/api/web-search/search","ConnectionId":"0HNJ8GUJV5PJA"}
2026-02-10 12:36:52.545 +03:00 [INF] Request starting HTTP/1.1 POST http://localhost:5021/api/web-search/search - application/json 26 {"EventId":{"Id":1},"SourceContext":"Microsoft.AspNetCore.Hosting.Diagnostics","RequestId":"0HNJ8GUJV5PJB:00000001","RequestPath":"/api/web-search/search","ConnectionId":"0HNJ8GUJV5PJB"}
2026-02-10 12:36:52.546 +03:00 [INF] Executing endpoint 'Alfanar.MarketIntel.Api.Controllers.WebSearchController.SearchAsync (Alfanar.MarketIntel.Api)' {"EventId":{"Name":"ExecutingEndpoint"},"SourceContext":"Microsoft.AspNetCore.Routing.EndpointMiddleware","RequestId":"0HNJ8GUJV5PJB:00000001","RequestPath":"/api/web-search/search","ConnectionId":"0HNJ8GUJV5PJB"}
2026-02-10 12:36:52.546 +03:00 [INF] Route matched with {action = "Search", controller = "WebSearch"}. Executing controller action with signature System.Threading.Tasks.Task`1[Microsoft.AspNetCore.Mvc.IActionResult] SearchAsync(Alfanar.MarketIntel.Application.DTOs.WebSearchRequestDto) on controller Alfanar.MarketIntel.Api.Controllers.WebSearchController (Alfanar.MarketIntel.Api). {"EventId":{"Id":102,"Name":"ControllerActionExecuting"},"SourceContext":"Microsoft.AspNetCore.Mvc.Infrastructure.ControllerActionInvoker","ActionId":"c3724282-a65c-40f6-83eb-1792708e5c45","ActionName":"Alfanar.MarketIntel.Api.Controllers.WebSearchController.SearchAsync (Alfanar.MarketIntel.Api)","RequestId":"0HNJ8GUJV5PJB:00000001","RequestPath":"/api/web-search/search","ConnectionId":"0HNJ8GUJV5PJB"}
2026-02-10 12:36:52.547 +03:00 [INF] Executing BadRequestObjectResult, writing value of type 'Microsoft.AspNetCore.Mvc.ValidationProblemDetails'. {"EventId":{"Id":1,"Name":"ObjectResultExecuting"},"SourceContext":"Microsoft.AspNetCore.Mvc.Infrastructure.ObjectResultExecutor","ActionId":"c3724282-a65c-40f6-83eb-1792708e5c45","ActionName":"Alfanar.MarketIntel.Api.Controllers.WebSearchController.SearchAsync (Alfanar.MarketIntel.Api)","RequestId":"0HNJ8GUJV5PJB:00000001","RequestPath":"/api/web-search/search","ConnectionId":"0HNJ8GUJV5PJB"}
2026-02-10 12:36:52.547 +03:00 [INF] Executed action Alfanar.MarketIntel.Api.Controllers.WebSearchController.SearchAsync (Alfanar.MarketIntel.Api) in 0.9468ms {"EventId":{"Id":105,"Name":"ActionExecuted"},"SourceContext":"Microsoft.AspNetCore.Mvc.Infrastructure.ControllerActionInvoker","RequestId":"0HNJ8GUJV5PJB:00000001","RequestPath":"/api/web-search/search","ConnectionId":"0HNJ8GUJV5PJB"}
2026-02-10 12:36:52.547 +03:00 [INF] Executed endpoint 'Alfanar.MarketIntel.Api.Controllers.WebSearchController.SearchAsync (Alfanar.MarketIntel.Api)' {"EventId":{"Id":1,"Name":"ExecutedEndpoint"},"SourceContext":"Microsoft.AspNetCore.Routing.EndpointMiddleware","RequestId":"0HNJ8GUJV5PJB:00000001","RequestPath":"/api/web-search/search","ConnectionId":"0HNJ8GUJV5PJB"}
2026-02-10 12:36:52.547 +03:00 [INF] HTTP POST /api/web-search/search responded 400 in 1.7305 ms {"SourceContext":"Serilog.AspNetCore.RequestLoggingMiddleware","RequestId":"0HNJ8GUJV5PJB:00000001","ConnectionId":"0HNJ8GUJV5PJB"}
2026-02-10 12:36:52.547 +03:00 [INF] Request finished HTTP/1.1 POST http://localhost:5021/api/web-search/search - 400 null application/problem+json; charset=utf-8 2.3235ms {"EventId":{"Id":2},"SourceContext":"Microsoft.AspNetCore.Hosting.Diagnostics","RequestId":"0HNJ8GUJV5PJB:00000001","RequestPath":"/api/web-search/search","ConnectionId":"0HNJ8GUJV5PJB"}
2026-02-10 12:37:03.752 +03:00 [INF] Request starting HTTP/1.1 POST http://localhost:5021/api/web-search/search - application/json 22 {"EventId":{"Id":1},"SourceContext":"Microsoft.AspNetCore.Hosting.Diagnostics","RequestId":"0HNJ8GUJV5PJC:00000001","RequestPath":"/api/web-search/search","ConnectionId":"0HNJ8GUJV5PJC"}
2026-02-10 12:37:03.752 +03:00 [INF] Executing endpoint 'Alfanar.MarketIntel.Api.Controllers.WebSearchController.SearchAsync (Alfanar.MarketIntel.Api)' {"EventId":{"Name":"ExecutingEndpoint"},"SourceContext":"Microsoft.AspNetCore.Routing.EndpointMiddleware","RequestId":"0HNJ8GUJV5PJC:00000001","RequestPath":"/api/web-search/search","ConnectionId":"0HNJ8GUJV5PJC"}
2026-02-10 12:37:03.752 +03:00 [INF] Route matched with {action = "Search", controller = "WebSearch"}. Executing controller action with signature System.Threading.Tasks.Task`1[Microsoft.AspNetCore.Mvc.IActionResult] SearchAsync(Alfanar.MarketIntel.Application.DTOs.WebSearchRequestDto) on controller Alfanar.MarketIntel.Api.Controllers.WebSearchController (Alfanar.MarketIntel.Api). {"EventId":{"Id":102,"Name":"ControllerActionExecuting"},"SourceContext":"Microsoft.AspNetCore.Mvc.Infrastructure.ControllerActionInvoker","ActionId":"c3724282-a65c-40f6-83eb-1792708e5c45","ActionName":"Alfanar.MarketIntel.Api.Controllers.WebSearchController.SearchAsync (Alfanar.MarketIntel.Api)","RequestId":"0HNJ8GUJV5PJC:00000001","RequestPath":"/api/web-search/search","ConnectionId":"0HNJ8GUJV5PJC"}
2026-02-10 12:37:03.753 +03:00 [INF] Executing BadRequestObjectResult, writing value of type 'Microsoft.AspNetCore.Mvc.ValidationProblemDetails'. {"EventId":{"Id":1,"Name":"ObjectResultExecuting"},"SourceContext":"Microsoft.AspNetCore.Mvc.Infrastructure.ObjectResultExecutor","ActionId":"c3724282-a65c-40f6-83eb-1792708e5c45","ActionName":"Alfanar.MarketIntel.Api.Controllers.WebSearchController.SearchAsync (Alfanar.MarketIntel.Api)","RequestId":"0HNJ8GUJV5PJC:00000001","RequestPath":"/api/web-search/search","ConnectionId":"0HNJ8GUJV5PJC"}
2026-02-10 12:37:03.754 +03:00 [INF] Executed action Alfanar.MarketIntel.Api.Controllers.WebSearchController.SearchAsync (Alfanar.MarketIntel.Api) in 1.2108ms {"EventId":{"Id":105,"Name":"ActionExecuted"},"SourceContext":"Microsoft.AspNetCore.Mvc.Infrastructure.ControllerActionInvoker","RequestId":"0HNJ8GUJV5PJC:00000001","RequestPath":"/api/web-search/search","ConnectionId":"0HNJ8GUJV5PJC"}
2026-02-10 12:37:03.754 +03:00 [INF] Executed endpoint 'Alfanar.MarketIntel.Api.Controllers.WebSearchController.SearchAsync (Alfanar.MarketIntel.Api)' {"EventId":{"Id":1,"Name":"ExecutedEndpoint"},"SourceContext":"Microsoft.AspNetCore.Routing.EndpointMiddleware","RequestId":"0HNJ8GUJV5PJC:00000001","RequestPath":"/api/web-search/search","ConnectionId":"0HNJ8GUJV5PJC"}
2026-02-10 12:37:03.754 +03:00 [INF] HTTP POST /api/web-search/search responded 400 in 1.9957 ms {"SourceContext":"Serilog.AspNetCore.RequestLoggingMiddleware","RequestId":"0HNJ8GUJV5PJC:00000001","ConnectionId":"0HNJ8GUJV5PJC"}
2026-02-10 12:37:03.754 +03:00 [INF] Request finished HTTP/1.1 POST http://localhost:5021/api/web-search/search - 400 null application/problem+json; charset=utf-8 2.7406ms {"EventId":{"Id":2},"SourceContext":"Microsoft.AspNetCore.Hosting.Diagnostics","RequestId":"0HNJ8GUJV5PJC:00000001","RequestPath":"/api/web-search/search","ConnectionId":"0HNJ8GUJV5PJC"}
2026-02-10 12:37:14.013 +03:00 [INF] Request starting HTTP/1.1 POST http://localhost:5021/api/web-search/search - application/json 49 {"EventId":{"Id":1},"SourceContext":"Microsoft.AspNetCore.Hosting.Diagnostics","RequestId":"0HNJ8GUJV5PJD:00000001","RequestPath":"/api/web-search/search","ConnectionId":"0HNJ8GUJV5PJD"}
2026-02-10 12:37:14.013 +03:00 [INF] Executing endpoint 'Alfanar.MarketIntel.Api.Controllers.WebSearchController.SearchAsync (Alfanar.MarketIntel.Api)' {"EventId":{"Name":"ExecutingEndpoint"},"SourceContext":"Microsoft.AspNetCore.Routing.EndpointMiddleware","RequestId":"0HNJ8GUJV5PJD:00000001","RequestPath":"/api/web-search/search","ConnectionId":"0HNJ8GUJV5PJD"}
2026-02-10 12:37:14.014 +03:00 [INF] Route matched with {action = "Search", controller = "WebSearch"}. Executing controller action with signature System.Threading.Tasks.Task`1[Microsoft.AspNetCore.Mvc.IActionResult] SearchAsync(Alfanar.MarketIntel.Application.DTOs.WebSearchRequestDto) on controller Alfanar.MarketIntel.Api.Controllers.WebSearchController (Alfanar.MarketIntel.Api). {"EventId":{"Id":102,"Name":"ControllerActionExecuting"},"SourceContext":"Microsoft.AspNetCore.Mvc.Infrastructure.ControllerActionInvoker","ActionId":"c3724282-a65c-40f6-83eb-1792708e5c45","ActionName":"Alfanar.MarketIntel.Api.Controllers.WebSearchController.SearchAsync (Alfanar.MarketIntel.Api)","RequestId":"0HNJ8GUJV5PJD:00000001","RequestPath":"/api/web-search/search","ConnectionId":"0HNJ8GUJV5PJD"}
2026-02-10 12:37:14.014 +03:00 [INF] Executing BadRequestObjectResult, writing value of type 'Microsoft.AspNetCore.Mvc.ValidationProblemDetails'. {"EventId":{"Id":1,"Name":"ObjectResultExecuting"},"SourceContext":"Microsoft.AspNetCore.Mvc.Infrastructure.ObjectResultExecutor","ActionId":"c3724282-a65c-40f6-83eb-1792708e5c45","ActionName":"Alfanar.MarketIntel.Api.Controllers.WebSearchController.SearchAsync (Alfanar.MarketIntel.Api)","RequestId":"0HNJ8GUJV5PJD:00000001","RequestPath":"/api/web-search/search","ConnectionId":"0HNJ8GUJV5PJD"}
2026-02-10 12:37:14.015 +03:00 [INF] Executed action Alfanar.MarketIntel.Api.Controllers.WebSearchController.SearchAsync (Alfanar.MarketIntel.Api) in 0.7573ms {"EventId":{"Id":105,"Name":"ActionExecuted"},"SourceContext":"Microsoft.AspNetCore.Mvc.Infrastructure.ControllerActionInvoker","RequestId":"0HNJ8GUJV5PJD:00000001","RequestPath":"/api/web-search/search","ConnectionId":"0HNJ8GUJV5PJD"}
2026-02-10 12:37:14.015 +03:00 [INF] Executed endpoint 'Alfanar.MarketIntel.Api.Controllers.WebSearchController.SearchAsync (Alfanar.MarketIntel.Api)' {"EventId":{"Id":1,"Name":"ExecutedEndpoint"},"SourceContext":"Microsoft.AspNetCore.Routing.EndpointMiddleware","RequestId":"0HNJ8GUJV5PJD:00000001","RequestPath":"/api/web-search/search","ConnectionId":"0HNJ8GUJV5PJD"}
2026-02-10 12:37:14.015 +03:00 [INF] HTTP POST /api/web-search/search responded 400 in 1.6269 ms {"SourceContext":"Serilog.AspNetCore.RequestLoggingMiddleware","RequestId":"0HNJ8GUJV5PJD:00000001","ConnectionId":"0HNJ8GUJV5PJD"}
2026-02-10 12:37:14.015 +03:00 [INF] Request finished HTTP/1.1 POST http://localhost:5021/api/web-search/search - 400 null application/problem+json; charset=utf-8 2.0798ms {"EventId":{"Id":2},"SourceContext":"Microsoft.AspNetCore.Hosting.Diagnostics","RequestId":"0HNJ8GUJV5PJD:00000001","RequestPath":"/api/web-search/search","ConnectionId":"0HNJ8GUJV5PJD"}
2026-02-10 12:37:26.681 +03:00 [INF] Request starting HTTP/1.1 POST http://localhost:5021/api/web-search/search - application/json 23 {"EventId":{"Id":1},"SourceContext":"Microsoft.AspNetCore.Hosting.Diagnostics","RequestId":"0HNJ8GUJV5PJE:00000001","RequestPath":"/api/web-search/search","ConnectionId":"0HNJ8GUJV5PJE"}
2026-02-10 12:37:26.682 +03:00 [INF] Executing endpoint 'Alfanar.MarketIntel.Api.Controllers.WebSearchController.SearchAsync (Alfanar.MarketIntel.Api)' {"EventId":{"Name":"ExecutingEndpoint"},"SourceContext":"Microsoft.AspNetCore.Routing.EndpointMiddleware","RequestId":"0HNJ8GUJV5PJE:00000001","RequestPath":"/api/web-search/search","ConnectionId":"0HNJ8GUJV5PJE"}
2026-02-10 12:37:26.682 +03:00 [INF] Route matched with {action = "Search", controller = "WebSearch"}. Executing controller action with signature System.Threading.Tasks.Task`1[Microsoft.AspNetCore.Mvc.IActionResult] SearchAsync(Alfanar.MarketIntel.Application.DTOs.WebSearchRequestDto) on controller Alfanar.MarketIntel.Api.Controllers.WebSearchController (Alfanar.MarketIntel.Api). {"EventId":{"Id":102,"Name":"ControllerActionExecuting"},"SourceContext":"Microsoft.AspNetCore.Mvc.Infrastructure.ControllerActionInvoker","ActionId":"c3724282-a65c-40f6-83eb-1792708e5c45","ActionName":"Alfanar.MarketIntel.Api.Controllers.WebSearchController.SearchAsync (Alfanar.MarketIntel.Api)","RequestId":"0HNJ8GUJV5PJE:00000001","RequestPath":"/api/web-search/search","ConnectionId":"0HNJ8GUJV5PJE"}
2026-02-10 12:37:26.683 +03:00 [INF] Executing BadRequestObjectResult, writing value of type 'Microsoft.AspNetCore.Mvc.ValidationProblemDetails'. {"EventId":{"Id":1,"Name":"ObjectResultExecuting"},"SourceContext":"Microsoft.AspNetCore.Mvc.Infrastructure.ObjectResultExecutor","ActionId":"c3724282-a65c-40f6-83eb-1792708e5c45","ActionName":"Alfanar.MarketIntel.Api.Controllers.WebSearchController.SearchAsync (Alfanar.MarketIntel.Api)","RequestId":"0HNJ8GUJV5PJE:00000001","RequestPath":"/api/web-search/search","ConnectionId":"0HNJ8GUJV5PJE"}
2026-02-10 12:37:26.683 +03:00 [INF] Executed action Alfanar.MarketIntel.Api.Controllers.WebSearchController.SearchAsync (Alfanar.MarketIntel.Api) in 0.9005ms {"EventId":{"Id":105,"Name":"ActionExecuted"},"SourceContext":"Microsoft.AspNetCore.Mvc.Infrastructure.ControllerActionInvoker","RequestId":"0HNJ8GUJV5PJE:00000001","RequestPath":"/api/web-search/search","ConnectionId":"0HNJ8GUJV5PJE"}
2026-02-10 12:37:26.683 +03:00 [INF] Executed endpoint 'Alfanar.MarketIntel.Api.Controllers.WebSearchController.SearchAsync (Alfanar.MarketIntel.Api)' {"EventId":{"Id":1,"Name":"ExecutedEndpoint"},"SourceContext":"Microsoft.AspNetCore.Routing.EndpointMiddleware","RequestId":"0HNJ8GUJV5PJE:00000001","RequestPath":"/api/web-search/search","ConnectionId":"0HNJ8GUJV5PJE"}
2026-02-10 12:37:26.684 +03:00 [INF] HTTP POST /api/web-search/search responded 400 in 1.8065 ms {"SourceContext":"Serilog.AspNetCore.RequestLoggingMiddleware","RequestId":"0HNJ8GUJV5PJE:00000001","ConnectionId":"0HNJ8GUJV5PJE"}
2026-02-10 12:37:26.684 +03:00 [INF] Request finished HTTP/1.1 POST http://localhost:5021/api/web-search/search - 400 null application/problem+json; charset=utf-8 2.3551ms {"EventId":{"Id":2},"SourceContext":"Microsoft.AspNetCore.Hosting.Diagnostics","RequestId":"0HNJ8GUJV5PJE:00000001","RequestPath":"/api/web-search/search","ConnectionId":"0HNJ8GUJV5PJE"}
2026-02-10 12:37:46.352 +03:00 [INF] Request starting HTTP/1.1 POST http://localhost:5021/api/web-search/search - application/json 23 {"EventId":{"Id":1},"SourceContext":"Microsoft.AspNetCore.Hosting.Diagnostics","RequestId":"0HNJ8GUJV5PJF:00000001","RequestPath":"/api/web-search/search","ConnectionId":"0HNJ8GUJV5PJF"}
2026-02-10 12:37:46.353 +03:00 [INF] Executing endpoint 'Alfanar.MarketIntel.Api.Controllers.WebSearchController.SearchAsync (Alfanar.MarketIntel.Api)' {"EventId":{"Name":"ExecutingEndpoint"},"SourceContext":"Microsoft.AspNetCore.Routing.EndpointMiddleware","RequestId":"0HNJ8GUJV5PJF:00000001","RequestPath":"/api/web-search/search","ConnectionId":"0HNJ8GUJV5PJF"}
2026-02-10 12:37:46.353 +03:00 [INF] Route matched with {action = "Search", controller = "WebSearch"}. Executing controller action with signature System.Threading.Tasks.Task`1[Microsoft.AspNetCore.Mvc.IActionResult] SearchAsync(Alfanar.MarketIntel.Application.DTOs.WebSearchRequestDto) on controller Alfanar.MarketIntel.Api.Controllers.WebSearchController (Alfanar.MarketIntel.Api). {"EventId":{"Id":102,"Name":"ControllerActionExecuting"},"SourceContext":"Microsoft.AspNetCore.Mvc.Infrastructure.ControllerActionInvoker","ActionId":"c3724282-a65c-40f6-83eb-1792708e5c45","ActionName":"Alfanar.MarketIntel.Api.Controllers.WebSearchController.SearchAsync (Alfanar.MarketIntel.Api)","RequestId":"0HNJ8GUJV5PJF:00000001","RequestPath":"/api/web-search/search","ConnectionId":"0HNJ8GUJV5PJF"}
2026-02-10 12:37:46.354 +03:00 [INF] Executing BadRequestObjectResult, writing value of type 'Microsoft.AspNetCore.Mvc.ValidationProblemDetails'. {"EventId":{"Id":1,"Name":"ObjectResultExecuting"},"SourceContext":"Microsoft.AspNetCore.Mvc.Infrastructure.ObjectResultExecutor","ActionId":"c3724282-a65c-40f6-83eb-1792708e5c45","ActionName":"Alfanar.MarketIntel.Api.Controllers.WebSearchController.SearchAsync (Alfanar.MarketIntel.Api)","RequestId":"0HNJ8GUJV5PJF:00000001","RequestPath":"/api/web-search/search","ConnectionId":"0HNJ8GUJV5PJF"}
2026-02-10 12:37:46.354 +03:00 [INF] Executed action Alfanar.MarketIntel.Api.Controllers.WebSearchController.SearchAsync (Alfanar.MarketIntel.Api) in 1.1777ms {"EventId":{"Id":105,"Name":"ActionExecuted"},"SourceContext":"Microsoft.AspNetCore.Mvc.Infrastructure.ControllerActionInvoker","RequestId":"0HNJ8GUJV5PJF:00000001","RequestPath":"/api/web-search/search","ConnectionId":"0HNJ8GUJV5PJF"}
2026-02-10 12:37:46.355 +03:00 [INF] Executed endpoint 'Alfanar.MarketIntel.Api.Controllers.WebSearchController.SearchAsync (Alfanar.MarketIntel.Api)' {"EventId":{"Id":1,"Name":"ExecutedEndpoint"},"SourceContext":"Microsoft.AspNetCore.Routing.EndpointMiddleware","RequestId":"0HNJ8GUJV5PJF:00000001","RequestPath":"/api/web-search/search","ConnectionId":"0HNJ8GUJV5PJF"}
2026-02-10 12:37:46.355 +03:00 [INF] HTTP POST /api/web-search/search responded 400 in 2.2677 ms {"SourceContext":"Serilog.AspNetCore.RequestLoggingMiddleware","RequestId":"0HNJ8GUJV5PJF:00000001","ConnectionId":"0HNJ8GUJV5PJF"}
2026-02-10 12:37:46.355 +03:00 [INF] Request finished HTTP/1.1 POST http://localhost:5021/api/web-search/search - 400 null application/problem+json; charset=utf-8 2.891ms {"EventId":{"Id":2},"SourceContext":"Microsoft.AspNetCore.Hosting.Diagnostics","RequestId":"0HNJ8GUJV5PJF:00000001","RequestPath":"/api/web-search/search","ConnectionId":"0HNJ8GUJV5PJF"}
2026-02-10 12:37:51.436 +03:00 [INF] Request starting HTTP/1.1 POST http://localhost:5021/api/web-search/search - application/json 75 {"EventId":{"Id":1},"SourceContext":"Microsoft.AspNetCore.Hosting.Diagnostics","RequestId":"0HNJ8GUJV5PJG:00000001","RequestPath":"/api/web-search/search","ConnectionId":"0HNJ8GUJV5PJG"}
2026-02-10 12:37:51.437 +03:00 [INF] Executing endpoint 'Alfanar.MarketIntel.Api.Controllers.WebSearchController.SearchAsync (Alfanar.MarketIntel.Api)' {"EventId":{"Name":"ExecutingEndpoint"},"SourceContext":"Microsoft.AspNetCore.Routing.EndpointMiddleware","RequestId":"0HNJ8GUJV5PJG:00000001","RequestPath":"/api/web-search/search","ConnectionId":"0HNJ8GUJV5PJG"}
2026-02-10 12:37:51.437 +03:00 [INF] Route matched with {action = "Search", controller = "WebSearch"}. Executing controller action with signature System.Threading.Tasks.Task`1[Microsoft.AspNetCore.Mvc.IActionResult] SearchAsync(Alfanar.MarketIntel.Application.DTOs.WebSearchRequestDto) on controller Alfanar.MarketIntel.Api.Controllers.WebSearchController (Alfanar.MarketIntel.Api). {"EventId":{"Id":102,"Name":"ControllerActionExecuting"},"SourceContext":"Microsoft.AspNetCore.Mvc.Infrastructure.ControllerActionInvoker","ActionId":"c3724282-a65c-40f6-83eb-1792708e5c45","ActionName":"Alfanar.MarketIntel.Api.Controllers.WebSearchController.SearchAsync (Alfanar.MarketIntel.Api)","RequestId":"0HNJ8GUJV5PJG:00000001","RequestPath":"/api/web-search/search","ConnectionId":"0HNJ8GUJV5PJG"}
2026-02-10 12:37:51.438 +03:00 [INF] Processing web search for keyword: renewable energy {"SourceContext":"Alfanar.MarketIntel.Api.Controllers.WebSearchController","ActionId":"c3724282-a65c-40f6-83eb-1792708e5c45","ActionName":"Alfanar.MarketIntel.Api.Controllers.WebSearchController.SearchAsync (Alfanar.MarketIntel.Api)","RequestId":"0HNJ8GUJV5PJG:00000001","RequestPath":"/api/web-search/search","ConnectionId":"0HNJ8GUJV5PJG"}
2026-02-10 12:37:51.438 +03:00 [INF] Searching with newsapi for: renewable energy {"SourceContext":"Alfanar.MarketIntel.Application.Services.WebSearchService","ActionId":"c3724282-a65c-40f6-83eb-1792708e5c45","ActionName":"Alfanar.MarketIntel.Api.Controllers.WebSearchController.SearchAsync (Alfanar.MarketIntel.Api)","RequestId":"0HNJ8GUJV5PJG:00000001","RequestPath":"/api/web-search/search","ConnectionId":"0HNJ8GUJV5PJG"}
2026-02-10 12:37:51.438 +03:00 [INF] Executing NewsAPI search for: renewable energy {"SourceContext":"Alfanar.MarketIntel.Application.Services.NewsApiService","ActionId":"c3724282-a65c-40f6-83eb-1792708e5c45","ActionName":"Alfanar.MarketIntel.Api.Controllers.WebSearchController.SearchAsync (Alfanar.MarketIntel.Api)","RequestId":"0HNJ8GUJV5PJG:00000001","RequestPath":"/api/web-search/search","ConnectionId":"0HNJ8GUJV5PJG"}
2026-02-10 12:37:51.438 +03:00 [DBG] Calling NewsAPI: https://newsapi.org/v2/everything?q=renewable%20energy&apiKey=f97e61f347444bcd97c089996120f152&pageSize=10&sortBy=publishedAt&language=en {"SourceContext":"Alfanar.MarketIntel.Application.Services.NewsApiService","ActionId":"c3724282-a65c-40f6-83eb-1792708e5c45","ActionName":"Alfanar.MarketIntel.Api.Controllers.WebSearchController.SearchAsync (Alfanar.MarketIntel.Api)","RequestId":"0HNJ8GUJV5PJG:00000001","RequestPath":"/api/web-search/search","ConnectionId":"0HNJ8GUJV5PJG"}
2026-02-10 12:37:51.439 +03:00 [INF] Start processing HTTP request GET https://newsapi.org/v2/everything?q=renewable%20energy&apiKey=f97e61f347444bcd97c089996120f152&pageSize=10&sortBy=publishedAt&language=en {"EventId":{"Id":100,"Name":"RequestPipelineStart"},"SourceContext":"System.Net.Http.HttpClient.Default.LogicalHandler","ActionId":"c3724282-a65c-40f6-83eb-1792708e5c45","ActionName":"Alfanar.MarketIntel.Api.Controllers.WebSearchController.SearchAsync (Alfanar.MarketIntel.Api)","RequestId":"0HNJ8GUJV5PJG:00000001","RequestPath":"/api/web-search/search","ConnectionId":"0HNJ8GUJV5PJG","Scope":["HTTP GET https://newsapi.org/v2/everything?q=renewable%20energy&apiKey=f97e61f347444bcd97c089996120f152&pageSize=10&sortBy=publishedAt&language=en"]}
2026-02-10 12:37:51.439 +03:00 [INF] Sending HTTP request GET https://newsapi.org/v2/everything?q=renewable%20energy&apiKey=f97e61f347444bcd97c089996120f152&pageSize=10&sortBy=publishedAt&language=en {"EventId":{"Id":100,"Name":"RequestStart"},"SourceContext":"System.Net.Http.HttpClient.Default.ClientHandler","ActionId":"c3724282-a65c-40f6-83eb-1792708e5c45","ActionName":"Alfanar.MarketIntel.Api.Controllers.WebSearchController.SearchAsync (Alfanar.MarketIntel.Api)","RequestId":"0HNJ8GUJV5PJG:00000001","RequestPath":"/api/web-search/search","ConnectionId":"0HNJ8GUJV5PJG","Scope":["HTTP GET https://newsapi.org/v2/everything?q=renewable%20energy&apiKey=f97e61f347444bcd97c089996120f152&pageSize=10&sortBy=publishedAt&language=en"]}
2026-02-10 12:37:52.209 +03:00 [INF] Received HTTP response headers after 770.3534ms - 400 {"EventId":{"Id":101,"Name":"RequestEnd"},"SourceContext":"System.Net.Http.HttpClient.Default.ClientHandler","HttpMethod":"GET","Uri":"https://newsapi.org/v2/everything?q=renewable%20energy&apiKey=f97e61f347444bcd97c089996120f152&pageSize=10&sortBy=publishedAt&language=en","ActionId":"c3724282-a65c-40f6-83eb-1792708e5c45","ActionName":"Alfanar.MarketIntel.Api.Controllers.WebSearchController.SearchAsync (Alfanar.MarketIntel.Api)","RequestId":"0HNJ8GUJV5PJG:00000001","RequestPath":"/api/web-search/search","ConnectionId":"0HNJ8GUJV5PJG","Scope":["HTTP GET https://newsapi.org/v2/everything?q=renewable%20energy&apiKey=f97e61f347444bcd97c089996120f152&pageSize=10&sortBy=publishedAt&language=en"]}
2026-02-10 12:37:52.210 +03:00 [INF] End processing HTTP request after 771.2398ms - 400 {"EventId":{"Id":101,"Name":"RequestPipelineEnd"},"SourceContext":"System.Net.Http.HttpClient.Default.LogicalHandler","HttpMethod":"GET","Uri":"https://newsapi.org/v2/everything?q=renewable%20energy&apiKey=f97e61f347444bcd97c089996120f152&pageSize=10&sortBy=publishedAt&language=en","ActionId":"c3724282-a65c-40f6-83eb-1792708e5c45","ActionName":"Alfanar.MarketIntel.Api.Controllers.WebSearchController.SearchAsync (Alfanar.MarketIntel.Api)","RequestId":"0HNJ8GUJV5PJG:00000001","RequestPath":"/api/web-search/search","ConnectionId":"0HNJ8GUJV5PJG","Scope":["HTTP GET https://newsapi.org/v2/everything?q=renewable%20energy&apiKey=f97e61f347444bcd97c089996120f152&pageSize=10&sortBy=publishedAt&language=en"]}
2026-02-10 12:37:52.211 +03:00 [ERR] NewsAPI returned "BadRequest": {"status":"error","code":"userAgentMissing","message":"Please set your User-Agent header to identify your application. Anonymous requests are not allowed."} {"SourceContext":"Alfanar.MarketIntel.Application.Services.NewsApiService","ActionId":"c3724282-a65c-40f6-83eb-1792708e5c45","ActionName":"Alfanar.MarketIntel.Api.Controllers.WebSearchController.SearchAsync (Alfanar.MarketIntel.Api)","RequestId":"0HNJ8GUJV5PJG:00000001","RequestPath":"/api/web-search/search","ConnectionId":"0HNJ8GUJV5PJG"}
2026-02-10 12:37:52.212 +03:00 [ERR] Error searching with NewsAPI for keyword: renewable energy {"SourceContext":"Alfanar.MarketIntel.Application.Services.NewsApiService","ActionId":"c3724282-a65c-40f6-83eb-1792708e5c45","ActionName":"Alfanar.MarketIntel.Api.Controllers.WebSearchController.SearchAsync (Alfanar.MarketIntel.Api)","RequestId":"0HNJ8GUJV5PJG:00000001","RequestPath":"/api/web-search/search","ConnectionId":"0HNJ8GUJV5PJG"}
System.InvalidOperationException: NewsAPI error: BadRequest - {"status":"error","code":"userAgentMissing","message":"Please set your User-Agent header to identify your application. Anonymous requests are not allowed."}
   at Alfanar.MarketIntel.Application.Services.NewsApiService.SearchAsync(WebSearchRequestDto request) in D:\Storage Market Intel\Alfanar.MarketIntel\Alfanar.MarketIntel.Application\Services\NewsApiService.cs:line 80
2026-02-10 12:37:52.216 +03:00 [WRN] NewsAPI failed, attempting fallback to Google for: renewable energy {"SourceContext":"Alfanar.MarketIntel.Application.Services.WebSearchService","ActionId":"c3724282-a65c-40f6-83eb-1792708e5c45","ActionName":"Alfanar.MarketIntel.Api.Controllers.WebSearchController.SearchAsync (Alfanar.MarketIntel.Api)","RequestId":"0HNJ8GUJV5PJG:00000001","RequestPath":"/api/web-search/search","ConnectionId":"0HNJ8GUJV5PJG"}
System.InvalidOperationException: NewsAPI error: BadRequest - {"status":"error","code":"userAgentMissing","message":"Please set your User-Agent header to identify your application. Anonymous requests are not allowed."}
   at Alfanar.MarketIntel.Application.Services.NewsApiService.SearchAsync(WebSearchRequestDto request) in D:\Storage Market Intel\Alfanar.MarketIntel\Alfanar.MarketIntel.Application\Services\NewsApiService.cs:line 80
   at Alfanar.MarketIntel.Application.Services.WebSearchService.SearchAsync(WebSearchRequestDto request) in D:\Storage Market Intel\Alfanar.MarketIntel\Alfanar.MarketIntel.Application\Services\WebSearchService.cs:line 65
2026-02-10 12:37:52.218 +03:00 [INF] Executing Google Custom Search for: renewable energy {"SourceContext":"Alfanar.MarketIntel.Application.Services.GoogleSearchService","ActionId":"c3724282-a65c-40f6-83eb-1792708e5c45","ActionName":"Alfanar.MarketIntel.Api.Controllers.WebSearchController.SearchAsync (Alfanar.MarketIntel.Api)","RequestId":"0HNJ8GUJV5PJG:00000001","RequestPath":"/api/web-search/search","ConnectionId":"0HNJ8GUJV5PJG"}
2026-02-10 12:37:52.218 +03:00 [DBG] Calling Google Custom Search API: https://www.googleapis.com/customsearch/v1 {"SourceContext":"Alfanar.MarketIntel.Application.Services.GoogleSearchService","ActionId":"c3724282-a65c-40f6-83eb-1792708e5c45","ActionName":"Alfanar.MarketIntel.Api.Controllers.WebSearchController.SearchAsync (Alfanar.MarketIntel.Api)","RequestId":"0HNJ8GUJV5PJG:00000001","RequestPath":"/api/web-search/search","ConnectionId":"0HNJ8GUJV5PJG"}
2026-02-10 12:37:52.219 +03:00 [INF] Start processing HTTP request GET https://www.googleapis.com/customsearch/v1?q=renewable%20energy&key=AIzaSyCD8iVcQYMZJM4MYKDaYFDAg0iBHzAwAaQ&cx=50edacb13c3074780&num=10 {"EventId":{"Id":100,"Name":"RequestPipelineStart"},"SourceContext":"System.Net.Http.HttpClient.Default.LogicalHandler","ActionId":"c3724282-a65c-40f6-83eb-1792708e5c45","ActionName":"Alfanar.MarketIntel.Api.Controllers.WebSearchController.SearchAsync (Alfanar.MarketIntel.Api)","RequestId":"0HNJ8GUJV5PJG:00000001","RequestPath":"/api/web-search/search","ConnectionId":"0HNJ8GUJV5PJG","Scope":["HTTP GET https://www.googleapis.com/customsearch/v1?q=renewable%20energy&key=AIzaSyCD8iVcQYMZJM4MYKDaYFDAg0iBHzAwAaQ&cx=50edacb13c3074780&num=10"]}
2026-02-10 12:37:52.219 +03:00 [INF] Sending HTTP request GET https://www.googleapis.com/customsearch/v1?q=renewable%20energy&key=AIzaSyCD8iVcQYMZJM4MYKDaYFDAg0iBHzAwAaQ&cx=50edacb13c3074780&num=10 {"EventId":{"Id":100,"Name":"RequestStart"},"SourceContext":"System.Net.Http.HttpClient.Default.ClientHandler","ActionId":"c3724282-a65c-40f6-83eb-1792708e5c45","ActionName":"Alfanar.MarketIntel.Api.Controllers.WebSearchController.SearchAsync (Alfanar.MarketIntel.Api)","RequestId":"0HNJ8GUJV5PJG:00000001","RequestPath":"/api/web-search/search","ConnectionId":"0HNJ8GUJV5PJG","Scope":["HTTP GET https://www.googleapis.com/customsearch/v1?q=renewable%20energy&key=AIzaSyCD8iVcQYMZJM4MYKDaYFDAg0iBHzAwAaQ&cx=50edacb13c3074780&num=10"]}
2026-02-10 12:37:57.978 +03:00 [INF] Received HTTP response headers after 5758.6254ms - 403 {"EventId":{"Id":101,"Name":"RequestEnd"},"SourceContext":"System.Net.Http.HttpClient.Default.ClientHandler","HttpMethod":"GET","Uri":"https://www.googleapis.com/customsearch/v1?q=renewable%20energy&key=AIzaSyCD8iVcQYMZJM4MYKDaYFDAg0iBHzAwAaQ&cx=50edacb13c3074780&num=10","ActionId":"c3724282-a65c-40f6-83eb-1792708e5c45","ActionName":"Alfanar.MarketIntel.Api.Controllers.WebSearchController.SearchAsync (Alfanar.MarketIntel.Api)","RequestId":"0HNJ8GUJV5PJG:00000001","RequestPath":"/api/web-search/search","ConnectionId":"0HNJ8GUJV5PJG","Scope":["HTTP GET https://www.googleapis.com/customsearch/v1?q=renewable%20energy&key=AIzaSyCD8iVcQYMZJM4MYKDaYFDAg0iBHzAwAaQ&cx=50edacb13c3074780&num=10"]}
2026-02-10 12:37:57.978 +03:00 [INF] End processing HTTP request after 5759.4653ms - 403 {"EventId":{"Id":101,"Name":"RequestPipelineEnd"},"SourceContext":"System.Net.Http.HttpClient.Default.LogicalHandler","HttpMethod":"GET","Uri":"https://www.googleapis.com/customsearch/v1?q=renewable%20energy&key=AIzaSyCD8iVcQYMZJM4MYKDaYFDAg0iBHzAwAaQ&cx=50edacb13c3074780&num=10","ActionId":"c3724282-a65c-40f6-83eb-1792708e5c45","ActionName":"Alfanar.MarketIntel.Api.Controllers.WebSearchController.SearchAsync (Alfanar.MarketIntel.Api)","RequestId":"0HNJ8GUJV5PJG:00000001","RequestPath":"/api/web-search/search","ConnectionId":"0HNJ8GUJV5PJG","Scope":["HTTP GET https://www.googleapis.com/customsearch/v1?q=renewable%20energy&key=AIzaSyCD8iVcQYMZJM4MYKDaYFDAg0iBHzAwAaQ&cx=50edacb13c3074780&num=10"]}
2026-02-10 12:37:57.980 +03:00 [ERR] Error searching with Google for keyword: renewable energy {"SourceContext":"Alfanar.MarketIntel.Application.Services.GoogleSearchService","ActionId":"c3724282-a65c-40f6-83eb-1792708e5c45","ActionName":"Alfanar.MarketIntel.Api.Controllers.WebSearchController.SearchAsync (Alfanar.MarketIntel.Api)","RequestId":"0HNJ8GUJV5PJG:00000001","RequestPath":"/api/web-search/search","ConnectionId":"0HNJ8GUJV5PJG"}
System.Net.Http.HttpRequestException: Response status code does not indicate success: 403 (Forbidden).
   at System.Net.Http.HttpResponseMessage.EnsureSuccessStatusCode()
   at Alfanar.MarketIntel.Application.Services.GoogleSearchService.SearchAsync(WebSearchRequestDto request) in D:\Storage Market Intel\Alfanar.MarketIntel\Alfanar.MarketIntel.Application\Services\GoogleSearchService.cs:line 67
2026-02-10 12:37:57.980 +03:00 [ERR] Both NewsAPI and Google search failed for: renewable energy {"SourceContext":"Alfanar.MarketIntel.Application.Services.WebSearchService","ActionId":"c3724282-a65c-40f6-83eb-1792708e5c45","ActionName":"Alfanar.MarketIntel.Api.Controllers.WebSearchController.SearchAsync (Alfanar.MarketIntel.Api)","RequestId":"0HNJ8GUJV5PJG:00000001","RequestPath":"/api/web-search/search","ConnectionId":"0HNJ8GUJV5PJG"}
System.Net.Http.HttpRequestException: Response status code does not indicate success: 403 (Forbidden).
   at System.Net.Http.HttpResponseMessage.EnsureSuccessStatusCode()
   at Alfanar.MarketIntel.Application.Services.GoogleSearchService.SearchAsync(WebSearchRequestDto request) in D:\Storage Market Intel\Alfanar.MarketIntel\Alfanar.MarketIntel.Application\Services\GoogleSearchService.cs:line 67
   at Alfanar.MarketIntel.Application.Services.WebSearchService.SearchAsync(WebSearchRequestDto request) in D:\Storage Market Intel\Alfanar.MarketIntel\Alfanar.MarketIntel.Application\Services\WebSearchService.cs:line 90
2026-02-10 12:37:57.981 +03:00 [INF] Executing BadRequestObjectResult, writing value of type '<>f__AnonymousType2`1[[System.String, System.Private.CoreLib, Version=8.0.0.0, Culture=neutral, PublicKeyToken=7cec85d7bea7798e]]'. {"EventId":{"Id":1,"Name":"ObjectResultExecuting"},"SourceContext":"Microsoft.AspNetCore.Mvc.Infrastructure.ObjectResultExecutor","ActionId":"c3724282-a65c-40f6-83eb-1792708e5c45","ActionName":"Alfanar.MarketIntel.Api.Controllers.WebSearchController.SearchAsync (Alfanar.MarketIntel.Api)","RequestId":"0HNJ8GUJV5PJG:00000001","RequestPath":"/api/web-search/search","ConnectionId":"0HNJ8GUJV5PJG"}
2026-02-10 12:37:57.982 +03:00 [INF] Executed action Alfanar.MarketIntel.Api.Controllers.WebSearchController.SearchAsync (Alfanar.MarketIntel.Api) in 6544.9146ms {"EventId":{"Id":105,"Name":"ActionExecuted"},"SourceContext":"Microsoft.AspNetCore.Mvc.Infrastructure.ControllerActionInvoker","RequestId":"0HNJ8GUJV5PJG:00000001","RequestPath":"/api/web-search/search","ConnectionId":"0HNJ8GUJV5PJG"}
2026-02-10 12:37:57.982 +03:00 [INF] Executed endpoint 'Alfanar.MarketIntel.Api.Controllers.WebSearchController.SearchAsync (Alfanar.MarketIntel.Api)' {"EventId":{"Id":1,"Name":"ExecutedEndpoint"},"SourceContext":"Microsoft.AspNetCore.Routing.EndpointMiddleware","RequestId":"0HNJ8GUJV5PJG:00000001","RequestPath":"/api/web-search/search","ConnectionId":"0HNJ8GUJV5PJG"}
2026-02-10 12:37:57.983 +03:00 [INF] HTTP POST /api/web-search/search responded 400 in 6545.7861 ms {"SourceContext":"Serilog.AspNetCore.RequestLoggingMiddleware","RequestId":"0HNJ8GUJV5PJG:00000001","ConnectionId":"0HNJ8GUJV5PJG"}
2026-02-10 12:37:57.983 +03:00 [INF] Request finished HTTP/1.1 POST http://localhost:5021/api/web-search/search - 400 null application/json; charset=utf-8 6546.3482ms {"EventId":{"Id":2},"SourceContext":"Microsoft.AspNetCore.Hosting.Diagnostics","RequestId":"0HNJ8GUJV5PJG:00000001","RequestPath":"/api/web-search/search","ConnectionId":"0HNJ8GUJV5PJG"}
2026-02-10 12:38:02.717 +03:00 [INF] Request starting HTTP/1.1 POST http://localhost:5021/api/web-search/search - application/json 75 {"EventId":{"Id":1},"SourceContext":"Microsoft.AspNetCore.Hosting.Diagnostics","RequestId":"0HNJ8GUJV5PJG:00000002","RequestPath":"/api/web-search/search","ConnectionId":"0HNJ8GUJV5PJG"}
2026-02-10 12:38:02.717 +03:00 [INF] Executing endpoint 'Alfanar.MarketIntel.Api.Controllers.WebSearchController.SearchAsync (Alfanar.MarketIntel.Api)' {"EventId":{"Name":"ExecutingEndpoint"},"SourceContext":"Microsoft.AspNetCore.Routing.EndpointMiddleware","RequestId":"0HNJ8GUJV5PJG:00000002","RequestPath":"/api/web-search/search","ConnectionId":"0HNJ8GUJV5PJG"}
2026-02-10 12:38:02.718 +03:00 [INF] Route matched with {action = "Search", controller = "WebSearch"}. Executing controller action with signature System.Threading.Tasks.Task`1[Microsoft.AspNetCore.Mvc.IActionResult] SearchAsync(Alfanar.MarketIntel.Application.DTOs.WebSearchRequestDto) on controller Alfanar.MarketIntel.Api.Controllers.WebSearchController (Alfanar.MarketIntel.Api). {"EventId":{"Id":102,"Name":"ControllerActionExecuting"},"SourceContext":"Microsoft.AspNetCore.Mvc.Infrastructure.ControllerActionInvoker","ActionId":"c3724282-a65c-40f6-83eb-1792708e5c45","ActionName":"Alfanar.MarketIntel.Api.Controllers.WebSearchController.SearchAsync (Alfanar.MarketIntel.Api)","RequestId":"0HNJ8GUJV5PJG:00000002","RequestPath":"/api/web-search/search","ConnectionId":"0HNJ8GUJV5PJG"}
2026-02-10 12:38:02.718 +03:00 [INF] Processing web search for keyword: renewable energy {"SourceContext":"Alfanar.MarketIntel.Api.Controllers.WebSearchController","ActionId":"c3724282-a65c-40f6-83eb-1792708e5c45","ActionName":"Alfanar.MarketIntel.Api.Controllers.WebSearchController.SearchAsync (Alfanar.MarketIntel.Api)","RequestId":"0HNJ8GUJV5PJG:00000002","RequestPath":"/api/web-search/search","ConnectionId":"0HNJ8GUJV5PJG"}
2026-02-10 12:38:02.718 +03:00 [INF] Searching with newsapi for: renewable energy {"SourceContext":"Alfanar.MarketIntel.Application.Services.WebSearchService","ActionId":"c3724282-a65c-40f6-83eb-1792708e5c45","ActionName":"Alfanar.MarketIntel.Api.Controllers.WebSearchController.SearchAsync (Alfanar.MarketIntel.Api)","RequestId":"0HNJ8GUJV5PJG:00000002","RequestPath":"/api/web-search/search","ConnectionId":"0HNJ8GUJV5PJG"}
2026-02-10 12:38:02.718 +03:00 [INF] Executing NewsAPI search for: renewable energy {"SourceContext":"Alfanar.MarketIntel.Application.Services.NewsApiService","ActionId":"c3724282-a65c-40f6-83eb-1792708e5c45","ActionName":"Alfanar.MarketIntel.Api.Controllers.WebSearchController.SearchAsync (Alfanar.MarketIntel.Api)","RequestId":"0HNJ8GUJV5PJG:00000002","RequestPath":"/api/web-search/search","ConnectionId":"0HNJ8GUJV5PJG"}
2026-02-10 12:38:02.718 +03:00 [DBG] Calling NewsAPI: https://newsapi.org/v2/everything?q=renewable%20energy&apiKey=f97e61f347444bcd97c089996120f152&pageSize=10&sortBy=publishedAt&language=en {"SourceContext":"Alfanar.MarketIntel.Application.Services.NewsApiService","ActionId":"c3724282-a65c-40f6-83eb-1792708e5c45","ActionName":"Alfanar.MarketIntel.Api.Controllers.WebSearchController.SearchAsync (Alfanar.MarketIntel.Api)","RequestId":"0HNJ8GUJV5PJG:00000002","RequestPath":"/api/web-search/search","ConnectionId":"0HNJ8GUJV5PJG"}
2026-02-10 12:38:02.719 +03:00 [INF] Start processing HTTP request GET https://newsapi.org/v2/everything?q=renewable%20energy&apiKey=f97e61f347444bcd97c089996120f152&pageSize=10&sortBy=publishedAt&language=en {"EventId":{"Id":100,"Name":"RequestPipelineStart"},"SourceContext":"System.Net.Http.HttpClient.Default.LogicalHandler","ActionId":"c3724282-a65c-40f6-83eb-1792708e5c45","ActionName":"Alfanar.MarketIntel.Api.Controllers.WebSearchController.SearchAsync (Alfanar.MarketIntel.Api)","RequestId":"0HNJ8GUJV5PJG:00000002","RequestPath":"/api/web-search/search","ConnectionId":"0HNJ8GUJV5PJG","Scope":["HTTP GET https://newsapi.org/v2/everything?q=renewable%20energy&apiKey=f97e61f347444bcd97c089996120f152&pageSize=10&sortBy=publishedAt&language=en"]}
2026-02-10 12:38:02.719 +03:00 [INF] Sending HTTP request GET https://newsapi.org/v2/everything?q=renewable%20energy&apiKey=f97e61f347444bcd97c089996120f152&pageSize=10&sortBy=publishedAt&language=en {"EventId":{"Id":100,"Name":"RequestStart"},"SourceContext":"System.Net.Http.HttpClient.Default.ClientHandler","ActionId":"c3724282-a65c-40f6-83eb-1792708e5c45","ActionName":"Alfanar.MarketIntel.Api.Controllers.WebSearchController.SearchAsync (Alfanar.MarketIntel.Api)","RequestId":"0HNJ8GUJV5PJG:00000002","RequestPath":"/api/web-search/search","ConnectionId":"0HNJ8GUJV5PJG","Scope":["HTTP GET https://newsapi.org/v2/everything?q=renewable%20energy&apiKey=f97e61f347444bcd97c089996120f152&pageSize=10&sortBy=publishedAt&language=en"]}
2026-02-10 12:38:02.922 +03:00 [INF] Received HTTP response headers after 203.0598ms - 400 {"EventId":{"Id":101,"Name":"RequestEnd"},"SourceContext":"System.Net.Http.HttpClient.Default.ClientHandler","HttpMethod":"GET","Uri":"https://newsapi.org/v2/everything?q=renewable%20energy&apiKey=f97e61f347444bcd97c089996120f152&pageSize=10&sortBy=publishedAt&language=en","ActionId":"c3724282-a65c-40f6-83eb-1792708e5c45","ActionName":"Alfanar.MarketIntel.Api.Controllers.WebSearchController.SearchAsync (Alfanar.MarketIntel.Api)","RequestId":"0HNJ8GUJV5PJG:00000002","RequestPath":"/api/web-search/search","ConnectionId":"0HNJ8GUJV5PJG","Scope":["HTTP GET https://newsapi.org/v2/everything?q=renewable%20energy&apiKey=f97e61f347444bcd97c089996120f152&pageSize=10&sortBy=publishedAt&language=en"]}
2026-02-10 12:38:02.923 +03:00 [INF] End processing HTTP request after 204.1802ms - 400 {"EventId":{"Id":101,"Name":"RequestPipelineEnd"},"SourceContext":"System.Net.Http.HttpClient.Default.LogicalHandler","HttpMethod":"GET","Uri":"https://newsapi.org/v2/everything?q=renewable%20energy&apiKey=f97e61f347444bcd97c089996120f152&pageSize=10&sortBy=publishedAt&language=en","ActionId":"c3724282-a65c-40f6-83eb-1792708e5c45","ActionName":"Alfanar.MarketIntel.Api.Controllers.WebSearchController.SearchAsync (Alfanar.MarketIntel.Api)","RequestId":"0HNJ8GUJV5PJG:00000002","RequestPath":"/api/web-search/search","ConnectionId":"0HNJ8GUJV5PJG","Scope":["HTTP GET https://newsapi.org/v2/everything?q=renewable%20energy&apiKey=f97e61f347444bcd97c089996120f152&pageSize=10&sortBy=publishedAt&language=en"]}
2026-02-10 12:38:02.923 +03:00 [ERR] NewsAPI returned "BadRequest": {"status":"error","code":"userAgentMissing","message":"Please set your User-Agent header to identify your application. Anonymous requests are not allowed."} {"SourceContext":"Alfanar.MarketIntel.Application.Services.NewsApiService","ActionId":"c3724282-a65c-40f6-83eb-1792708e5c45","ActionName":"Alfanar.MarketIntel.Api.Controllers.WebSearchController.SearchAsync (Alfanar.MarketIntel.Api)","RequestId":"0HNJ8GUJV5PJG:00000002","RequestPath":"/api/web-search/search","ConnectionId":"0HNJ8GUJV5PJG"}
2026-02-10 12:38:02.924 +03:00 [ERR] Error searching with NewsAPI for keyword: renewable energy {"SourceContext":"Alfanar.MarketIntel.Application.Services.NewsApiService","ActionId":"c3724282-a65c-40f6-83eb-1792708e5c45","ActionName":"Alfanar.MarketIntel.Api.Controllers.WebSearchController.SearchAsync (Alfanar.MarketIntel.Api)","RequestId":"0HNJ8GUJV5PJG:00000002","RequestPath":"/api/web-search/search","ConnectionId":"0HNJ8GUJV5PJG"}
System.InvalidOperationException: NewsAPI error: BadRequest - {"status":"error","code":"userAgentMissing","message":"Please set your User-Agent header to identify your application. Anonymous requests are not allowed."}
   at Alfanar.MarketIntel.Application.Services.NewsApiService.SearchAsync(WebSearchRequestDto request) in D:\Storage Market Intel\Alfanar.MarketIntel\Alfanar.MarketIntel.Application\Services\NewsApiService.cs:line 80
2026-02-10 12:38:02.924 +03:00 [WRN] NewsAPI failed, attempting fallback to Google for: renewable energy {"SourceContext":"Alfanar.MarketIntel.Application.Services.WebSearchService","ActionId":"c3724282-a65c-40f6-83eb-1792708e5c45","ActionName":"Alfanar.MarketIntel.Api.Controllers.WebSearchController.SearchAsync (Alfanar.MarketIntel.Api)","RequestId":"0HNJ8GUJV5PJG:00000002","RequestPath":"/api/web-search/search","ConnectionId":"0HNJ8GUJV5PJG"}
System.InvalidOperationException: NewsAPI error: BadRequest - {"status":"error","code":"userAgentMissing","message":"Please set your User-Agent header to identify your application. Anonymous requests are not allowed."}
   at Alfanar.MarketIntel.Application.Services.NewsApiService.SearchAsync(WebSearchRequestDto request) in D:\Storage Market Intel\Alfanar.MarketIntel\Alfanar.MarketIntel.Application\Services\NewsApiService.cs:line 80
   at Alfanar.MarketIntel.Application.Services.WebSearchService.SearchAsync(WebSearchRequestDto request) in D:\Storage Market Intel\Alfanar.MarketIntel\Alfanar.MarketIntel.Application\Services\WebSearchService.cs:line 65
2026-02-10 12:38:02.925 +03:00 [INF] Executing Google Custom Search for: renewable energy {"SourceContext":"Alfanar.MarketIntel.Application.Services.GoogleSearchService","ActionId":"c3724282-a65c-40f6-83eb-1792708e5c45","ActionName":"Alfanar.MarketIntel.Api.Controllers.WebSearchController.SearchAsync (Alfanar.MarketIntel.Api)","RequestId":"0HNJ8GUJV5PJG:00000002","RequestPath":"/api/web-search/search","ConnectionId":"0HNJ8GUJV5PJG"}
2026-02-10 12:38:02.925 +03:00 [DBG] Calling Google Custom Search API: https://www.googleapis.com/customsearch/v1 {"SourceContext":"Alfanar.MarketIntel.Application.Services.GoogleSearchService","ActionId":"c3724282-a65c-40f6-83eb-1792708e5c45","ActionName":"Alfanar.MarketIntel.Api.Controllers.WebSearchController.SearchAsync (Alfanar.MarketIntel.Api)","RequestId":"0HNJ8GUJV5PJG:00000002","RequestPath":"/api/web-search/search","ConnectionId":"0HNJ8GUJV5PJG"}
2026-02-10 12:38:02.925 +03:00 [INF] Start processing HTTP request GET https://www.googleapis.com/customsearch/v1?q=renewable%20energy&key=AIzaSyCD8iVcQYMZJM4MYKDaYFDAg0iBHzAwAaQ&cx=50edacb13c3074780&num=10 {"EventId":{"Id":100,"Name":"RequestPipelineStart"},"SourceContext":"System.Net.Http.HttpClient.Default.LogicalHandler","ActionId":"c3724282-a65c-40f6-83eb-1792708e5c45","ActionName":"Alfanar.MarketIntel.Api.Controllers.WebSearchController.SearchAsync (Alfanar.MarketIntel.Api)","RequestId":"0HNJ8GUJV5PJG:00000002","RequestPath":"/api/web-search/search","ConnectionId":"0HNJ8GUJV5PJG","Scope":["HTTP GET https://www.googleapis.com/customsearch/v1?q=renewable%20energy&key=AIzaSyCD8iVcQYMZJM4MYKDaYFDAg0iBHzAwAaQ&cx=50edacb13c3074780&num=10"]}
2026-02-10 12:38:02.925 +03:00 [INF] Sending HTTP request GET https://www.googleapis.com/customsearch/v1?q=renewable%20energy&key=AIzaSyCD8iVcQYMZJM4MYKDaYFDAg0iBHzAwAaQ&cx=50edacb13c3074780&num=10 {"EventId":{"Id":100,"Name":"RequestStart"},"SourceContext":"System.Net.Http.HttpClient.Default.ClientHandler","ActionId":"c3724282-a65c-40f6-83eb-1792708e5c45","ActionName":"Alfanar.MarketIntel.Api.Controllers.WebSearchController.SearchAsync (Alfanar.MarketIntel.Api)","RequestId":"0HNJ8GUJV5PJG:00000002","RequestPath":"/api/web-search/search","ConnectionId":"0HNJ8GUJV5PJG","Scope":["HTTP GET https://www.googleapis.com/customsearch/v1?q=renewable%20energy&key=AIzaSyCD8iVcQYMZJM4MYKDaYFDAg0iBHzAwAaQ&cx=50edacb13c3074780&num=10"]}
2026-02-10 12:38:03.219 +03:00 [INF] Received HTTP response headers after 293.5242ms - 403 {"EventId":{"Id":101,"Name":"RequestEnd"},"SourceContext":"System.Net.Http.HttpClient.Default.ClientHandler","HttpMethod":"GET","Uri":"https://www.googleapis.com/customsearch/v1?q=renewable%20energy&key=AIzaSyCD8iVcQYMZJM4MYKDaYFDAg0iBHzAwAaQ&cx=50edacb13c3074780&num=10","ActionId":"c3724282-a65c-40f6-83eb-1792708e5c45","ActionName":"Alfanar.MarketIntel.Api.Controllers.WebSearchController.SearchAsync (Alfanar.MarketIntel.Api)","RequestId":"0HNJ8GUJV5PJG:00000002","RequestPath":"/api/web-search/search","ConnectionId":"0HNJ8GUJV5PJG","Scope":["HTTP GET https://www.googleapis.com/customsearch/v1?q=renewable%20energy&key=AIzaSyCD8iVcQYMZJM4MYKDaYFDAg0iBHzAwAaQ&cx=50edacb13c3074780&num=10"]}
2026-02-10 12:38:03.220 +03:00 [INF] End processing HTTP request after 294.3087ms - 403 {"EventId":{"Id":101,"Name":"RequestPipelineEnd"},"SourceContext":"System.Net.Http.HttpClient.Default.LogicalHandler","HttpMethod":"GET","Uri":"https://www.googleapis.com/customsearch/v1?q=renewable%20energy&key=AIzaSyCD8iVcQYMZJM4MYKDaYFDAg0iBHzAwAaQ&cx=50edacb13c3074780&num=10","ActionId":"c3724282-a65c-40f6-83eb-1792708e5c45","ActionName":"Alfanar.MarketIntel.Api.Controllers.WebSearchController.SearchAsync (Alfanar.MarketIntel.Api)","RequestId":"0HNJ8GUJV5PJG:00000002","RequestPath":"/api/web-search/search","ConnectionId":"0HNJ8GUJV5PJG","Scope":["HTTP GET https://www.googleapis.com/customsearch/v1?q=renewable%20energy&key=AIzaSyCD8iVcQYMZJM4MYKDaYFDAg0iBHzAwAaQ&cx=50edacb13c3074780&num=10"]}
2026-02-10 12:38:03.220 +03:00 [ERR] Error searching with Google for keyword: renewable energy {"SourceContext":"Alfanar.MarketIntel.Application.Services.GoogleSearchService","ActionId":"c3724282-a65c-40f6-83eb-1792708e5c45","ActionName":"Alfanar.MarketIntel.Api.Controllers.WebSearchController.SearchAsync (Alfanar.MarketIntel.Api)","RequestId":"0HNJ8GUJV5PJG:00000002","RequestPath":"/api/web-search/search","ConnectionId":"0HNJ8GUJV5PJG"}
System.Net.Http.HttpRequestException: Response status code does not indicate success: 403 (Forbidden).
   at System.Net.Http.HttpResponseMessage.EnsureSuccessStatusCode()
   at Alfanar.MarketIntel.Application.Services.GoogleSearchService.SearchAsync(WebSearchRequestDto request) in D:\Storage Market Intel\Alfanar.MarketIntel\Alfanar.MarketIntel.Application\Services\GoogleSearchService.cs:line 67
2026-02-10 12:38:03.221 +03:00 [ERR] Both NewsAPI and Google search failed for: renewable energy {"SourceContext":"Alfanar.MarketIntel.Application.Services.WebSearchService","ActionId":"c3724282-a65c-40f6-83eb-1792708e5c45","ActionName":"Alfanar.MarketIntel.Api.Controllers.WebSearchController.SearchAsync (Alfanar.MarketIntel.Api)","RequestId":"0HNJ8GUJV5PJG:00000002","RequestPath":"/api/web-search/search","ConnectionId":"0HNJ8GUJV5PJG"}
System.Net.Http.HttpRequestException: Response status code does not indicate success: 403 (Forbidden).
   at System.Net.Http.HttpResponseMessage.EnsureSuccessStatusCode()
   at Alfanar.MarketIntel.Application.Services.GoogleSearchService.SearchAsync(WebSearchRequestDto request) in D:\Storage Market Intel\Alfanar.MarketIntel\Alfanar.MarketIntel.Application\Services\GoogleSearchService.cs:line 67
   at Alfanar.MarketIntel.Application.Services.WebSearchService.SearchAsync(WebSearchRequestDto request) in D:\Storage Market Intel\Alfanar.MarketIntel\Alfanar.MarketIntel.Application\Services\WebSearchService.cs:line 90
2026-02-10 12:38:03.221 +03:00 [INF] Executing BadRequestObjectResult, writing value of type '<>f__AnonymousType2`1[[System.String, System.Private.CoreLib, Version=8.0.0.0, Culture=neutral, PublicKeyToken=7cec85d7bea7798e]]'. {"EventId":{"Id":1,"Name":"ObjectResultExecuting"},"SourceContext":"Microsoft.AspNetCore.Mvc.Infrastructure.ObjectResultExecutor","ActionId":"c3724282-a65c-40f6-83eb-1792708e5c45","ActionName":"Alfanar.MarketIntel.Api.Controllers.WebSearchController.SearchAsync (Alfanar.MarketIntel.Api)","RequestId":"0HNJ8GUJV5PJG:00000002","RequestPath":"/api/web-search/search","ConnectionId":"0HNJ8GUJV5PJG"}
2026-02-10 12:38:03.222 +03:00 [INF] Executed action Alfanar.MarketIntel.Api.Controllers.WebSearchController.SearchAsync (Alfanar.MarketIntel.Api) in 503.8002ms {"EventId":{"Id":105,"Name":"ActionExecuted"},"SourceContext":"Microsoft.AspNetCore.Mvc.Infrastructure.ControllerActionInvoker","RequestId":"0HNJ8GUJV5PJG:00000002","RequestPath":"/api/web-search/search","ConnectionId":"0HNJ8GUJV5PJG"}
2026-02-10 12:38:03.222 +03:00 [INF] Executed endpoint 'Alfanar.MarketIntel.Api.Controllers.WebSearchController.SearchAsync (Alfanar.MarketIntel.Api)' {"EventId":{"Id":1,"Name":"ExecutedEndpoint"},"SourceContext":"Microsoft.AspNetCore.Routing.EndpointMiddleware","RequestId":"0HNJ8GUJV5PJG:00000002","RequestPath":"/api/web-search/search","ConnectionId":"0HNJ8GUJV5PJG"}
2026-02-10 12:38:03.222 +03:00 [INF] HTTP POST /api/web-search/search responded 400 in 504.6258 ms {"SourceContext":"Serilog.AspNetCore.RequestLoggingMiddleware","RequestId":"0HNJ8GUJV5PJG:00000002","ConnectionId":"0HNJ8GUJV5PJG"}
2026-02-10 12:38:03.222 +03:00 [INF] Request finished HTTP/1.1 POST http://localhost:5021/api/web-search/search - 400 null application/json; charset=utf-8 505.1634ms {"EventId":{"Id":2},"SourceContext":"Microsoft.AspNetCore.Hosting.Diagnostics","RequestId":"0HNJ8GUJV5PJG:00000002","RequestPath":"/api/web-search/search","ConnectionId":"0HNJ8GUJV5PJG"}
