2026-01-21 11:31:55.904 +03:00 [INF] Executed DbCommand (7ms) [Parameters=[], CommandType='"Text"', CommandTimeout='30']
SELECT 1
2026-01-21 11:31:55.944 +03:00 [INF] Acquiring an exclusive lock for migration application. See https://aka.ms/efcore-docs-migrations-lock for more information if this takes too long.
2026-01-21 11:31:55.960 +03:00 [INF] Executed DbCommand (12ms) [Parameters=[], CommandType='"Text"', CommandTimeout='30']
DECLARE @result int;
EXEC @result = sp_getapplock @Resource = '__EFMigrationsLock', @LockOwner = 'Session', @LockMode = 'Exclusive';
SELECT @result
2026-01-21 11:31:55.995 +03:00 [INF] Executed DbCommand (1ms) [Parameters=[], CommandType='"Text"', CommandTimeout='30']
IF OBJECT_ID(N'[__EFMigrationsHistory]') IS NULL
BEGIN
    CREATE TABLE [__EFMigrationsHistory] (
        [MigrationId] nvarchar(150) NOT NULL,
        [ProductVersion] nvarchar(32) NOT NULL,
        CONSTRAINT [PK___EFMigrationsHistory] PRIMARY KEY ([MigrationId])
    );
END;
2026-01-21 11:31:56.002 +03:00 [INF] Executed DbCommand (0ms) [Parameters=[], CommandType='"Text"', CommandTimeout='30']
SELECT 1
2026-01-21 11:31:56.006 +03:00 [INF] Executed DbCommand (0ms) [Parameters=[], CommandType='"Text"', CommandTimeout='30']
SELECT OBJECT_ID(N'[__EFMigrationsHistory]');
2026-01-21 11:31:56.016 +03:00 [INF] Executed DbCommand (5ms) [Parameters=[], CommandType='"Text"', CommandTimeout='30']
SELECT [MigrationId], [ProductVersion]
FROM [__EFMigrationsHistory]
ORDER BY [MigrationId];
2026-01-21 11:31:56.022 +03:00 [INF] No migrations were applied. The database is already up to date.
2026-01-21 11:31:56.027 +03:00 [INF] Executed DbCommand (2ms) [Parameters=[], CommandType='"Text"', CommandTimeout='30']
DECLARE @result int;
EXEC @result = sp_releaseapplock @Resource = '__EFMigrationsLock', @LockOwner = 'Session';
SELECT @result
2026-01-21 11:31:56.031 +03:00 [INF] Database migration completed successfully
2026-01-21 11:31:56.034 +03:00 [INF] Market Intelligence API starting...
2026-01-21 11:31:56.060 +03:00 [INF] Now listening on: http://localhost:5021
2026-01-21 11:31:56.063 +03:00 [INF] Application started. Press Ctrl+C to shut down.
2026-01-21 11:31:56.064 +03:00 [INF] Hosting environment: Development
2026-01-21 11:31:56.065 +03:00 [INF] Content root path: D:\Storage Market Intel\Alfanar.MarketIntel\Alfanar.MarketIntel.Api
2026-01-21 11:32:32.462 +03:00 [INF] Application is shutting down...
2026-01-21 11:38:04.140 +03:00 [INF] Executed DbCommand (8ms) [Parameters=[], CommandType='"Text"', CommandTimeout='30']
SELECT 1 {"EventId":{"Id":20101,"Name":"Microsoft.EntityFrameworkCore.Database.Command.CommandExecuted"},"SourceContext":"Microsoft.EntityFrameworkCore.Database.Command"}
2026-01-21 11:38:04.184 +03:00 [INF] Acquiring an exclusive lock for migration application. See https://aka.ms/efcore-docs-migrations-lock for more information if this takes too long. {"EventId":{"Id":20411,"Name":"Microsoft.EntityFrameworkCore.Migrations.AcquiringMigrationLock"},"SourceContext":"Microsoft.EntityFrameworkCore.Migrations"}
2026-01-21 11:38:04.202 +03:00 [INF] Executed DbCommand (13ms) [Parameters=[], CommandType='"Text"', CommandTimeout='30']
DECLARE @result int;
EXEC @result = sp_getapplock @Resource = '__EFMigrationsLock', @LockOwner = 'Session', @LockMode = 'Exclusive';
SELECT @result {"EventId":{"Id":20101,"Name":"Microsoft.EntityFrameworkCore.Database.Command.CommandExecuted"},"SourceContext":"Microsoft.EntityFrameworkCore.Database.Command"}
2026-01-21 11:38:04.239 +03:00 [INF] Executed DbCommand (1ms) [Parameters=[], CommandType='"Text"', CommandTimeout='30']
IF OBJECT_ID(N'[__EFMigrationsHistory]') IS NULL
BEGIN
    CREATE TABLE [__EFMigrationsHistory] (
        [MigrationId] nvarchar(150) NOT NULL,
        [ProductVersion] nvarchar(32) NOT NULL,
        CONSTRAINT [PK___EFMigrationsHistory] PRIMARY KEY ([MigrationId])
    );
END; {"EventId":{"Id":20101,"Name":"Microsoft.EntityFrameworkCore.Database.Command.CommandExecuted"},"SourceContext":"Microsoft.EntityFrameworkCore.Database.Command"}
2026-01-21 11:38:04.253 +03:00 [INF] Executed DbCommand (0ms) [Parameters=[], CommandType='"Text"', CommandTimeout='30']
SELECT 1 {"EventId":{"Id":20101,"Name":"Microsoft.EntityFrameworkCore.Database.Command.CommandExecuted"},"SourceContext":"Microsoft.EntityFrameworkCore.Database.Command"}
2026-01-21 11:38:04.262 +03:00 [INF] Executed DbCommand (0ms) [Parameters=[], CommandType='"Text"', CommandTimeout='30']
SELECT OBJECT_ID(N'[__EFMigrationsHistory]'); {"EventId":{"Id":20101,"Name":"Microsoft.EntityFrameworkCore.Database.Command.CommandExecuted"},"SourceContext":"Microsoft.EntityFrameworkCore.Database.Command"}
2026-01-21 11:38:04.277 +03:00 [INF] Executed DbCommand (5ms) [Parameters=[], CommandType='"Text"', CommandTimeout='30']
SELECT [MigrationId], [ProductVersion]
FROM [__EFMigrationsHistory]
ORDER BY [MigrationId]; {"EventId":{"Id":20101,"Name":"Microsoft.EntityFrameworkCore.Database.Command.CommandExecuted"},"SourceContext":"Microsoft.EntityFrameworkCore.Database.Command"}
2026-01-21 11:38:04.289 +03:00 [INF] No migrations were applied. The database is already up to date. {"EventId":{"Id":20405,"Name":"Microsoft.EntityFrameworkCore.Migrations.MigrationsNotApplied"},"SourceContext":"Microsoft.EntityFrameworkCore.Migrations"}
2026-01-21 11:38:04.298 +03:00 [INF] Executed DbCommand (2ms) [Parameters=[], CommandType='"Text"', CommandTimeout='30']
DECLARE @result int;
EXEC @result = sp_releaseapplock @Resource = '__EFMigrationsLock', @LockOwner = 'Session';
SELECT @result {"EventId":{"Id":20101,"Name":"Microsoft.EntityFrameworkCore.Database.Command.CommandExecuted"},"SourceContext":"Microsoft.EntityFrameworkCore.Database.Command"}
2026-01-21 11:38:04.306 +03:00 [INF] Database migration completed successfully {}
2026-01-21 11:38:04.311 +03:00 [INF] Market Intelligence API starting... {}
2026-01-21 11:38:04.338 +03:00 [INF] Now listening on: http://localhost:5021 {"EventId":{"Id":14,"Name":"ListeningOnAddress"},"SourceContext":"Microsoft.Hosting.Lifetime"}
2026-01-21 11:38:04.341 +03:00 [INF] Application started. Press Ctrl+C to shut down. {"SourceContext":"Microsoft.Hosting.Lifetime"}
2026-01-21 11:38:04.342 +03:00 [INF] Hosting environment: Development {"SourceContext":"Microsoft.Hosting.Lifetime"}
2026-01-21 11:38:04.343 +03:00 [INF] Content root path: D:\Storage Market Intel\Alfanar.MarketIntel\Alfanar.MarketIntel.Api {"SourceContext":"Microsoft.Hosting.Lifetime"}
2026-01-21 13:09:08.791 +03:00 [INF] Application is shutting down... {"SourceContext":"Microsoft.Hosting.Lifetime"}
