2026-02-10 11:01:55.018 +03:00 [INF] Executed DbCommand (7ms) [Parameters=[], CommandType='"Text"', CommandTimeout='30']
SELECT 1
2026-02-10 11:01:55.051 +03:00 [INF] Executed DbCommand (6ms) [Parameters=[], CommandType='"Text"', CommandTimeout='30']
SELECT OBJECT_ID(N'[__EFMigrationsHistory]');
2026-02-10 11:01:55.052 +03:00 [INF] Executed DbCommand (1ms) [Parameters=[], CommandType='"Text"', CommandTimeout='30']
SELECT 1
2026-02-10 11:01:55.053 +03:00 [INF] Executed DbCommand (0ms) [Parameters=[], CommandType='"Text"', CommandTimeout='30']
SELECT OBJECT_ID(N'[__EFMigrationsHistory]');
2026-02-10 11:01:55.064 +03:00 [INF] Executed DbCommand (6ms) [Parameters=[], CommandType='"Text"', CommandTimeout='30']
SELECT [MigrationId], [ProductVersion]
FROM [__EFMigrationsHistory]
ORDER BY [MigrationId];
2026-02-10 11:01:55.081 +03:00 [INF] No migrations were applied. The database is already up to date.
2026-02-10 11:01:55.082 +03:00 [INF] Database migration completed successfully
2026-02-10 11:01:55.084 +03:00 [INF] Market Intelligence API starting...
2026-02-10 11:01:55.106 +03:00 [INF] Now listening on: http://localhost:5021
2026-02-10 11:01:55.107 +03:00 [INF] Application started. Press Ctrl+C to shut down.
2026-02-10 11:01:55.108 +03:00 [INF] Hosting environment: Development
2026-02-10 11:01:55.108 +03:00 [INF] Content root path: D:\Storage Market Intel\Alfanar.MarketIntel\Alfanar.MarketIntel.Api
2026-02-10 11:02:26.663 +03:00 [INF] Request starting HTTP/1.1 GET http://localhost:5021/swagger/index.html - null null
2026-02-10 11:02:26.708 +03:00 [INF] HTTP GET /swagger/index.html responded 200 in 30.5192 ms
2026-02-10 11:02:26.709 +03:00 [INF] Request finished HTTP/1.1 GET http://localhost:5021/swagger/index.html - 200 null text/html;charset=utf-8 46.7614ms
2026-02-10 11:04:00.064 +03:00 [INF] Request starting HTTP/1.1 POST http://localhost:5021/api/web-search/search - application/json 33
2026-02-10 11:04:00.066 +03:00 [WRN] Failed to determine the https port for redirect.
2026-02-10 11:04:00.068 +03:00 [INF] Executing endpoint 'Alfanar.MarketIntel.Api.Controllers.WebSearchController.SearchAsync (Alfanar.MarketIntel.Api)'
2026-02-10 11:04:00.075 +03:00 [INF] Route matched with {action = "Search", controller = "WebSearch"}. Executing controller action with signature System.Threading.Tasks.Task`1[Microsoft.AspNetCore.Mvc.IActionResult] SearchAsync(Alfanar.MarketIntel.Application.DTOs.WebSearchRequestDto) on controller Alfanar.MarketIntel.Api.Controllers.WebSearchController (Alfanar.MarketIntel.Api).
2026-02-10 11:04:00.090 +03:00 [INF] Processing web search for keyword: HVDC
2026-02-10 11:04:00.092 +03:00 [INF] Searching with google for: HVDC
2026-02-10 11:04:00.093 +03:00 [INF] Executing Google Custom Search for: HVDC
2026-02-10 11:04:00.093 +03:00 [DBG] Calling Google Custom Search API: https://www.googleapis.com/customsearch/v1
2026-02-10 11:04:00.096 +03:00 [INF] Start processing HTTP request GET https://www.googleapis.com/customsearch/v1?q=HVDC&key=AIzaSyCD8iVcQYMZJM4MYKDaYFDAg0iBHzAwAaQ&cx=50edacb13c3074780&num=5
2026-02-10 11:04:00.097 +03:00 [INF] Sending HTTP request GET https://www.googleapis.com/customsearch/v1?q=HVDC&key=AIzaSyCD8iVcQYMZJM4MYKDaYFDAg0iBHzAwAaQ&cx=50edacb13c3074780&num=5
2026-02-10 11:04:04.061 +03:00 [INF] Received HTTP response headers after 3962.4692ms - 403
2026-02-10 11:04:04.061 +03:00 [INF] End processing HTTP request after 3966.9399ms - 403
2026-02-10 11:04:04.063 +03:00 [ERR] Error searching with Google for keyword: HVDC
System.Net.Http.HttpRequestException: Response status code does not indicate success: 403 (Forbidden).
   at System.Net.Http.HttpResponseMessage.EnsureSuccessStatusCode()
   at Alfanar.MarketIntel.Application.Services.GoogleSearchService.SearchAsync(WebSearchRequestDto request) in D:\Storage Market Intel\Alfanar.MarketIntel\Alfanar.MarketIntel.Application\Services\GoogleSearchService.cs:line 67
2026-02-10 11:04:04.067 +03:00 [ERR] Error performing web search for: HVDC
System.Net.Http.HttpRequestException: Response status code does not indicate success: 403 (Forbidden).
   at System.Net.Http.HttpResponseMessage.EnsureSuccessStatusCode()
   at Alfanar.MarketIntel.Application.Services.GoogleSearchService.SearchAsync(WebSearchRequestDto request) in D:\Storage Market Intel\Alfanar.MarketIntel\Alfanar.MarketIntel.Application\Services\GoogleSearchService.cs:line 67
   at Alfanar.MarketIntel.Application.Services.WebSearchService.SearchAsync(WebSearchRequestDto request) in D:\Storage Market Intel\Alfanar.MarketIntel\Alfanar.MarketIntel.Application\Services\WebSearchService.cs:line 55
2026-02-10 11:04:04.070 +03:00 [INF] Executing BadRequestObjectResult, writing value of type '<>f__AnonymousType2`1[[System.String, System.Private.CoreLib, Version=8.0.0.0, Culture=neutral, PublicKeyToken=7cec85d7bea7798e]]'.
2026-02-10 11:04:04.073 +03:00 [INF] Executed action Alfanar.MarketIntel.Api.Controllers.WebSearchController.SearchAsync (Alfanar.MarketIntel.Api) in 3995.6549ms
2026-02-10 11:04:04.073 +03:00 [INF] Executed endpoint 'Alfanar.MarketIntel.Api.Controllers.WebSearchController.SearchAsync (Alfanar.MarketIntel.Api)'
2026-02-10 11:04:04.074 +03:00 [INF] HTTP POST /api/web-search/search responded 400 in 4008.4854 ms
2026-02-10 11:04:04.075 +03:00 [INF] Request finished HTTP/1.1 POST http://localhost:5021/api/web-search/search - 400 null application/json; charset=utf-8 4011.0139ms
2026-02-10 12:27:31.396 +03:00 [INF] Executed DbCommand (7ms) [Parameters=[], CommandType='"Text"', CommandTimeout='30']
SELECT 1 {"EventId":{"Id":20101,"Name":"Microsoft.EntityFrameworkCore.Database.Command.CommandExecuted"},"SourceContext":"Microsoft.EntityFrameworkCore.Database.Command"}
2026-02-10 12:27:31.427 +03:00 [INF] Executed DbCommand (6ms) [Parameters=[], CommandType='"Text"', CommandTimeout='30']
SELECT OBJECT_ID(N'[__EFMigrationsHistory]'); {"EventId":{"Id":20101,"Name":"Microsoft.EntityFrameworkCore.Database.Command.CommandExecuted"},"SourceContext":"Microsoft.EntityFrameworkCore.Database.Command"}
2026-02-10 12:27:31.429 +03:00 [INF] Executed DbCommand (1ms) [Parameters=[], CommandType='"Text"', CommandTimeout='30']
SELECT 1 {"EventId":{"Id":20101,"Name":"Microsoft.EntityFrameworkCore.Database.Command.CommandExecuted"},"SourceContext":"Microsoft.EntityFrameworkCore.Database.Command"}
2026-02-10 12:27:31.430 +03:00 [INF] Executed DbCommand (0ms) [Parameters=[], CommandType='"Text"', CommandTimeout='30']
SELECT OBJECT_ID(N'[__EFMigrationsHistory]'); {"EventId":{"Id":20101,"Name":"Microsoft.EntityFrameworkCore.Database.Command.CommandExecuted"},"SourceContext":"Microsoft.EntityFrameworkCore.Database.Command"}
2026-02-10 12:27:31.442 +03:00 [INF] Executed DbCommand (6ms) [Parameters=[], CommandType='"Text"', CommandTimeout='30']
SELECT [MigrationId], [ProductVersion]
FROM [__EFMigrationsHistory]
ORDER BY [MigrationId]; {"EventId":{"Id":20101,"Name":"Microsoft.EntityFrameworkCore.Database.Command.CommandExecuted"},"SourceContext":"Microsoft.EntityFrameworkCore.Database.Command"}
2026-02-10 12:27:31.459 +03:00 [INF] No migrations were applied. The database is already up to date. {"EventId":{"Id":20405,"Name":"Microsoft.EntityFrameworkCore.Migrations.MigrationsNotApplied"},"SourceContext":"Microsoft.EntityFrameworkCore.Migrations"}
2026-02-10 12:27:31.460 +03:00 [INF] Database migration completed successfully {}
2026-02-10 12:27:31.462 +03:00 [INF] Market Intelligence API starting... {}
2026-02-10 12:27:31.484 +03:00 [INF] Now listening on: http://localhost:5021 {"EventId":{"Id":14,"Name":"ListeningOnAddress"},"SourceContext":"Microsoft.Hosting.Lifetime"}
2026-02-10 12:27:31.485 +03:00 [INF] Application started. Press Ctrl+C to shut down. {"SourceContext":"Microsoft.Hosting.Lifetime"}
2026-02-10 12:27:31.485 +03:00 [INF] Hosting environment: Development {"SourceContext":"Microsoft.Hosting.Lifetime"}
2026-02-10 12:27:31.486 +03:00 [INF] Content root path: D:\Storage Market Intel\Alfanar.MarketIntel\Alfanar.MarketIntel.Api {"SourceContext":"Microsoft.Hosting.Lifetime"}
2026-02-10 12:28:29.799 +03:00 [INF] Request starting HTTP/1.1 GET http://localhost:5021/swagger/index.html - null null {"EventId":{"Id":1},"SourceContext":"Microsoft.AspNetCore.Hosting.Diagnostics","RequestId":"0HNJ8GR085HRE:00000001","RequestPath":"/swagger/index.html","ConnectionId":"0HNJ8GR085HRE"}
2026-02-10 12:28:29.844 +03:00 [INF] HTTP GET /swagger/index.html responded 200 in 30.7538 ms {"SourceContext":"Serilog.AspNetCore.RequestLoggingMiddleware","RequestId":"0HNJ8GR085HRE:00000001","ConnectionId":"0HNJ8GR085HRE"}
2026-02-10 12:28:29.846 +03:00 [INF] Request finished HTTP/1.1 GET http://localhost:5021/swagger/index.html - 200 null text/html;charset=utf-8 46.9506ms {"EventId":{"Id":2},"SourceContext":"Microsoft.AspNetCore.Hosting.Diagnostics","RequestId":"0HNJ8GR085HRE:00000001","RequestPath":"/swagger/index.html","ConnectionId":"0HNJ8GR085HRE"}
